{"/Users/damienaltman/Desktop/projet_perso/alarm-v2/aurora-wake/App.tsx": {"path":"/Users/damienaltman/Desktop/projet_perso/alarm-v2/aurora-wake/App.tsx","statementMap":{"0":{"start":{"line":13,"column":30},"end":{"line":13,"column":53}},"1":{"start":{"line":16,"column":0},"end":{"line":40,"column":3}},"2":{"start":{"line":17,"column":2},"end":{"line":39,"column":3}},"3":{"start":{"line":19,"column":26},"end":{"line":19,"column":57}},"4":{"start":{"line":20,"column":4},"end":{"line":23,"column":5}},"5":{"start":{"line":22,"column":6},"end":{"line":22,"column":58}},"6":{"start":{"line":26,"column":19},"end":{"line":26,"column":49}},"7":{"start":{"line":28,"column":4},"end":{"line":33,"column":5}},"8":{"start":{"line":29,"column":6},"end":{"line":32,"column":7}},"9":{"start":{"line":31,"column":8},"end":{"line":31,"column":54}},"10":{"start":{"line":35,"column":4},"end":{"line":35,"column":57}},"11":{"start":{"line":37,"column":4},"end":{"line":37,"column":66}},"12":{"start":{"line":38,"column":4},"end":{"line":38,"column":56}},"13":{"start":{"line":44,"column":2},"end":{"line":90,"column":9}},"14":{"start":{"line":45,"column":26},"end":{"line":57,"column":5}},"15":{"start":{"line":46,"column":6},"end":{"line":56,"column":7}},"16":{"start":{"line":48,"column":23},"end":{"line":48,"column":53}},"17":{"start":{"line":49,"column":8},"end":{"line":53,"column":9}},"18":{"start":{"line":50,"column":10},"end":{"line":52,"column":11}},"19":{"start":{"line":51,"column":12},"end":{"line":51,"column":50}},"20":{"start":{"line":55,"column":8},"end":{"line":55,"column":84}},"21":{"start":{"line":60,"column":35},"end":{"line":70,"column":5}},"22":{"start":{"line":61,"column":6},"end":{"line":69,"column":7}},"23":{"start":{"line":62,"column":8},"end":{"line":66,"column":11}},"24":{"start":{"line":68,"column":8},"end":{"line":68,"column":94}},"25":{"start":{"line":73,"column":33},"end":{"line":79,"column":5}},"26":{"start":{"line":74,"column":6},"end":{"line":78,"column":7}},"27":{"start":{"line":77,"column":8},"end":{"line":77,"column":24}},"28":{"start":{"line":81,"column":33},"end":{"line":81,"column":90}},"29":{"start":{"line":84,"column":4},"end":{"line":84,"column":20}},"30":{"start":{"line":85,"column":4},"end":{"line":85,"column":29}},"31":{"start":{"line":87,"column":4},"end":{"line":89,"column":6}},"32":{"start":{"line":88,"column":6},"end":{"line":88,"column":36}},"33":{"start":{"line":93,"column":2},"end":{"line":98,"column":9}},"34":{"start":{"line":94,"column":4},"end":{"line":97,"column":6}},"35":{"start":{"line":96,"column":6},"end":{"line":96,"column":29}},"36":{"start":{"line":100,"column":2},"end":{"line":111,"column":4}}},"fnMap":{"0":{"name":"(anonymous_0)","decl":{"start":{"line":16,"column":46},"end":{"line":16,"column":47}},"loc":{"start":{"line":16,"column":58},"end":{"line":40,"column":1}},"line":16},"1":{"name":"App","decl":{"start":{"line":42,"column":24},"end":{"line":42,"column":27}},"loc":{"start":{"line":42,"column":30},"end":{"line":112,"column":1}},"line":42},"2":{"name":"(anonymous_2)","decl":{"start":{"line":44,"column":12},"end":{"line":44,"column":13}},"loc":{"start":{"line":44,"column":18},"end":{"line":90,"column":3}},"line":44},"3":{"name":"(anonymous_3)","decl":{"start":{"line":45,"column":26},"end":{"line":45,"column":27}},"loc":{"start":{"line":45,"column":38},"end":{"line":57,"column":5}},"line":45},"4":{"name":"(anonymous_4)","decl":{"start":{"line":60,"column":35},"end":{"line":60,"column":36}},"loc":{"start":{"line":60,"column":47},"end":{"line":70,"column":5}},"line":60},"5":{"name":"(anonymous_5)","decl":{"start":{"line":73,"column":33},"end":{"line":73,"column":34}},"loc":{"start":{"line":73,"column":67},"end":{"line":79,"column":5}},"line":73},"6":{"name":"(anonymous_6)","decl":{"start":{"line":87,"column":11},"end":{"line":87,"column":12}},"loc":{"start":{"line":87,"column":17},"end":{"line":89,"column":5}},"line":87},"7":{"name":"(anonymous_7)","decl":{"start":{"line":93,"column":12},"end":{"line":93,"column":13}},"loc":{"start":{"line":93,"column":18},"end":{"line":98,"column":3}},"line":93},"8":{"name":"(anonymous_8)","decl":{"start":{"line":94,"column":11},"end":{"line":94,"column":12}},"loc":{"start":{"line":94,"column":17},"end":{"line":97,"column":5}},"line":94}},"branchMap":{"0":{"loc":{"start":{"line":20,"column":4},"end":{"line":23,"column":5}},"type":"if","locations":[{"start":{"line":20,"column":4},"end":{"line":23,"column":5}},{"start":{},"end":{}}],"line":20},"1":{"loc":{"start":{"line":29,"column":6},"end":{"line":32,"column":7}},"type":"if","locations":[{"start":{"line":29,"column":6},"end":{"line":32,"column":7}},{"start":{},"end":{}}],"line":29},"2":{"loc":{"start":{"line":50,"column":10},"end":{"line":52,"column":11}},"type":"if","locations":[{"start":{"line":50,"column":10},"end":{"line":52,"column":11}},{"start":{},"end":{}}],"line":50},"3":{"loc":{"start":{"line":74,"column":6},"end":{"line":78,"column":7}},"type":"if","locations":[{"start":{"line":74,"column":6},"end":{"line":78,"column":7}},{"start":{},"end":{}}],"line":74}},"s":{"0":0,"1":0,"2":0,"3":0,"4":0,"5":0,"6":0,"7":0,"8":0,"9":0,"10":0,"11":0,"12":0,"13":0,"14":0,"15":0,"16":0,"17":0,"18":0,"19":0,"20":0,"21":0,"22":0,"23":0,"24":0,"25":0,"26":0,"27":0,"28":0,"29":0,"30":0,"31":0,"32":0,"33":0,"34":0,"35":0,"36":0},"f":{"0":0,"1":0,"2":0,"3":0,"4":0,"5":0,"6":0,"7":0,"8":0},"b":{"0":[0,0],"1":[0,0],"2":[0,0],"3":[0,0]}}
,"/Users/damienaltman/Desktop/projet_perso/alarm-v2/aurora-wake/index.ts": {"path":"/Users/damienaltman/Desktop/projet_perso/alarm-v2/aurora-wake/index.ts","statementMap":{"0":{"start":{"line":7,"column":0},"end":{"line":7,"column":27}}},"fnMap":{},"branchMap":{},"s":{"0":0},"f":{},"b":{}}
,"/Users/damienaltman/Desktop/projet_perso/alarm-v2/aurora-wake/src/api/radioApi.ts": {"path":"/Users/damienaltman/Desktop/projet_perso/alarm-v2/aurora-wake/src/api/radioApi.ts","statementMap":{"0":{"start":{"line":5,"column":20},"end":{"line":10,"column":1}},"1":{"start":{"line":13,"column":20},"end":{"line":16,"column":1}},"2":{"start":{"line":23,"column":51},"end":{"line":23,"column":53}},"3":{"start":{"line":26,"column":4},"end":{"line":26,"column":42}},"4":{"start":{"line":33,"column":29},"end":{"line":35,"column":5}},"5":{"start":{"line":34,"column":16},"end":{"line":34,"column":79}},"6":{"start":{"line":37,"column":4},"end":{"line":41,"column":5}},"7":{"start":{"line":39,"column":6},"end":{"line":39,"column":31}},"8":{"start":{"line":40,"column":6},"end":{"line":40,"column":28}},"9":{"start":{"line":43,"column":24},"end":{"line":43,"column":75}},"10":{"start":{"line":44,"column":4},"end":{"line":44,"column":41}},"11":{"start":{"line":52,"column":4},"end":{"line":52,"column":85}},"12":{"start":{"line":55,"column":4},"end":{"line":55,"column":42}},"13":{"start":{"line":56,"column":4},"end":{"line":56,"column":62}},"14":{"start":{"line":58,"column":4},"end":{"line":58,"column":24}},"15":{"start":{"line":68,"column":4},"end":{"line":116,"column":5}},"16":{"start":{"line":70,"column":26},"end":{"line":70,"column":47}},"17":{"start":{"line":71,"column":6},"end":{"line":75,"column":9}},"18":{"start":{"line":72,"column":8},"end":{"line":74,"column":9}},"19":{"start":{"line":73,"column":10},"end":{"line":73,"column":49}},"20":{"start":{"line":77,"column":18},"end":{"line":77,"column":72}},"21":{"start":{"line":80,"column":23},"end":{"line":83,"column":8}},"22":{"start":{"line":85,"column":6},"end":{"line":87,"column":7}},"23":{"start":{"line":86,"column":8},"end":{"line":86,"column":81}},"24":{"start":{"line":89,"column":6},"end":{"line":89,"column":40}},"25":{"start":{"line":92,"column":6},"end":{"line":92,"column":61}},"26":{"start":{"line":95,"column":6},"end":{"line":95,"column":26}},"27":{"start":{"line":98,"column":23},"end":{"line":98,"column":51}},"28":{"start":{"line":99,"column":6},"end":{"line":99,"column":58}},"29":{"start":{"line":101,"column":6},"end":{"line":115,"column":7}},"30":{"start":{"line":102,"column":30},"end":{"line":105,"column":10}},"31":{"start":{"line":107,"column":8},"end":{"line":109,"column":9}},"32":{"start":{"line":108,"column":10},"end":{"line":108,"column":101}},"33":{"start":{"line":111,"column":8},"end":{"line":111,"column":47}},"34":{"start":{"line":113,"column":8},"end":{"line":113,"column":79}},"35":{"start":{"line":114,"column":8},"end":{"line":114,"column":25}},"36":{"start":{"line":125,"column":4},"end":{"line":151,"column":5}},"37":{"start":{"line":126,"column":21},"end":{"line":126,"column":44}},"38":{"start":{"line":129,"column":48},"end":{"line":134,"column":7}},"39":{"start":{"line":137,"column":6},"end":{"line":145,"column":7}},"40":{"start":{"line":138,"column":8},"end":{"line":138,"column":40}},"41":{"start":{"line":139,"column":13},"end":{"line":145,"column":7}},"42":{"start":{"line":140,"column":8},"end":{"line":140,"column":46}},"43":{"start":{"line":141,"column":8},"end":{"line":141,"column":84}},"44":{"start":{"line":142,"column":13},"end":{"line":145,"column":7}},"45":{"start":{"line":143,"column":8},"end":{"line":143,"column":38}},"46":{"start":{"line":144,"column":8},"end":{"line":144,"column":76}},"47":{"start":{"line":147,"column":6},"end":{"line":147,"column":77}},"48":{"start":{"line":149,"column":6},"end":{"line":149,"column":74}},"49":{"start":{"line":150,"column":6},"end":{"line":150,"column":16}},"50":{"start":{"line":159,"column":4},"end":{"line":167,"column":5}},"51":{"start":{"line":160,"column":24},"end":{"line":160,"column":77}},"52":{"start":{"line":161,"column":6},"end":{"line":163,"column":57}},"53":{"start":{"line":162,"column":27},"end":{"line":162,"column":51}},"54":{"start":{"line":163,"column":24},"end":{"line":163,"column":55}},"55":{"start":{"line":165,"column":6},"end":{"line":165,"column":72}},"56":{"start":{"line":166,"column":6},"end":{"line":166,"column":16}},"57":{"start":{"line":175,"column":4},"end":{"line":184,"column":5}},"58":{"start":{"line":176,"column":19},"end":{"line":176,"column":63}},"59":{"start":{"line":177,"column":6},"end":{"line":180,"column":23}},"60":{"start":{"line":178,"column":23},"end":{"line":178,"column":44}},"61":{"start":{"line":179,"column":24},"end":{"line":179,"column":55}},"62":{"start":{"line":182,"column":6},"end":{"line":182,"column":67}},"63":{"start":{"line":183,"column":6},"end":{"line":183,"column":16}},"64":{"start":{"line":189,"column":24},"end":{"line":189,"column":38}}},"fnMap":{"0":{"name":"(anonymous_0)","decl":{"start":{"line":25,"column":2},"end":{"line":25,"column":3}},"loc":{"start":{"line":25,"column":16},"end":{"line":27,"column":3}},"line":25},"1":{"name":"(anonymous_1)","decl":{"start":{"line":32,"column":2},"end":{"line":32,"column":3}},"loc":{"start":{"line":32,"column":36},"end":{"line":45,"column":3}},"line":32},"2":{"name":"(anonymous_2)","decl":{"start":{"line":34,"column":6},"end":{"line":34,"column":7}},"loc":{"start":{"line":34,"column":16},"end":{"line":34,"column":79}},"line":34},"3":{"name":"(anonymous_3)","decl":{"start":{"line":50,"column":2},"end":{"line":50,"column":3}},"loc":{"start":{"line":50,"column":33},"end":{"line":59,"column":3}},"line":50},"4":{"name":"(anonymous_4)","decl":{"start":{"line":67,"column":2},"end":{"line":67,"column":3}},"loc":{"start":{"line":67,"column":96},"end":{"line":117,"column":3}},"line":67},"5":{"name":"(anonymous_5)","decl":{"start":{"line":71,"column":37},"end":{"line":71,"column":38}},"loc":{"start":{"line":71,"column":55},"end":{"line":75,"column":7}},"line":71},"6":{"name":"(anonymous_6)","decl":{"start":{"line":124,"column":2},"end":{"line":124,"column":3}},"loc":{"start":{"line":124,"column":75},"end":{"line":152,"column":3}},"line":124},"7":{"name":"(anonymous_7)","decl":{"start":{"line":158,"column":2},"end":{"line":158,"column":3}},"loc":{"start":{"line":158,"column":43},"end":{"line":168,"column":3}},"line":158},"8":{"name":"(anonymous_8)","decl":{"start":{"line":162,"column":16},"end":{"line":162,"column":17}},"loc":{"start":{"line":162,"column":27},"end":{"line":162,"column":51}},"line":162},"9":{"name":"(anonymous_9)","decl":{"start":{"line":163,"column":14},"end":{"line":163,"column":15}},"loc":{"start":{"line":163,"column":24},"end":{"line":163,"column":55}},"line":163},"10":{"name":"(anonymous_10)","decl":{"start":{"line":174,"column":2},"end":{"line":174,"column":3}},"loc":{"start":{"line":174,"column":34},"end":{"line":185,"column":3}},"line":174},"11":{"name":"(anonymous_11)","decl":{"start":{"line":178,"column":16},"end":{"line":178,"column":17}},"loc":{"start":{"line":178,"column":23},"end":{"line":178,"column":44}},"line":178},"12":{"name":"(anonymous_12)","decl":{"start":{"line":179,"column":14},"end":{"line":179,"column":15}},"loc":{"start":{"line":179,"column":24},"end":{"line":179,"column":55}},"line":179}},"branchMap":{"0":{"loc":{"start":{"line":34,"column":16},"end":{"line":34,"column":79}},"type":"binary-expr","locations":[{"start":{"line":34,"column":16},"end":{"line":34,"column":44}},{"start":{"line":34,"column":48},"end":{"line":34,"column":79}}],"line":34},"1":{"loc":{"start":{"line":37,"column":4},"end":{"line":41,"column":5}},"type":"if","locations":[{"start":{"line":37,"column":4},"end":{"line":41,"column":5}},{"start":{},"end":{}}],"line":37},"2":{"loc":{"start":{"line":52,"column":41},"end":{"line":52,"column":79}},"type":"binary-expr","locations":[{"start":{"line":52,"column":41},"end":{"line":52,"column":74}},{"start":{"line":52,"column":78},"end":{"line":52,"column":79}}],"line":52},"3":{"loc":{"start":{"line":67,"column":50},"end":{"line":67,"column":82}},"type":"default-arg","locations":[{"start":{"line":67,"column":80},"end":{"line":67,"column":82}}],"line":67},"4":{"loc":{"start":{"line":72,"column":8},"end":{"line":74,"column":9}},"type":"if","locations":[{"start":{"line":72,"column":8},"end":{"line":74,"column":9}},{"start":{},"end":{}}],"line":72},"5":{"loc":{"start":{"line":72,"column":12},"end":{"line":72,"column":49}},"type":"binary-expr","locations":[{"start":{"line":72,"column":12},"end":{"line":72,"column":31}},{"start":{"line":72,"column":35},"end":{"line":72,"column":49}}],"line":72},"6":{"loc":{"start":{"line":85,"column":6},"end":{"line":87,"column":7}},"type":"if","locations":[{"start":{"line":85,"column":6},"end":{"line":87,"column":7}},{"start":{},"end":{}}],"line":85},"7":{"loc":{"start":{"line":107,"column":8},"end":{"line":109,"column":9}},"type":"if","locations":[{"start":{"line":107,"column":8},"end":{"line":109,"column":9}},{"start":{},"end":{}}],"line":107},"8":{"loc":{"start":{"line":130,"column":15},"end":{"line":130,"column":34}},"type":"binary-expr","locations":[{"start":{"line":130,"column":15},"end":{"line":130,"column":27}},{"start":{"line":130,"column":31},"end":{"line":130,"column":34}}],"line":130},"9":{"loc":{"start":{"line":137,"column":6},"end":{"line":145,"column":7}},"type":"if","locations":[{"start":{"line":137,"column":6},"end":{"line":145,"column":7}},{"start":{"line":139,"column":13},"end":{"line":145,"column":7}}],"line":137},"10":{"loc":{"start":{"line":139,"column":13},"end":{"line":145,"column":7}},"type":"if","locations":[{"start":{"line":139,"column":13},"end":{"line":145,"column":7}},{"start":{"line":142,"column":13},"end":{"line":145,"column":7}}],"line":139},"11":{"loc":{"start":{"line":142,"column":13},"end":{"line":145,"column":7}},"type":"if","locations":[{"start":{"line":142,"column":13},"end":{"line":145,"column":7}},{"start":{},"end":{}}],"line":142}},"s":{"0":0,"1":0,"2":0,"3":0,"4":0,"5":0,"6":0,"7":0,"8":0,"9":0,"10":0,"11":0,"12":0,"13":0,"14":0,"15":0,"16":0,"17":0,"18":0,"19":0,"20":0,"21":0,"22":0,"23":0,"24":0,"25":0,"26":0,"27":0,"28":0,"29":0,"30":0,"31":0,"32":0,"33":0,"34":0,"35":0,"36":0,"37":0,"38":0,"39":0,"40":0,"41":0,"42":0,"43":0,"44":0,"45":0,"46":0,"47":0,"48":0,"49":0,"50":0,"51":0,"52":0,"53":0,"54":0,"55":0,"56":0,"57":0,"58":0,"59":0,"60":0,"61":0,"62":0,"63":0,"64":0},"f":{"0":0,"1":0,"2":0,"3":0,"4":0,"5":0,"6":0,"7":0,"8":0,"9":0,"10":0,"11":0,"12":0},"b":{"0":[0,0],"1":[0,0],"2":[0,0],"3":[0],"4":[0,0],"5":[0,0],"6":[0,0],"7":[0,0],"8":[0,0],"9":[0,0],"10":[0,0],"11":[0,0]}}
,"/Users/damienaltman/Desktop/projet_perso/alarm-v2/aurora-wake/src/components/AlarmItem.tsx": {"path":"/Users/damienaltman/Desktop/projet_perso/alarm-v2/aurora-wake/src/components/AlarmItem.tsx","statementMap":{"0":{"start":{"line":11,"column":19},"end":{"line":11,"column":68}},"1":{"start":{"line":13,"column":51},"end":{"line":79,"column":1}},"2":{"start":{"line":15,"column":21},"end":{"line":18,"column":3}},"3":{"start":{"line":16,"column":29},"end":{"line":16,"column":44}},"4":{"start":{"line":17,"column":4},"end":{"line":17,"column":33}},"5":{"start":{"line":21,"column":21},"end":{"line":33,"column":3}},"6":{"start":{"line":22,"column":4},"end":{"line":32,"column":5}},"7":{"start":{"line":23,"column":6},"end":{"line":23,"column":30}},"8":{"start":{"line":24,"column":11},"end":{"line":32,"column":5}},"9":{"start":{"line":25,"column":6},"end":{"line":25,"column":24}},"10":{"start":{"line":26,"column":11},"end":{"line":32,"column":5}},"11":{"start":{"line":27,"column":6},"end":{"line":27,"column":32}},"12":{"start":{"line":28,"column":11},"end":{"line":32,"column":5}},"13":{"start":{"line":29,"column":6},"end":{"line":29,"column":25}},"14":{"start":{"line":31,"column":6},"end":{"line":31,"column":57}},"15":{"start":{"line":31,"column":29},"end":{"line":31,"column":44}},"16":{"start":{"line":36,"column":23},"end":{"line":38,"column":3}},"17":{"start":{"line":37,"column":4},"end":{"line":37,"column":39}},"18":{"start":{"line":40,"column":2},"end":{"line":78,"column":4}},"19":{"start":{"line":43,"column":21},"end":{"line":43,"column":35}},"20":{"start":{"line":81,"column":15},"end":{"line":130,"column":2}}},"fnMap":{"0":{"name":"(anonymous_0)","decl":{"start":{"line":13,"column":51},"end":{"line":13,"column":52}},"loc":{"start":{"line":13,"column":85},"end":{"line":79,"column":1}},"line":13},"1":{"name":"(anonymous_1)","decl":{"start":{"line":15,"column":21},"end":{"line":15,"column":22}},"loc":{"start":{"line":15,"column":47},"end":{"line":18,"column":3}},"line":15},"2":{"name":"(anonymous_2)","decl":{"start":{"line":21,"column":21},"end":{"line":21,"column":22}},"loc":{"start":{"line":21,"column":49},"end":{"line":33,"column":3}},"line":21},"3":{"name":"(anonymous_3)","decl":{"start":{"line":31,"column":22},"end":{"line":31,"column":23}},"loc":{"start":{"line":31,"column":29},"end":{"line":31,"column":44}},"line":31},"4":{"name":"(anonymous_4)","decl":{"start":{"line":36,"column":23},"end":{"line":36,"column":24}},"loc":{"start":{"line":36,"column":29},"end":{"line":38,"column":3}},"line":36},"5":{"name":"(anonymous_5)","decl":{"start":{"line":43,"column":15},"end":{"line":43,"column":16}},"loc":{"start":{"line":43,"column":21},"end":{"line":43,"column":35}},"line":43}},"branchMap":{"0":{"loc":{"start":{"line":22,"column":4},"end":{"line":32,"column":5}},"type":"if","locations":[{"start":{"line":22,"column":4},"end":{"line":32,"column":5}},{"start":{"line":24,"column":11},"end":{"line":32,"column":5}}],"line":22},"1":{"loc":{"start":{"line":24,"column":11},"end":{"line":32,"column":5}},"type":"if","locations":[{"start":{"line":24,"column":11},"end":{"line":32,"column":5}},{"start":{"line":26,"column":11},"end":{"line":32,"column":5}}],"line":24},"2":{"loc":{"start":{"line":26,"column":11},"end":{"line":32,"column":5}},"type":"if","locations":[{"start":{"line":26,"column":11},"end":{"line":32,"column":5}},{"start":{"line":28,"column":11},"end":{"line":32,"column":5}}],"line":26},"3":{"loc":{"start":{"line":26,"column":15},"end":{"line":26,"column":74}},"type":"binary-expr","locations":[{"start":{"line":26,"column":15},"end":{"line":26,"column":32}},{"start":{"line":26,"column":36},"end":{"line":26,"column":53}},{"start":{"line":26,"column":57},"end":{"line":26,"column":74}}],"line":26},"4":{"loc":{"start":{"line":28,"column":11},"end":{"line":32,"column":5}},"type":"if","locations":[{"start":{"line":28,"column":11},"end":{"line":32,"column":5}},{"start":{"line":30,"column":11},"end":{"line":32,"column":5}}],"line":28},"5":{"loc":{"start":{"line":28,"column":15},"end":{"line":28,"column":72}},"type":"binary-expr","locations":[{"start":{"line":28,"column":15},"end":{"line":28,"column":32}},{"start":{"line":28,"column":36},"end":{"line":28,"column":52}},{"start":{"line":28,"column":56},"end":{"line":28,"column":72}}],"line":28},"6":{"loc":{"start":{"line":42,"column":32},"end":{"line":42,"column":65}},"type":"binary-expr","locations":[{"start":{"line":42,"column":32},"end":{"line":42,"column":46}},{"start":{"line":42,"column":50},"end":{"line":42,"column":65}}],"line":42},"7":{"loc":{"start":{"line":47,"column":35},"end":{"line":47,"column":72}},"type":"binary-expr","locations":[{"start":{"line":47,"column":35},"end":{"line":47,"column":49}},{"start":{"line":47,"column":53},"end":{"line":47,"column":72}}],"line":47},"8":{"loc":{"start":{"line":52,"column":11},"end":{"line":56,"column":11}},"type":"binary-expr","locations":[{"start":{"line":52,"column":11},"end":{"line":52,"column":22}},{"start":{"line":53,"column":12},"end":{"line":55,"column":19}}],"line":52},"9":{"loc":{"start":{"line":53,"column":40},"end":{"line":53,"column":77}},"type":"binary-expr","locations":[{"start":{"line":53,"column":40},"end":{"line":53,"column":54}},{"start":{"line":53,"column":58},"end":{"line":53,"column":77}}],"line":53},"10":{"loc":{"start":{"line":58,"column":37},"end":{"line":58,"column":74}},"type":"binary-expr","locations":[{"start":{"line":58,"column":37},"end":{"line":58,"column":51}},{"start":{"line":58,"column":55},"end":{"line":58,"column":74}}],"line":58},"11":{"loc":{"start":{"line":62,"column":11},"end":{"line":66,"column":11}},"type":"binary-expr","locations":[{"start":{"line":62,"column":11},"end":{"line":62,"column":29}},{"start":{"line":63,"column":12},"end":{"line":65,"column":19}}],"line":62},"12":{"loc":{"start":{"line":63,"column":40},"end":{"line":63,"column":77}},"type":"binary-expr","locations":[{"start":{"line":63,"column":40},"end":{"line":63,"column":54}},{"start":{"line":63,"column":58},"end":{"line":63,"column":77}}],"line":63},"13":{"loc":{"start":{"line":74,"column":20},"end":{"line":74,"column":57}},"type":"cond-expr","locations":[{"start":{"line":74,"column":36},"end":{"line":74,"column":45}},{"start":{"line":74,"column":48},"end":{"line":74,"column":57}}],"line":74}},"s":{"0":0,"1":0,"2":0,"3":0,"4":0,"5":0,"6":0,"7":0,"8":0,"9":0,"10":0,"11":0,"12":0,"13":0,"14":0,"15":0,"16":0,"17":0,"18":0,"19":0,"20":0},"f":{"0":0,"1":0,"2":0,"3":0,"4":0,"5":0},"b":{"0":[0,0],"1":[0,0],"2":[0,0],"3":[0,0,0],"4":[0,0],"5":[0,0,0],"6":[0,0],"7":[0,0],"8":[0,0],"9":[0,0],"10":[0,0],"11":[0,0],"12":[0,0],"13":[0,0]}}
,"/Users/damienaltman/Desktop/projet_perso/alarm-v2/aurora-wake/src/components/AnimatedSwitch.tsx": {"path":"/Users/damienaltman/Desktop/projet_perso/alarm-v2/aurora-wake/src/components/AnimatedSwitch.tsx","statementMap":{"0":{"start":{"line":18,"column":61},"end":{"line":77,"column":1}},"1":{"start":{"line":24,"column":20},"end":{"line":24,"column":30}},"2":{"start":{"line":25,"column":26},"end":{"line":25,"column":69}},"3":{"start":{"line":28,"column":2},"end":{"line":34,"column":29}},"4":{"start":{"line":29,"column":4},"end":{"line":33,"column":15}},"5":{"start":{"line":37,"column":35},"end":{"line":40,"column":4}},"6":{"start":{"line":42,"column":30},"end":{"line":45,"column":4}},"7":{"start":{"line":48,"column":23},"end":{"line":52,"column":3}},"8":{"start":{"line":49,"column":4},"end":{"line":51,"column":5}},"9":{"start":{"line":50,"column":6},"end":{"line":50,"column":28}},"10":{"start":{"line":54,"column":2},"end":{"line":76,"column":4}},"11":{"start":{"line":79,"column":15},"end":{"line":105,"column":2}}},"fnMap":{"0":{"name":"(anonymous_0)","decl":{"start":{"line":18,"column":61},"end":{"line":18,"column":62}},"loc":{"start":{"line":23,"column":6},"end":{"line":77,"column":1}},"line":23},"1":{"name":"(anonymous_1)","decl":{"start":{"line":28,"column":18},"end":{"line":28,"column":19}},"loc":{"start":{"line":28,"column":24},"end":{"line":34,"column":3}},"line":28},"2":{"name":"(anonymous_2)","decl":{"start":{"line":48,"column":23},"end":{"line":48,"column":24}},"loc":{"start":{"line":48,"column":29},"end":{"line":52,"column":3}},"line":48}},"branchMap":{"0":{"loc":{"start":{"line":21,"column":2},"end":{"line":21,"column":18}},"type":"default-arg","locations":[{"start":{"line":21,"column":13},"end":{"line":21,"column":18}}],"line":21},"1":{"loc":{"start":{"line":25,"column":54},"end":{"line":25,"column":67}},"type":"cond-expr","locations":[{"start":{"line":25,"column":62},"end":{"line":25,"column":63}},{"start":{"line":25,"column":66},"end":{"line":25,"column":67}}],"line":25},"2":{"loc":{"start":{"line":30,"column":15},"end":{"line":30,"column":28}},"type":"cond-expr","locations":[{"start":{"line":30,"column":23},"end":{"line":30,"column":24}},{"start":{"line":30,"column":27},"end":{"line":30,"column":28}}],"line":30},"3":{"loc":{"start":{"line":49,"column":4},"end":{"line":51,"column":5}},"type":"if","locations":[{"start":{"line":49,"column":4},"end":{"line":51,"column":5}},{"start":{},"end":{}}],"line":49},"4":{"loc":{"start":{"line":56,"column":45},"end":{"line":56,"column":72}},"type":"binary-expr","locations":[{"start":{"line":56,"column":45},"end":{"line":56,"column":53}},{"start":{"line":56,"column":57},"end":{"line":56,"column":72}}],"line":56}},"s":{"0":0,"1":0,"2":0,"3":0,"4":0,"5":0,"6":0,"7":0,"8":0,"9":0,"10":0,"11":0},"f":{"0":0,"1":0,"2":0},"b":{"0":[0],"1":[0,0],"2":[0,0],"3":[0,0],"4":[0,0]}}
,"/Users/damienaltman/Desktop/projet_perso/alarm-v2/aurora-wake/src/components/DaySelector.tsx": {"path":"/Users/damienaltman/Desktop/projet_perso/alarm-v2/aurora-wake/src/components/DaySelector.tsx","statementMap":{"0":{"start":{"line":9,"column":19},"end":{"line":17,"column":1}},"1":{"start":{"line":19,"column":55},"end":{"line":99,"column":1}},"2":{"start":{"line":21,"column":24},"end":{"line":23,"column":3}},"3":{"start":{"line":22,"column":4},"end":{"line":22,"column":40}},"4":{"start":{"line":26,"column":20},"end":{"line":34,"column":3}},"5":{"start":{"line":27,"column":4},"end":{"line":33,"column":5}},"6":{"start":{"line":29,"column":6},"end":{"line":29,"column":56}},"7":{"start":{"line":29,"column":41},"end":{"line":29,"column":53}},"8":{"start":{"line":32,"column":6},"end":{"line":32,"column":48}},"9":{"start":{"line":37,"column":24},"end":{"line":39,"column":3}},"10":{"start":{"line":38,"column":4},"end":{"line":38,"column":36}},"11":{"start":{"line":42,"column":25},"end":{"line":44,"column":3}},"12":{"start":{"line":43,"column":4},"end":{"line":43,"column":30}},"13":{"start":{"line":47,"column":25},"end":{"line":49,"column":3}},"14":{"start":{"line":48,"column":4},"end":{"line":48,"column":21}},"15":{"start":{"line":52,"column":25},"end":{"line":54,"column":3}},"16":{"start":{"line":53,"column":4},"end":{"line":53,"column":17}},"17":{"start":{"line":56,"column":2},"end":{"line":98,"column":4}},"18":{"start":{"line":60,"column":10},"end":{"line":76,"column":29}},"19":{"start":{"line":66,"column":27},"end":{"line":66,"column":44}},"20":{"start":{"line":101,"column":15},"end":{"line":145,"column":2}}},"fnMap":{"0":{"name":"(anonymous_0)","decl":{"start":{"line":19,"column":55},"end":{"line":19,"column":56}},"loc":{"start":{"line":19,"column":87},"end":{"line":99,"column":1}},"line":19},"1":{"name":"(anonymous_1)","decl":{"start":{"line":21,"column":24},"end":{"line":21,"column":25}},"loc":{"start":{"line":21,"column":52},"end":{"line":23,"column":3}},"line":21},"2":{"name":"(anonymous_2)","decl":{"start":{"line":26,"column":20},"end":{"line":26,"column":21}},"loc":{"start":{"line":26,"column":45},"end":{"line":34,"column":3}},"line":26},"3":{"name":"(anonymous_3)","decl":{"start":{"line":29,"column":35},"end":{"line":29,"column":36}},"loc":{"start":{"line":29,"column":41},"end":{"line":29,"column":53}},"line":29},"4":{"name":"(anonymous_4)","decl":{"start":{"line":37,"column":24},"end":{"line":37,"column":25}},"loc":{"start":{"line":37,"column":36},"end":{"line":39,"column":3}},"line":37},"5":{"name":"(anonymous_5)","decl":{"start":{"line":42,"column":25},"end":{"line":42,"column":26}},"loc":{"start":{"line":42,"column":37},"end":{"line":44,"column":3}},"line":42},"6":{"name":"(anonymous_6)","decl":{"start":{"line":47,"column":25},"end":{"line":47,"column":26}},"loc":{"start":{"line":47,"column":37},"end":{"line":49,"column":3}},"line":47},"7":{"name":"(anonymous_7)","decl":{"start":{"line":52,"column":25},"end":{"line":52,"column":26}},"loc":{"start":{"line":52,"column":37},"end":{"line":54,"column":3}},"line":52},"8":{"name":"(anonymous_8)","decl":{"start":{"line":59,"column":24},"end":{"line":59,"column":25}},"loc":{"start":{"line":60,"column":10},"end":{"line":76,"column":29}},"line":60},"9":{"name":"(anonymous_9)","decl":{"start":{"line":66,"column":21},"end":{"line":66,"column":22}},"loc":{"start":{"line":66,"column":27},"end":{"line":66,"column":44}},"line":66}},"branchMap":{"0":{"loc":{"start":{"line":27,"column":4},"end":{"line":33,"column":5}},"type":"if","locations":[{"start":{"line":27,"column":4},"end":{"line":33,"column":5}},{"start":{"line":30,"column":11},"end":{"line":33,"column":5}}],"line":27},"1":{"loc":{"start":{"line":64,"column":14},"end":{"line":64,"column":57}},"type":"binary-expr","locations":[{"start":{"line":64,"column":14},"end":{"line":64,"column":35}},{"start":{"line":64,"column":39},"end":{"line":64,"column":57}}],"line":64},"2":{"loc":{"start":{"line":71,"column":16},"end":{"line":71,"column":63}},"type":"binary-expr","locations":[{"start":{"line":71,"column":16},"end":{"line":71,"column":37}},{"start":{"line":71,"column":41},"end":{"line":71,"column":63}}],"line":71}},"s":{"0":0,"1":0,"2":0,"3":0,"4":0,"5":0,"6":0,"7":0,"8":0,"9":0,"10":0,"11":0,"12":0,"13":0,"14":0,"15":0,"16":0,"17":0,"18":0,"19":0,"20":0},"f":{"0":0,"1":0,"2":0,"3":0,"4":0,"5":0,"6":0,"7":0,"8":0,"9":0},"b":{"0":[0,0],"1":[0,0],"2":[0,0]}}
,"/Users/damienaltman/Desktop/projet_perso/alarm-v2/aurora-wake/src/components/FavoriteRadioList.tsx": {"path":"/Users/damienaltman/Desktop/projet_perso/alarm-v2/aurora-wake/src/components/FavoriteRadioList.tsx","statementMap":{"0":{"start":{"line":20,"column":67},"end":{"line":85,"column":1}},"1":{"start":{"line":24,"column":20},"end":{"line":24,"column":30}},"2":{"start":{"line":25,"column":40},"end":{"line":25,"column":50}},"3":{"start":{"line":26,"column":42},"end":{"line":26,"column":57}},"4":{"start":{"line":29,"column":24},"end":{"line":35,"column":3}},"5":{"start":{"line":30,"column":4},"end":{"line":30,"column":26}},"6":{"start":{"line":32,"column":4},"end":{"line":34,"column":13}},"7":{"start":{"line":33,"column":6},"end":{"line":33,"column":29}},"8":{"start":{"line":38,"column":26},"end":{"line":61,"column":3}},"9":{"start":{"line":39,"column":4},"end":{"line":48,"column":5}},"10":{"start":{"line":40,"column":6},"end":{"line":47,"column":8}},"11":{"start":{"line":50,"column":4},"end":{"line":60,"column":6}},"12":{"start":{"line":63,"column":2},"end":{"line":84,"column":4}},"13":{"start":{"line":67,"column":32},"end":{"line":67,"column":48}},"14":{"start":{"line":69,"column":10},"end":{"line":73,"column":12}},"15":{"start":{"line":87,"column":15},"end":{"line":140,"column":2}}},"fnMap":{"0":{"name":"(anonymous_0)","decl":{"start":{"line":20,"column":67},"end":{"line":20,"column":68}},"loc":{"start":{"line":23,"column":6},"end":{"line":85,"column":1}},"line":23},"1":{"name":"(anonymous_1)","decl":{"start":{"line":29,"column":24},"end":{"line":29,"column":25}},"loc":{"start":{"line":29,"column":36},"end":{"line":35,"column":3}},"line":29},"2":{"name":"(anonymous_2)","decl":{"start":{"line":32,"column":15},"end":{"line":32,"column":16}},"loc":{"start":{"line":32,"column":21},"end":{"line":34,"column":5}},"line":32},"3":{"name":"(anonymous_3)","decl":{"start":{"line":38,"column":26},"end":{"line":38,"column":27}},"loc":{"start":{"line":38,"column":32},"end":{"line":61,"column":3}},"line":38},"4":{"name":"(anonymous_4)","decl":{"start":{"line":67,"column":22},"end":{"line":67,"column":23}},"loc":{"start":{"line":67,"column":32},"end":{"line":67,"column":48}},"line":67},"5":{"name":"(anonymous_5)","decl":{"start":{"line":68,"column":20},"end":{"line":68,"column":21}},"loc":{"start":{"line":69,"column":10},"end":{"line":73,"column":12}},"line":69}},"branchMap":{"0":{"loc":{"start":{"line":39,"column":4},"end":{"line":48,"column":5}},"type":"if","locations":[{"start":{"line":39,"column":4},"end":{"line":48,"column":5}},{"start":{},"end":{}}],"line":39},"1":{"loc":{"start":{"line":77,"column":10},"end":{"line":77,"column":59}},"type":"binary-expr","locations":[{"start":{"line":77,"column":10},"end":{"line":77,"column":32}},{"start":{"line":77,"column":36},"end":{"line":77,"column":59}}],"line":77}},"s":{"0":0,"1":0,"2":0,"3":0,"4":0,"5":0,"6":0,"7":0,"8":0,"9":0,"10":0,"11":0,"12":0,"13":0,"14":0,"15":0},"f":{"0":0,"1":0,"2":0,"3":0,"4":0,"5":0},"b":{"0":[0,0],"1":[0,0]}}
,"/Users/damienaltman/Desktop/projet_perso/alarm-v2/aurora-wake/src/components/RadioSearch.tsx": {"path":"/Users/damienaltman/Desktop/projet_perso/alarm-v2/aurora-wake/src/components/RadioSearch.tsx","statementMap":{"0":{"start":{"line":25,"column":55},"end":{"line":404,"column":1}},"1":{"start":{"line":29,"column":20},"end":{"line":29,"column":30}},"2":{"start":{"line":40,"column":6},"end":{"line":40,"column":16}},"3":{"start":{"line":42,"column":38},"end":{"line":42,"column":66}},"4":{"start":{"line":43,"column":40},"end":{"line":43,"column":52}},"5":{"start":{"line":44,"column":34},"end":{"line":44,"column":62}},"6":{"start":{"line":45,"column":36},"end":{"line":45,"column":59}},"7":{"start":{"line":46,"column":26},"end":{"line":46,"column":45}},"8":{"start":{"line":47,"column":36},"end":{"line":47,"column":51}},"9":{"start":{"line":48,"column":28},"end":{"line":48,"column":57}},"10":{"start":{"line":51,"column":2},"end":{"line":54,"column":9}},"11":{"start":{"line":52,"column":4},"end":{"line":52,"column":24}},"12":{"start":{"line":53,"column":4},"end":{"line":53,"column":19}},"13":{"start":{"line":57,"column":2},"end":{"line":62,"column":19}},"14":{"start":{"line":59,"column":4},"end":{"line":59,"column":20}},"15":{"start":{"line":60,"column":4},"end":{"line":60,"column":19}},"16":{"start":{"line":61,"column":4},"end":{"line":61,"column":23}},"17":{"start":{"line":65,"column":28},"end":{"line":77,"column":3}},"18":{"start":{"line":66,"column":4},"end":{"line":76,"column":5}},"19":{"start":{"line":67,"column":6},"end":{"line":67,"column":25}},"20":{"start":{"line":68,"column":28},"end":{"line":68,"column":49}},"21":{"start":{"line":70,"column":6},"end":{"line":70,"column":82}},"22":{"start":{"line":70,"column":48},"end":{"line":70,"column":79}},"23":{"start":{"line":72,"column":6},"end":{"line":72,"column":66}},"24":{"start":{"line":73,"column":6},"end":{"line":73,"column":59}},"25":{"start":{"line":75,"column":6},"end":{"line":75,"column":26}},"26":{"start":{"line":80,"column":23},"end":{"line":92,"column":3}},"27":{"start":{"line":81,"column":4},"end":{"line":91,"column":5}},"28":{"start":{"line":82,"column":6},"end":{"line":82,"column":25}},"29":{"start":{"line":83,"column":23},"end":{"line":83,"column":39}},"30":{"start":{"line":85,"column":6},"end":{"line":85,"column":86}},"31":{"start":{"line":85,"column":38},"end":{"line":85,"column":69}},"32":{"start":{"line":87,"column":6},"end":{"line":87,"column":66}},"33":{"start":{"line":88,"column":6},"end":{"line":88,"column":59}},"34":{"start":{"line":90,"column":6},"end":{"line":90,"column":26}},"35":{"start":{"line":95,"column":24},"end":{"line":136,"column":3}},"36":{"start":{"line":96,"column":4},"end":{"line":99,"column":5}},"37":{"start":{"line":98,"column":6},"end":{"line":98,"column":13}},"38":{"start":{"line":101,"column":4},"end":{"line":104,"column":5}},"39":{"start":{"line":102,"column":6},"end":{"line":102,"column":78}},"40":{"start":{"line":103,"column":6},"end":{"line":103,"column":13}},"41":{"start":{"line":106,"column":4},"end":{"line":106,"column":23}},"42":{"start":{"line":107,"column":4},"end":{"line":107,"column":19}},"43":{"start":{"line":108,"column":4},"end":{"line":108,"column":20}},"44":{"start":{"line":110,"column":4},"end":{"line":135,"column":5}},"45":{"start":{"line":111,"column":36},"end":{"line":111,"column":38}},"46":{"start":{"line":113,"column":6},"end":{"line":123,"column":7}},"47":{"start":{"line":115,"column":10},"end":{"line":115,"column":64}},"48":{"start":{"line":116,"column":10},"end":{"line":116,"column":16}},"49":{"start":{"line":118,"column":10},"end":{"line":118,"column":67}},"50":{"start":{"line":119,"column":10},"end":{"line":119,"column":16}},"51":{"start":{"line":121,"column":10},"end":{"line":121,"column":63}},"52":{"start":{"line":122,"column":10},"end":{"line":122,"column":16}},"53":{"start":{"line":125,"column":6},"end":{"line":125,"column":27}},"54":{"start":{"line":127,"column":6},"end":{"line":129,"column":7}},"55":{"start":{"line":128,"column":8},"end":{"line":128,"column":83}},"56":{"start":{"line":131,"column":6},"end":{"line":131,"column":57}},"57":{"start":{"line":132,"column":6},"end":{"line":132,"column":84}},"58":{"start":{"line":134,"column":6},"end":{"line":134,"column":26}},"59":{"start":{"line":139,"column":24},"end":{"line":142,"column":3}},"60":{"start":{"line":140,"column":4},"end":{"line":140,"column":33}},"61":{"start":{"line":141,"column":4},"end":{"line":141,"column":20}},"62":{"start":{"line":145,"column":20},"end":{"line":148,"column":3}},"63":{"start":{"line":146,"column":4},"end":{"line":146,"column":29}},"64":{"start":{"line":147,"column":4},"end":{"line":147,"column":20}},"65":{"start":{"line":151,"column":31},"end":{"line":247,"column":3}},"66":{"start":{"line":152,"column":4},"end":{"line":246,"column":6}},"67":{"start":{"line":162,"column":25},"end":{"line":162,"column":46}},"68":{"start":{"line":185,"column":25},"end":{"line":185,"column":49}},"69":{"start":{"line":208,"column":25},"end":{"line":208,"column":45}},"70":{"start":{"line":231,"column":25},"end":{"line":231,"column":51}},"71":{"start":{"line":250,"column":24},"end":{"line":368,"column":3}},"72":{"start":{"line":252,"column":4},"end":{"line":259,"column":5}},"73":{"start":{"line":253,"column":6},"end":{"line":258,"column":8}},"74":{"start":{"line":261,"column":4},"end":{"line":270,"column":5}},"75":{"start":{"line":262,"column":6},"end":{"line":269,"column":8}},"76":{"start":{"line":272,"column":4},"end":{"line":280,"column":5}},"77":{"start":{"line":273,"column":6},"end":{"line":279,"column":8}},"78":{"start":{"line":282,"column":4},"end":{"line":297,"column":5}},"79":{"start":{"line":283,"column":6},"end":{"line":296,"column":8}},"80":{"start":{"line":286,"column":34},"end":{"line":286,"column":50}},"81":{"start":{"line":288,"column":12},"end":{"line":292,"column":14}},"82":{"start":{"line":300,"column":4},"end":{"line":367,"column":5}},"83":{"start":{"line":302,"column":8},"end":{"line":326,"column":10}},"84":{"start":{"line":305,"column":36},"end":{"line":305,"column":45}},"85":{"start":{"line":307,"column":14},"end":{"line":317,"column":33}},"86":{"start":{"line":309,"column":31},"end":{"line":309,"column":50}},"87":{"start":{"line":329,"column":8},"end":{"line":353,"column":10}},"88":{"start":{"line":332,"column":36},"end":{"line":332,"column":45}},"89":{"start":{"line":334,"column":14},"end":{"line":344,"column":33}},"90":{"start":{"line":336,"column":31},"end":{"line":336,"column":46}},"91":{"start":{"line":356,"column":8},"end":{"line":366,"column":10}},"92":{"start":{"line":370,"column":2},"end":{"line":403,"column":4}},"93":{"start":{"line":406,"column":15},"end":{"line":522,"column":2}}},"fnMap":{"0":{"name":"(anonymous_0)","decl":{"start":{"line":25,"column":55},"end":{"line":25,"column":56}},"loc":{"start":{"line":28,"column":6},"end":{"line":404,"column":1}},"line":28},"1":{"name":"(anonymous_1)","decl":{"start":{"line":51,"column":12},"end":{"line":51,"column":13}},"loc":{"start":{"line":51,"column":18},"end":{"line":54,"column":3}},"line":51},"2":{"name":"(anonymous_2)","decl":{"start":{"line":57,"column":12},"end":{"line":57,"column":13}},"loc":{"start":{"line":57,"column":18},"end":{"line":62,"column":3}},"line":57},"3":{"name":"(anonymous_3)","decl":{"start":{"line":65,"column":28},"end":{"line":65,"column":29}},"loc":{"start":{"line":65,"column":55},"end":{"line":77,"column":3}},"line":65},"4":{"name":"(anonymous_4)","decl":{"start":{"line":70,"column":38},"end":{"line":70,"column":39}},"loc":{"start":{"line":70,"column":48},"end":{"line":70,"column":79}},"line":70},"5":{"name":"(anonymous_5)","decl":{"start":{"line":80,"column":23},"end":{"line":80,"column":24}},"loc":{"start":{"line":80,"column":50},"end":{"line":92,"column":3}},"line":80},"6":{"name":"(anonymous_6)","decl":{"start":{"line":85,"column":28},"end":{"line":85,"column":29}},"loc":{"start":{"line":85,"column":38},"end":{"line":85,"column":69}},"line":85},"7":{"name":"(anonymous_7)","decl":{"start":{"line":95,"column":24},"end":{"line":95,"column":25}},"loc":{"start":{"line":95,"column":36},"end":{"line":136,"column":3}},"line":95},"8":{"name":"(anonymous_8)","decl":{"start":{"line":139,"column":24},"end":{"line":139,"column":25}},"loc":{"start":{"line":139,"column":52},"end":{"line":142,"column":3}},"line":139},"9":{"name":"(anonymous_9)","decl":{"start":{"line":145,"column":20},"end":{"line":145,"column":21}},"loc":{"start":{"line":145,"column":40},"end":{"line":148,"column":3}},"line":145},"10":{"name":"(anonymous_10)","decl":{"start":{"line":151,"column":31},"end":{"line":151,"column":32}},"loc":{"start":{"line":151,"column":37},"end":{"line":247,"column":3}},"line":151},"11":{"name":"(anonymous_11)","decl":{"start":{"line":162,"column":19},"end":{"line":162,"column":20}},"loc":{"start":{"line":162,"column":25},"end":{"line":162,"column":46}},"line":162},"12":{"name":"(anonymous_12)","decl":{"start":{"line":185,"column":19},"end":{"line":185,"column":20}},"loc":{"start":{"line":185,"column":25},"end":{"line":185,"column":49}},"line":185},"13":{"name":"(anonymous_13)","decl":{"start":{"line":208,"column":19},"end":{"line":208,"column":20}},"loc":{"start":{"line":208,"column":25},"end":{"line":208,"column":45}},"line":208},"14":{"name":"(anonymous_14)","decl":{"start":{"line":231,"column":19},"end":{"line":231,"column":20}},"loc":{"start":{"line":231,"column":25},"end":{"line":231,"column":51}},"line":231},"15":{"name":"(anonymous_15)","decl":{"start":{"line":250,"column":24},"end":{"line":250,"column":25}},"loc":{"start":{"line":250,"column":43},"end":{"line":368,"column":3}},"line":250},"16":{"name":"(anonymous_16)","decl":{"start":{"line":286,"column":24},"end":{"line":286,"column":25}},"loc":{"start":{"line":286,"column":34},"end":{"line":286,"column":50}},"line":286},"17":{"name":"(anonymous_17)","decl":{"start":{"line":287,"column":22},"end":{"line":287,"column":23}},"loc":{"start":{"line":288,"column":12},"end":{"line":292,"column":14}},"line":288},"18":{"name":"(anonymous_18)","decl":{"start":{"line":305,"column":26},"end":{"line":305,"column":27}},"loc":{"start":{"line":305,"column":36},"end":{"line":305,"column":45}},"line":305},"19":{"name":"(anonymous_19)","decl":{"start":{"line":306,"column":24},"end":{"line":306,"column":25}},"loc":{"start":{"line":307,"column":14},"end":{"line":317,"column":33}},"line":307},"20":{"name":"(anonymous_20)","decl":{"start":{"line":309,"column":25},"end":{"line":309,"column":26}},"loc":{"start":{"line":309,"column":31},"end":{"line":309,"column":50}},"line":309},"21":{"name":"(anonymous_21)","decl":{"start":{"line":332,"column":26},"end":{"line":332,"column":27}},"loc":{"start":{"line":332,"column":36},"end":{"line":332,"column":45}},"line":332},"22":{"name":"(anonymous_22)","decl":{"start":{"line":333,"column":24},"end":{"line":333,"column":25}},"loc":{"start":{"line":334,"column":14},"end":{"line":344,"column":33}},"line":334},"23":{"name":"(anonymous_23)","decl":{"start":{"line":336,"column":25},"end":{"line":336,"column":26}},"loc":{"start":{"line":336,"column":31},"end":{"line":336,"column":46}},"line":336}},"branchMap":{"0":{"loc":{"start":{"line":96,"column":4},"end":{"line":99,"column":5}},"type":"if","locations":[{"start":{"line":96,"column":4},"end":{"line":99,"column":5}},{"start":{},"end":{}}],"line":96},"1":{"loc":{"start":{"line":101,"column":4},"end":{"line":104,"column":5}},"type":"if","locations":[{"start":{"line":101,"column":4},"end":{"line":104,"column":5}},{"start":{},"end":{}}],"line":101},"2":{"loc":{"start":{"line":101,"column":8},"end":{"line":101,"column":55}},"type":"binary-expr","locations":[{"start":{"line":101,"column":8},"end":{"line":101,"column":27}},{"start":{"line":101,"column":31},"end":{"line":101,"column":55}}],"line":101},"3":{"loc":{"start":{"line":113,"column":6},"end":{"line":123,"column":7}},"type":"switch","locations":[{"start":{"line":114,"column":8},"end":{"line":116,"column":16}},{"start":{"line":117,"column":8},"end":{"line":119,"column":16}},{"start":{"line":120,"column":8},"end":{"line":122,"column":16}}],"line":113},"4":{"loc":{"start":{"line":127,"column":6},"end":{"line":129,"column":7}},"type":"if","locations":[{"start":{"line":127,"column":6},"end":{"line":129,"column":7}},{"start":{},"end":{}}],"line":127},"5":{"loc":{"start":{"line":157,"column":12},"end":{"line":160,"column":13}},"type":"binary-expr","locations":[{"start":{"line":157,"column":12},"end":{"line":157,"column":33}},{"start":{"line":157,"column":37},"end":{"line":160,"column":13}}],"line":157},"6":{"loc":{"start":{"line":167,"column":14},"end":{"line":170,"column":15}},"type":"binary-expr","locations":[{"start":{"line":167,"column":14},"end":{"line":167,"column":35}},{"start":{"line":167,"column":39},"end":{"line":170,"column":15}}],"line":167},"7":{"loc":{"start":{"line":180,"column":12},"end":{"line":183,"column":13}},"type":"binary-expr","locations":[{"start":{"line":180,"column":12},"end":{"line":180,"column":36}},{"start":{"line":180,"column":40},"end":{"line":183,"column":13}}],"line":180},"8":{"loc":{"start":{"line":190,"column":14},"end":{"line":193,"column":15}},"type":"binary-expr","locations":[{"start":{"line":190,"column":14},"end":{"line":190,"column":38}},{"start":{"line":190,"column":42},"end":{"line":193,"column":15}}],"line":190},"9":{"loc":{"start":{"line":203,"column":12},"end":{"line":206,"column":13}},"type":"binary-expr","locations":[{"start":{"line":203,"column":12},"end":{"line":203,"column":32}},{"start":{"line":203,"column":36},"end":{"line":206,"column":13}}],"line":203},"10":{"loc":{"start":{"line":213,"column":14},"end":{"line":216,"column":15}},"type":"binary-expr","locations":[{"start":{"line":213,"column":14},"end":{"line":213,"column":34}},{"start":{"line":213,"column":38},"end":{"line":216,"column":15}}],"line":213},"11":{"loc":{"start":{"line":226,"column":12},"end":{"line":229,"column":13}},"type":"binary-expr","locations":[{"start":{"line":226,"column":12},"end":{"line":226,"column":38}},{"start":{"line":226,"column":42},"end":{"line":229,"column":13}}],"line":226},"12":{"loc":{"start":{"line":236,"column":14},"end":{"line":239,"column":15}},"type":"binary-expr","locations":[{"start":{"line":236,"column":14},"end":{"line":236,"column":40}},{"start":{"line":236,"column":44},"end":{"line":239,"column":15}}],"line":236},"13":{"loc":{"start":{"line":252,"column":4},"end":{"line":259,"column":5}},"type":"if","locations":[{"start":{"line":252,"column":4},"end":{"line":259,"column":5}},{"start":{},"end":{}}],"line":252},"14":{"loc":{"start":{"line":261,"column":4},"end":{"line":270,"column":5}},"type":"if","locations":[{"start":{"line":261,"column":4},"end":{"line":270,"column":5}},{"start":{},"end":{}}],"line":261},"15":{"loc":{"start":{"line":272,"column":4},"end":{"line":280,"column":5}},"type":"if","locations":[{"start":{"line":272,"column":4},"end":{"line":280,"column":5}},{"start":{},"end":{}}],"line":272},"16":{"loc":{"start":{"line":282,"column":4},"end":{"line":297,"column":5}},"type":"if","locations":[{"start":{"line":282,"column":4},"end":{"line":297,"column":5}},{"start":{},"end":{}}],"line":282},"17":{"loc":{"start":{"line":300,"column":4},"end":{"line":367,"column":5}},"type":"switch","locations":[{"start":{"line":301,"column":6},"end":{"line":326,"column":10}},{"start":{"line":328,"column":6},"end":{"line":353,"column":10}},{"start":{"line":355,"column":6},"end":{"line":366,"column":10}}],"line":300},"18":{"loc":{"start":{"line":359,"column":15},"end":{"line":363,"column":49}},"type":"cond-expr","locations":[{"start":{"line":360,"column":18},"end":{"line":360,"column":51}},{"start":{"line":361,"column":18},"end":{"line":363,"column":49}}],"line":359},"19":{"loc":{"start":{"line":361,"column":18},"end":{"line":363,"column":49}},"type":"cond-expr","locations":[{"start":{"line":362,"column":18},"end":{"line":362,"column":40}},{"start":{"line":363,"column":18},"end":{"line":363,"column":49}}],"line":361},"20":{"loc":{"start":{"line":374,"column":7},"end":{"line":399,"column":7}},"type":"binary-expr","locations":[{"start":{"line":374,"column":7},"end":{"line":374,"column":33}},{"start":{"line":375,"column":8},"end":{"line":398,"column":15}}],"line":374},"21":{"loc":{"start":{"line":379,"column":14},"end":{"line":383,"column":51}},"type":"cond-expr","locations":[{"start":{"line":380,"column":18},"end":{"line":380,"column":52}},{"start":{"line":381,"column":18},"end":{"line":383,"column":51}}],"line":379},"22":{"loc":{"start":{"line":381,"column":18},"end":{"line":383,"column":51}},"type":"cond-expr","locations":[{"start":{"line":382,"column":18},"end":{"line":382,"column":42}},{"start":{"line":383,"column":18},"end":{"line":383,"column":51}}],"line":381}},"s":{"0":0,"1":0,"2":0,"3":0,"4":0,"5":0,"6":0,"7":0,"8":0,"9":0,"10":0,"11":0,"12":0,"13":0,"14":0,"15":0,"16":0,"17":0,"18":0,"19":0,"20":0,"21":0,"22":0,"23":0,"24":0,"25":0,"26":0,"27":0,"28":0,"29":0,"30":0,"31":0,"32":0,"33":0,"34":0,"35":0,"36":0,"37":0,"38":0,"39":0,"40":0,"41":0,"42":0,"43":0,"44":0,"45":0,"46":0,"47":0,"48":0,"49":0,"50":0,"51":0,"52":0,"53":0,"54":0,"55":0,"56":0,"57":0,"58":0,"59":0,"60":0,"61":0,"62":0,"63":0,"64":0,"65":0,"66":0,"67":0,"68":0,"69":0,"70":0,"71":0,"72":0,"73":0,"74":0,"75":0,"76":0,"77":0,"78":0,"79":0,"80":0,"81":0,"82":0,"83":0,"84":0,"85":0,"86":0,"87":0,"88":0,"89":0,"90":0,"91":0,"92":0,"93":0},"f":{"0":0,"1":0,"2":0,"3":0,"4":0,"5":0,"6":0,"7":0,"8":0,"9":0,"10":0,"11":0,"12":0,"13":0,"14":0,"15":0,"16":0,"17":0,"18":0,"19":0,"20":0,"21":0,"22":0,"23":0},"b":{"0":[0,0],"1":[0,0],"2":[0,0],"3":[0,0,0],"4":[0,0],"5":[0,0],"6":[0,0],"7":[0,0],"8":[0,0],"9":[0,0],"10":[0,0],"11":[0,0],"12":[0,0],"13":[0,0],"14":[0,0],"15":[0,0],"16":[0,0],"17":[0,0,0],"18":[0,0],"19":[0,0],"20":[0,0],"21":[0,0],"22":[0,0]}}
,"/Users/damienaltman/Desktop/projet_perso/alarm-v2/aurora-wake/src/components/RadioStationItem.tsx": {"path":"/Users/damienaltman/Desktop/projet_perso/alarm-v2/aurora-wake/src/components/RadioStationItem.tsx","statementMap":{"0":{"start":{"line":14,"column":58},"end":{"line":266,"column":1}},"1":{"start":{"line":20,"column":28},"end":{"line":20,"column":38}},"2":{"start":{"line":21,"column":40},"end":{"line":21,"column":50}},"3":{"start":{"line":22,"column":79},"end":{"line":22,"column":89}},"4":{"start":{"line":24,"column":36},"end":{"line":24,"column":51}},"5":{"start":{"line":25,"column":36},"end":{"line":25,"column":51}},"6":{"start":{"line":26,"column":38},"end":{"line":26,"column":53}},"7":{"start":{"line":29,"column":2},"end":{"line":36,"column":45}},"8":{"start":{"line":30,"column":32},"end":{"line":33,"column":5}},"9":{"start":{"line":31,"column":29},"end":{"line":31,"column":71}},"10":{"start":{"line":32,"column":6},"end":{"line":32,"column":36}},"11":{"start":{"line":35,"column":4},"end":{"line":35,"column":26}},"12":{"start":{"line":39,"column":21},"end":{"line":55,"column":3}},"13":{"start":{"line":40,"column":4},"end":{"line":42,"column":5}},"14":{"start":{"line":41,"column":6},"end":{"line":41,"column":16}},"15":{"start":{"line":45,"column":4},"end":{"line":47,"column":5}},"16":{"start":{"line":46,"column":6},"end":{"line":46,"column":52}},"17":{"start":{"line":50,"column":4},"end":{"line":52,"column":5}},"18":{"start":{"line":51,"column":6},"end":{"line":51,"column":41}},"19":{"start":{"line":54,"column":4},"end":{"line":54,"column":14}},"20":{"start":{"line":58,"column":26},"end":{"line":58,"column":79}},"21":{"start":{"line":61,"column":18},"end":{"line":64,"column":3}},"22":{"start":{"line":67,"column":28},"end":{"line":87,"column":3}},"23":{"start":{"line":68,"column":4},"end":{"line":68,"column":30}},"24":{"start":{"line":70,"column":4},"end":{"line":86,"column":5}},"25":{"start":{"line":71,"column":6},"end":{"line":71,"column":25}},"26":{"start":{"line":73,"column":6},"end":{"line":81,"column":7}},"27":{"start":{"line":75,"column":8},"end":{"line":75,"column":28}},"28":{"start":{"line":76,"column":8},"end":{"line":76,"column":28}},"29":{"start":{"line":79,"column":8},"end":{"line":79,"column":49}},"30":{"start":{"line":80,"column":8},"end":{"line":80,"column":27}},"31":{"start":{"line":83,"column":6},"end":{"line":83,"column":69}},"32":{"start":{"line":85,"column":6},"end":{"line":85,"column":26}},"33":{"start":{"line":90,"column":31},"end":{"line":104,"column":3}},"34":{"start":{"line":91,"column":4},"end":{"line":91,"column":30}},"35":{"start":{"line":93,"column":4},"end":{"line":103,"column":5}},"36":{"start":{"line":94,"column":6},"end":{"line":98,"column":7}},"37":{"start":{"line":95,"column":8},"end":{"line":95,"column":55}},"38":{"start":{"line":97,"column":8},"end":{"line":97,"column":38}},"39":{"start":{"line":100,"column":6},"end":{"line":100,"column":33}},"40":{"start":{"line":102,"column":6},"end":{"line":102,"column":69}},"41":{"start":{"line":107,"column":24},"end":{"line":110,"column":3}},"42":{"start":{"line":108,"column":4},"end":{"line":108,"column":28}},"43":{"start":{"line":108,"column":18},"end":{"line":108,"column":28}},"44":{"start":{"line":109,"column":4},"end":{"line":109,"column":29}},"45":{"start":{"line":113,"column":20},"end":{"line":113,"column":55}},"46":{"start":{"line":115,"column":2},"end":{"line":265,"column":4}},"47":{"start":{"line":132,"column":21},"end":{"line":132,"column":37}},"48":{"start":{"line":211,"column":16},"end":{"line":218,"column":23}},"49":{"start":{"line":221,"column":16},"end":{"line":228,"column":23}},"50":{"start":{"line":268,"column":15},"end":{"line":377,"column":2}},"51":{"start":{"line":381,"column":2},"end":{"line":384,"column":4}}},"fnMap":{"0":{"name":"(anonymous_0)","decl":{"start":{"line":14,"column":58},"end":{"line":14,"column":59}},"loc":{"start":{"line":19,"column":6},"end":{"line":266,"column":1}},"line":19},"1":{"name":"(anonymous_1)","decl":{"start":{"line":29,"column":12},"end":{"line":29,"column":13}},"loc":{"start":{"line":29,"column":18},"end":{"line":36,"column":3}},"line":29},"2":{"name":"(anonymous_2)","decl":{"start":{"line":30,"column":32},"end":{"line":30,"column":33}},"loc":{"start":{"line":30,"column":44},"end":{"line":33,"column":5}},"line":30},"3":{"name":"(anonymous_3)","decl":{"start":{"line":39,"column":21},"end":{"line":39,"column":22}},"loc":{"start":{"line":39,"column":70},"end":{"line":55,"column":3}},"line":39},"4":{"name":"(anonymous_4)","decl":{"start":{"line":67,"column":28},"end":{"line":67,"column":29}},"loc":{"start":{"line":67,"column":68},"end":{"line":87,"column":3}},"line":67},"5":{"name":"(anonymous_5)","decl":{"start":{"line":90,"column":31},"end":{"line":90,"column":32}},"loc":{"start":{"line":90,"column":71},"end":{"line":104,"column":3}},"line":90},"6":{"name":"(anonymous_6)","decl":{"start":{"line":107,"column":24},"end":{"line":107,"column":25}},"loc":{"start":{"line":107,"column":54},"end":{"line":110,"column":3}},"line":107},"7":{"name":"(anonymous_7)","decl":{"start":{"line":132,"column":15},"end":{"line":132,"column":16}},"loc":{"start":{"line":132,"column":21},"end":{"line":132,"column":37}},"line":132},"8":{"name":"(anonymous_8)","decl":{"start":{"line":210,"column":54},"end":{"line":210,"column":55}},"loc":{"start":{"line":211,"column":16},"end":{"line":218,"column":23}},"line":211},"9":{"name":"(anonymous_9)","decl":{"start":{"line":220,"column":74},"end":{"line":220,"column":75}},"loc":{"start":{"line":221,"column":16},"end":{"line":228,"column":23}},"line":221},"10":{"name":"(anonymous_10)","decl":{"start":{"line":380,"column":38},"end":{"line":380,"column":39}},"loc":{"start":{"line":380,"column":64},"end":{"line":385,"column":1}},"line":380}},"branchMap":{"0":{"loc":{"start":{"line":17,"column":2},"end":{"line":17,"column":20}},"type":"default-arg","locations":[{"start":{"line":17,"column":15},"end":{"line":17,"column":20}}],"line":17},"1":{"loc":{"start":{"line":18,"column":2},"end":{"line":18,"column":21}},"type":"default-arg","locations":[{"start":{"line":18,"column":17},"end":{"line":18,"column":21}}],"line":18},"2":{"loc":{"start":{"line":40,"column":4},"end":{"line":42,"column":5}},"type":"if","locations":[{"start":{"line":40,"column":4},"end":{"line":42,"column":5}},{"start":{},"end":{}}],"line":40},"3":{"loc":{"start":{"line":45,"column":4},"end":{"line":47,"column":5}},"type":"if","locations":[{"start":{"line":45,"column":4},"end":{"line":47,"column":5}},{"start":{},"end":{}}],"line":45},"4":{"loc":{"start":{"line":50,"column":4},"end":{"line":52,"column":5}},"type":"if","locations":[{"start":{"line":50,"column":4},"end":{"line":52,"column":5}},{"start":{},"end":{}}],"line":50},"5":{"loc":{"start":{"line":50,"column":8},"end":{"line":50,"column":46}},"type":"binary-expr","locations":[{"start":{"line":50,"column":8},"end":{"line":50,"column":27}},{"start":{"line":50,"column":31},"end":{"line":50,"column":46}}],"line":50},"6":{"loc":{"start":{"line":58,"column":26},"end":{"line":58,"column":79}},"type":"binary-expr","locations":[{"start":{"line":58,"column":26},"end":{"line":58,"column":41}},{"start":{"line":58,"column":45},"end":{"line":58,"column":79}}],"line":58},"7":{"loc":{"start":{"line":61,"column":18},"end":{"line":64,"column":3}},"type":"binary-expr","locations":[{"start":{"line":61,"column":18},"end":{"line":61,"column":32}},{"start":{"line":62,"column":5},"end":{"line":62,"column":37}},{"start":{"line":62,"column":41},"end":{"line":62,"column":67}},{"start":{"line":63,"column":5},"end":{"line":63,"column":32}},{"start":{"line":63,"column":36},"end":{"line":63,"column":59}}],"line":61},"8":{"loc":{"start":{"line":73,"column":6},"end":{"line":81,"column":7}},"type":"if","locations":[{"start":{"line":73,"column":6},"end":{"line":81,"column":7}},{"start":{"line":77,"column":13},"end":{"line":81,"column":7}}],"line":73},"9":{"loc":{"start":{"line":94,"column":6},"end":{"line":98,"column":7}},"type":"if","locations":[{"start":{"line":94,"column":6},"end":{"line":98,"column":7}},{"start":{"line":96,"column":13},"end":{"line":98,"column":7}}],"line":94},"10":{"loc":{"start":{"line":108,"column":4},"end":{"line":108,"column":28}},"type":"if","locations":[{"start":{"line":108,"column":4},"end":{"line":108,"column":28}},{"start":{},"end":{}}],"line":108},"11":{"loc":{"start":{"line":113,"column":20},"end":{"line":113,"column":55}},"type":"binary-expr","locations":[{"start":{"line":113,"column":20},"end":{"line":113,"column":33}},{"start":{"line":113,"column":37},"end":{"line":113,"column":55}}],"line":113},"12":{"loc":{"start":{"line":121,"column":23},"end":{"line":121,"column":75}},"type":"cond-expr","locations":[{"start":{"line":121,"column":32},"end":{"line":121,"column":52}},{"start":{"line":121,"column":55},"end":{"line":121,"column":75}}],"line":121},"13":{"loc":{"start":{"line":123,"column":8},"end":{"line":129,"column":9}},"type":"binary-expr","locations":[{"start":{"line":123,"column":8},"end":{"line":123,"column":18}},{"start":{"line":123,"column":22},"end":{"line":129,"column":9}}],"line":123},"14":{"loc":{"start":{"line":130,"column":8},"end":{"line":130,"column":55}},"type":"cond-expr","locations":[{"start":{"line":130,"column":20},"end":{"line":130,"column":43}},{"start":{"line":130,"column":46},"end":{"line":130,"column":55}}],"line":130},"15":{"loc":{"start":{"line":136,"column":9},"end":{"line":149,"column":9}},"type":"cond-expr","locations":[{"start":{"line":137,"column":10},"end":{"line":141,"column":12}},{"start":{"line":143,"column":10},"end":{"line":148,"column":17}}],"line":136},"16":{"loc":{"start":{"line":145,"column":31},"end":{"line":145,"column":58}},"type":"cond-expr","locations":[{"start":{"line":145,"column":40},"end":{"line":145,"column":46}},{"start":{"line":145,"column":49},"end":{"line":145,"column":58}}],"line":145},"17":{"loc":{"start":{"line":162,"column":11},"end":{"line":166,"column":11}},"type":"binary-expr","locations":[{"start":{"line":162,"column":11},"end":{"line":162,"column":20}},{"start":{"line":163,"column":12},"end":{"line":165,"column":19}}],"line":162},"18":{"loc":{"start":{"line":170,"column":11},"end":{"line":180,"column":11}},"type":"binary-expr","locations":[{"start":{"line":170,"column":11},"end":{"line":170,"column":26}},{"start":{"line":171,"column":12},"end":{"line":179,"column":19}}],"line":170},"19":{"loc":{"start":{"line":182,"column":11},"end":{"line":192,"column":11}},"type":"binary-expr","locations":[{"start":{"line":182,"column":11},"end":{"line":182,"column":26}},{"start":{"line":183,"column":12},"end":{"line":191,"column":19}}],"line":182},"20":{"loc":{"start":{"line":194,"column":11},"end":{"line":204,"column":11}},"type":"binary-expr","locations":[{"start":{"line":194,"column":11},"end":{"line":194,"column":24}},{"start":{"line":195,"column":12},"end":{"line":203,"column":19}}],"line":194},"21":{"loc":{"start":{"line":207,"column":9},"end":{"line":232,"column":9}},"type":"binary-expr","locations":[{"start":{"line":207,"column":9},"end":{"line":207,"column":16}},{"start":{"line":208,"column":10},"end":{"line":231,"column":17}}],"line":207},"22":{"loc":{"start":{"line":209,"column":13},"end":{"line":229,"column":16}},"type":"cond-expr","locations":[{"start":{"line":210,"column":14},"end":{"line":219,"column":16}},{"start":{"line":220,"column":14},"end":{"line":229,"column":16}}],"line":209},"23":{"loc":{"start":{"line":220,"column":14},"end":{"line":229,"column":16}},"type":"binary-expr","locations":[{"start":{"line":220,"column":14},"end":{"line":220,"column":41}},{"start":{"line":220,"column":45},"end":{"line":229,"column":16}}],"line":220},"24":{"loc":{"start":{"line":235,"column":7},"end":{"line":263,"column":7}},"type":"binary-expr","locations":[{"start":{"line":235,"column":7},"end":{"line":235,"column":19}},{"start":{"line":236,"column":8},"end":{"line":262,"column":15}}],"line":235},"25":{"loc":{"start":{"line":242,"column":20},"end":{"line":242,"column":58}},"type":"cond-expr","locations":[{"start":{"line":242,"column":33},"end":{"line":242,"column":40}},{"start":{"line":242,"column":43},"end":{"line":242,"column":58}}],"line":242},"26":{"loc":{"start":{"line":252,"column":13},"end":{"line":260,"column":13}},"type":"cond-expr","locations":[{"start":{"line":253,"column":14},"end":{"line":253,"column":61}},{"start":{"line":255,"column":14},"end":{"line":259,"column":16}}],"line":252},"27":{"loc":{"start":{"line":256,"column":22},"end":{"line":256,"column":49}},"type":"cond-expr","locations":[{"start":{"line":256,"column":34},"end":{"line":256,"column":40}},{"start":{"line":256,"column":43},"end":{"line":256,"column":49}}],"line":256},"28":{"loc":{"start":{"line":382,"column":4},"end":{"line":383,"column":49}},"type":"binary-expr","locations":[{"start":{"line":382,"column":4},"end":{"line":382,"column":67}},{"start":{"line":383,"column":4},"end":{"line":383,"column":49}}],"line":382}},"s":{"0":0,"1":0,"2":0,"3":0,"4":0,"5":0,"6":0,"7":0,"8":0,"9":0,"10":0,"11":0,"12":0,"13":0,"14":0,"15":0,"16":0,"17":0,"18":0,"19":0,"20":0,"21":0,"22":0,"23":0,"24":0,"25":0,"26":0,"27":0,"28":0,"29":0,"30":0,"31":0,"32":0,"33":0,"34":0,"35":0,"36":0,"37":0,"38":0,"39":0,"40":0,"41":0,"42":0,"43":0,"44":0,"45":0,"46":0,"47":0,"48":0,"49":0,"50":0,"51":0},"f":{"0":0,"1":0,"2":0,"3":0,"4":0,"5":0,"6":0,"7":0,"8":0,"9":0,"10":0},"b":{"0":[0],"1":[0],"2":[0,0],"3":[0,0],"4":[0,0],"5":[0,0],"6":[0,0],"7":[0,0,0,0,0],"8":[0,0],"9":[0,0],"10":[0,0],"11":[0,0],"12":[0,0],"13":[0,0],"14":[0,0],"15":[0,0],"16":[0,0],"17":[0,0],"18":[0,0],"19":[0,0],"20":[0,0],"21":[0,0],"22":[0,0],"23":[0,0],"24":[0,0],"25":[0,0],"26":[0,0],"27":[0,0],"28":[0,0]}}
,"/Users/damienaltman/Desktop/projet_perso/alarm-v2/aurora-wake/src/components/TimeSelector.tsx": {"path":"/Users/damienaltman/Desktop/projet_perso/alarm-v2/aurora-wake/src/components/TimeSelector.tsx","statementMap":{"0":{"start":{"line":10,"column":57},"end":{"line":71,"column":1}},"1":{"start":{"line":12,"column":32},"end":{"line":17,"column":3}},"2":{"start":{"line":13,"column":29},"end":{"line":13,"column":62}},"3":{"start":{"line":14,"column":17},"end":{"line":14,"column":27}},"4":{"start":{"line":15,"column":4},"end":{"line":15,"column":40}},"5":{"start":{"line":16,"column":4},"end":{"line":16,"column":16}},"6":{"start":{"line":20,"column":26},"end":{"line":20,"column":69}},"7":{"start":{"line":23,"column":38},"end":{"line":23,"column":78}},"8":{"start":{"line":26,"column":27},"end":{"line":39,"column":3}},"9":{"start":{"line":27,"column":4},"end":{"line":29,"column":5}},"10":{"start":{"line":28,"column":6},"end":{"line":28,"column":27}},"11":{"start":{"line":31,"column":4},"end":{"line":38,"column":5}},"12":{"start":{"line":32,"column":6},"end":{"line":32,"column":28}},"13":{"start":{"line":35,"column":20},"end":{"line":35,"column":71}},"14":{"start":{"line":36,"column":22},"end":{"line":36,"column":75}},"15":{"start":{"line":37,"column":6},"end":{"line":37,"column":38}},"16":{"start":{"line":42,"column":25},"end":{"line":44,"column":3}},"17":{"start":{"line":43,"column":4},"end":{"line":43,"column":24}},"18":{"start":{"line":46,"column":2},"end":{"line":70,"column":4}},"19":{"start":{"line":73,"column":15},"end":{"line":97,"column":2}}},"fnMap":{"0":{"name":"(anonymous_0)","decl":{"start":{"line":10,"column":57},"end":{"line":10,"column":58}},"loc":{"start":{"line":10,"column":81},"end":{"line":71,"column":1}},"line":10},"1":{"name":"(anonymous_1)","decl":{"start":{"line":12,"column":32},"end":{"line":12,"column":33}},"loc":{"start":{"line":12,"column":62},"end":{"line":17,"column":3}},"line":12},"2":{"name":"(anonymous_2)","decl":{"start":{"line":26,"column":27},"end":{"line":26,"column":28}},"loc":{"start":{"line":26,"column":86},"end":{"line":39,"column":3}},"line":26},"3":{"name":"(anonymous_3)","decl":{"start":{"line":42,"column":25},"end":{"line":42,"column":26}},"loc":{"start":{"line":42,"column":37},"end":{"line":44,"column":3}},"line":42}},"branchMap":{"0":{"loc":{"start":{"line":27,"column":4},"end":{"line":29,"column":5}},"type":"if","locations":[{"start":{"line":27,"column":4},"end":{"line":29,"column":5}},{"start":{},"end":{}}],"line":27},"1":{"loc":{"start":{"line":31,"column":4},"end":{"line":38,"column":5}},"type":"if","locations":[{"start":{"line":31,"column":4},"end":{"line":38,"column":5}},{"start":{},"end":{}}],"line":31},"2":{"loc":{"start":{"line":50,"column":7},"end":{"line":57,"column":7}},"type":"binary-expr","locations":[{"start":{"line":50,"column":7},"end":{"line":50,"column":32}},{"start":{"line":51,"column":8},"end":{"line":56,"column":27}}],"line":50},"3":{"loc":{"start":{"line":59,"column":7},"end":{"line":68,"column":7}},"type":"binary-expr","locations":[{"start":{"line":59,"column":8},"end":{"line":59,"column":18}},{"start":{"line":59,"column":22},"end":{"line":59,"column":43}},{"start":{"line":60,"column":8},"end":{"line":67,"column":10}}],"line":59},"4":{"loc":{"start":{"line":64,"column":19},"end":{"line":64,"column":64}},"type":"cond-expr","locations":[{"start":{"line":64,"column":43},"end":{"line":64,"column":52}},{"start":{"line":64,"column":55},"end":{"line":64,"column":64}}],"line":64}},"s":{"0":0,"1":0,"2":0,"3":0,"4":0,"5":0,"6":0,"7":0,"8":0,"9":0,"10":0,"11":0,"12":0,"13":0,"14":0,"15":0,"16":0,"17":0,"18":0,"19":0},"f":{"0":0,"1":0,"2":0,"3":0},"b":{"0":[0,0],"1":[0,0],"2":[0,0],"3":[0,0,0],"4":[0,0]}}
,"/Users/damienaltman/Desktop/projet_perso/alarm-v2/aurora-wake/src/contexts/AlarmContext.tsx": {"path":"/Users/damienaltman/Desktop/projet_perso/alarm-v2/aurora-wake/src/contexts/AlarmContext.tsx","statementMap":{"0":{"start":{"line":22,"column":28},"end":{"line":22,"column":82}},"1":{"start":{"line":32,"column":59},"end":{"line":203,"column":1}},"2":{"start":{"line":33,"column":30},"end":{"line":33,"column":51}},"3":{"start":{"line":34,"column":44},"end":{"line":34,"column":73}},"4":{"start":{"line":35,"column":32},"end":{"line":35,"column":55}},"5":{"start":{"line":38,"column":21},"end":{"line":54,"column":3}},"6":{"start":{"line":39,"column":4},"end":{"line":53,"column":5}},"7":{"start":{"line":40,"column":6},"end":{"line":40,"column":23}},"8":{"start":{"line":41,"column":27},"end":{"line":41,"column":57}},"9":{"start":{"line":42,"column":6},"end":{"line":42,"column":30}},"10":{"start":{"line":45,"column":23},"end":{"line":45,"column":51}},"11":{"start":{"line":46,"column":6},"end":{"line":48,"column":7}},"12":{"start":{"line":47,"column":8},"end":{"line":47,"column":58}},"13":{"start":{"line":50,"column":6},"end":{"line":50,"column":75}},"14":{"start":{"line":52,"column":6},"end":{"line":52,"column":24}},"15":{"start":{"line":57,"column":2},"end":{"line":75,"column":22}},"16":{"start":{"line":58,"column":4},"end":{"line":58,"column":17}},"17":{"start":{"line":61,"column":37},"end":{"line":70,"column":12}},"18":{"start":{"line":62,"column":23},"end":{"line":62,"column":51}},"19":{"start":{"line":63,"column":30},"end":{"line":63,"column":61}},"20":{"start":{"line":65,"column":6},"end":{"line":69,"column":7}},"21":{"start":{"line":66,"column":8},"end":{"line":66,"column":42}},"22":{"start":{"line":67,"column":13},"end":{"line":69,"column":7}},"23":{"start":{"line":68,"column":8},"end":{"line":68,"column":31}},"24":{"start":{"line":72,"column":4},"end":{"line":74,"column":6}},"25":{"start":{"line":73,"column":6},"end":{"line":73,"column":46}},"26":{"start":{"line":78,"column":19},"end":{"line":87,"column":3}},"27":{"start":{"line":79,"column":4},"end":{"line":86,"column":5}},"28":{"start":{"line":80,"column":6},"end":{"line":80,"column":41}},"29":{"start":{"line":81,"column":6},"end":{"line":81,"column":25}},"30":{"start":{"line":82,"column":6},"end":{"line":82,"column":18}},"31":{"start":{"line":84,"column":6},"end":{"line":84,"column":73}},"32":{"start":{"line":85,"column":6},"end":{"line":85,"column":19}},"33":{"start":{"line":90,"column":22},"end":{"line":99,"column":3}},"34":{"start":{"line":91,"column":4},"end":{"line":98,"column":5}},"35":{"start":{"line":92,"column":6},"end":{"line":92,"column":44}},"36":{"start":{"line":93,"column":6},"end":{"line":93,"column":25}},"37":{"start":{"line":94,"column":6},"end":{"line":94,"column":18}},"38":{"start":{"line":96,"column":6},"end":{"line":96,"column":76}},"39":{"start":{"line":97,"column":6},"end":{"line":97,"column":19}},"40":{"start":{"line":102,"column":22},"end":{"line":111,"column":3}},"41":{"start":{"line":103,"column":4},"end":{"line":110,"column":5}},"42":{"start":{"line":104,"column":6},"end":{"line":104,"column":41}},"43":{"start":{"line":105,"column":6},"end":{"line":105,"column":25}},"44":{"start":{"line":106,"column":6},"end":{"line":106,"column":18}},"45":{"start":{"line":108,"column":6},"end":{"line":108,"column":76}},"46":{"start":{"line":109,"column":6},"end":{"line":109,"column":19}},"47":{"start":{"line":114,"column":22},"end":{"line":129,"column":3}},"48":{"start":{"line":115,"column":4},"end":{"line":128,"column":5}},"49":{"start":{"line":117,"column":28},"end":{"line":117,"column":57}},"50":{"start":{"line":117,"column":45},"end":{"line":117,"column":56}},"51":{"start":{"line":118,"column":6},"end":{"line":118,"column":39}},"52":{"start":{"line":118,"column":26},"end":{"line":118,"column":39}},"53":{"start":{"line":121,"column":27},"end":{"line":121,"column":56}},"54":{"start":{"line":122,"column":6},"end":{"line":122,"column":50}},"55":{"start":{"line":123,"column":6},"end":{"line":123,"column":25}},"56":{"start":{"line":124,"column":6},"end":{"line":124,"column":18}},"57":{"start":{"line":126,"column":6},"end":{"line":126,"column":76}},"58":{"start":{"line":127,"column":6},"end":{"line":127,"column":19}},"59":{"start":{"line":132,"column":20},"end":{"line":141,"column":3}},"60":{"start":{"line":133,"column":4},"end":{"line":140,"column":5}},"61":{"start":{"line":134,"column":6},"end":{"line":134,"column":37}},"62":{"start":{"line":135,"column":6},"end":{"line":135,"column":29}},"63":{"start":{"line":136,"column":6},"end":{"line":136,"column":18}},"64":{"start":{"line":138,"column":6},"end":{"line":138,"column":74}},"65":{"start":{"line":139,"column":6},"end":{"line":139,"column":19}},"66":{"start":{"line":144,"column":22},"end":{"line":159,"column":3}},"67":{"start":{"line":145,"column":4},"end":{"line":158,"column":5}},"68":{"start":{"line":148,"column":6},"end":{"line":148,"column":37}},"69":{"start":{"line":153,"column":6},"end":{"line":153,"column":29}},"70":{"start":{"line":154,"column":6},"end":{"line":154,"column":18}},"71":{"start":{"line":156,"column":6},"end":{"line":156,"column":76}},"72":{"start":{"line":157,"column":6},"end":{"line":157,"column":19}},"73":{"start":{"line":162,"column":23},"end":{"line":170,"column":3}},"74":{"start":{"line":163,"column":4},"end":{"line":169,"column":5}},"75":{"start":{"line":164,"column":6},"end":{"line":164,"column":48}},"76":{"start":{"line":165,"column":6},"end":{"line":165,"column":18}},"77":{"start":{"line":167,"column":6},"end":{"line":167,"column":77}},"78":{"start":{"line":168,"column":6},"end":{"line":168,"column":19}},"79":{"start":{"line":173,"column":22},"end":{"line":181,"column":3}},"80":{"start":{"line":174,"column":4},"end":{"line":180,"column":5}},"81":{"start":{"line":175,"column":6},"end":{"line":175,"column":39}},"82":{"start":{"line":176,"column":6},"end":{"line":176,"column":18}},"83":{"start":{"line":178,"column":6},"end":{"line":178,"column":76}},"84":{"start":{"line":179,"column":6},"end":{"line":179,"column":19}},"85":{"start":{"line":184,"column":41},"end":{"line":196,"column":3}},"86":{"start":{"line":198,"column":2},"end":{"line":202,"column":4}}},"fnMap":{"0":{"name":"(anonymous_0)","decl":{"start":{"line":32,"column":59},"end":{"line":32,"column":60}},"loc":{"start":{"line":32,"column":77},"end":{"line":203,"column":1}},"line":32},"1":{"name":"(anonymous_1)","decl":{"start":{"line":38,"column":21},"end":{"line":38,"column":22}},"loc":{"start":{"line":38,"column":48},"end":{"line":54,"column":3}},"line":38},"2":{"name":"(anonymous_2)","decl":{"start":{"line":57,"column":12},"end":{"line":57,"column":13}},"loc":{"start":{"line":57,"column":18},"end":{"line":75,"column":3}},"line":57},"3":{"name":"(anonymous_3)","decl":{"start":{"line":61,"column":49},"end":{"line":61,"column":50}},"loc":{"start":{"line":61,"column":55},"end":{"line":70,"column":5}},"line":61},"4":{"name":"(anonymous_4)","decl":{"start":{"line":72,"column":11},"end":{"line":72,"column":12}},"loc":{"start":{"line":72,"column":17},"end":{"line":74,"column":5}},"line":72},"5":{"name":"(anonymous_5)","decl":{"start":{"line":78,"column":19},"end":{"line":78,"column":20}},"loc":{"start":{"line":78,"column":61},"end":{"line":87,"column":3}},"line":78},"6":{"name":"(anonymous_6)","decl":{"start":{"line":90,"column":22},"end":{"line":90,"column":23}},"loc":{"start":{"line":90,"column":64},"end":{"line":99,"column":3}},"line":90},"7":{"name":"(anonymous_7)","decl":{"start":{"line":102,"column":22},"end":{"line":102,"column":23}},"loc":{"start":{"line":102,"column":62},"end":{"line":111,"column":3}},"line":102},"8":{"name":"(anonymous_8)","decl":{"start":{"line":114,"column":22},"end":{"line":114,"column":23}},"loc":{"start":{"line":114,"column":80},"end":{"line":129,"column":3}},"line":114},"9":{"name":"(anonymous_9)","decl":{"start":{"line":117,"column":40},"end":{"line":117,"column":41}},"loc":{"start":{"line":117,"column":45},"end":{"line":117,"column":56}},"line":117},"10":{"name":"(anonymous_10)","decl":{"start":{"line":132,"column":20},"end":{"line":132,"column":21}},"loc":{"start":{"line":132,"column":50},"end":{"line":141,"column":3}},"line":132},"11":{"name":"(anonymous_11)","decl":{"start":{"line":144,"column":22},"end":{"line":144,"column":23}},"loc":{"start":{"line":144,"column":71},"end":{"line":159,"column":3}},"line":144},"12":{"name":"(anonymous_12)","decl":{"start":{"line":162,"column":23},"end":{"line":162,"column":24}},"loc":{"start":{"line":162,"column":69},"end":{"line":170,"column":3}},"line":162},"13":{"name":"(anonymous_13)","decl":{"start":{"line":173,"column":22},"end":{"line":173,"column":23}},"loc":{"start":{"line":173,"column":52},"end":{"line":181,"column":3}},"line":173}},"branchMap":{"0":{"loc":{"start":{"line":46,"column":6},"end":{"line":48,"column":7}},"type":"if","locations":[{"start":{"line":46,"column":6},"end":{"line":48,"column":7}},{"start":{},"end":{}}],"line":46},"1":{"loc":{"start":{"line":65,"column":6},"end":{"line":69,"column":7}},"type":"if","locations":[{"start":{"line":65,"column":6},"end":{"line":69,"column":7}},{"start":{"line":67,"column":13},"end":{"line":69,"column":7}}],"line":65},"2":{"loc":{"start":{"line":65,"column":10},"end":{"line":65,"column":55}},"type":"binary-expr","locations":[{"start":{"line":65,"column":10},"end":{"line":65,"column":18}},{"start":{"line":65,"column":22},"end":{"line":65,"column":55}}],"line":65},"3":{"loc":{"start":{"line":67,"column":13},"end":{"line":69,"column":7}},"type":"if","locations":[{"start":{"line":67,"column":13},"end":{"line":69,"column":7}},{"start":{},"end":{}}],"line":67},"4":{"loc":{"start":{"line":67,"column":17},"end":{"line":67,"column":52}},"type":"binary-expr","locations":[{"start":{"line":67,"column":17},"end":{"line":67,"column":26}},{"start":{"line":67,"column":30},"end":{"line":67,"column":52}}],"line":67},"5":{"loc":{"start":{"line":118,"column":6},"end":{"line":118,"column":39}},"type":"if","locations":[{"start":{"line":118,"column":6},"end":{"line":118,"column":39}},{"start":{},"end":{}}],"line":118},"6":{"loc":{"start":{"line":144,"column":29},"end":{"line":144,"column":48}},"type":"default-arg","locations":[{"start":{"line":144,"column":47},"end":{"line":144,"column":48}}],"line":144}},"s":{"0":0,"1":0,"2":0,"3":0,"4":0,"5":0,"6":0,"7":0,"8":0,"9":0,"10":0,"11":0,"12":0,"13":0,"14":0,"15":0,"16":0,"17":0,"18":0,"19":0,"20":0,"21":0,"22":0,"23":0,"24":0,"25":0,"26":0,"27":0,"28":0,"29":0,"30":0,"31":0,"32":0,"33":0,"34":0,"35":0,"36":0,"37":0,"38":0,"39":0,"40":0,"41":0,"42":0,"43":0,"44":0,"45":0,"46":0,"47":0,"48":0,"49":0,"50":0,"51":0,"52":0,"53":0,"54":0,"55":0,"56":0,"57":0,"58":0,"59":0,"60":0,"61":0,"62":0,"63":0,"64":0,"65":0,"66":0,"67":0,"68":0,"69":0,"70":0,"71":0,"72":0,"73":0,"74":0,"75":0,"76":0,"77":0,"78":0,"79":0,"80":0,"81":0,"82":0,"83":0,"84":0,"85":0,"86":0},"f":{"0":0,"1":0,"2":0,"3":0,"4":0,"5":0,"6":0,"7":0,"8":0,"9":0,"10":0,"11":0,"12":0,"13":0},"b":{"0":[0,0],"1":[0,0],"2":[0,0],"3":[0,0],"4":[0,0],"5":[0,0],"6":[0]}}
[...]
,"/Users/damienaltman/Desktop/projet_perso/alarm-v2/aurora-wake/src/services/radio/index.ts": {"path":"/Users/damienaltman/Desktop/projet_perso/alarm-v2/aurora-wake/src/services/radio/index.ts","statementMap":{"0":{"start":{"line":6,"column":26},"end":{"line":6,"column":42}},"1":{"start":{"line":7,"column":30},"end":{"line":7,"column":50}},"2":{"start":{"line":8,"column":28},"end":{"line":8,"column":46}}},"fnMap":{},"branchMap":{},"s":{"0":1,"1":1,"2":1},"f":{},"b":{},"_coverageSchema":"1a1c01bbd47fc00a2c39e90264f33305004495a9","hash":"9ddd2c54dcdac443901b59543456959ce8036b15"}
,"/Users/damienaltman/Desktop/projet_perso/alarm-v2/aurora-wake/src/services/radio/radioCache.ts": {"path":"/Users/damienaltman/Desktop/projet_perso/alarm-v2/aurora-wake/src/services/radio/radioCache.ts","statementMap":{"0":{"start":{"line":6,"column":19},"end":{"line":9,"column":1}},"1":{"start":{"line":15,"column":51},"end":{"line":15,"column":53}},"2":{"start":{"line":19,"column":4},"end":{"line":21,"column":6}},"3":{"start":{"line":30,"column":22},"end":{"line":30,"column":46}},"4":{"start":{"line":31,"column":4},"end":{"line":31,"column":33}},"5":{"start":{"line":31,"column":20},"end":{"line":31,"column":33}},"6":{"start":{"line":33,"column":16},"end":{"line":33,"column":26}},"7":{"start":{"line":34,"column":4},"end":{"line":34,"column":52}},"8":{"start":{"line":42,"column":4},"end":{"line":56,"column":5}},"9":{"start":{"line":43,"column":6},"end":{"line":45,"column":7}},"10":{"start":{"line":44,"column":8},"end":{"line":44,"column":20}},"11":{"start":{"line":47,"column":28},"end":{"line":47,"column":76}},"12":{"start":{"line":48,"column":6},"end":{"line":50,"column":7}},"13":{"start":{"line":49,"column":8},"end":{"line":49,"column":20}},"14":{"start":{"line":52,"column":6},"end":{"line":52,"column":52}},"15":{"start":{"line":54,"column":6},"end":{"line":54,"column":80}},"16":{"start":{"line":55,"column":6},"end":{"line":55,"column":18}},"17":{"start":{"line":64,"column":4},"end":{"line":69,"column":5}},"18":{"start":{"line":65,"column":6},"end":{"line":65,"column":82}},"19":{"start":{"line":66,"column":6},"end":{"line":66,"column":61}},"20":{"start":{"line":68,"column":6},"end":{"line":68,"column":80}},"21":{"start":{"line":77,"column":4},"end":{"line":91,"column":5}},"22":{"start":{"line":78,"column":6},"end":{"line":80,"column":7}},"23":{"start":{"line":79,"column":8},"end":{"line":79,"column":20}},"24":{"start":{"line":82,"column":23},"end":{"line":82,"column":66}},"25":{"start":{"line":83,"column":6},"end":{"line":85,"column":7}},"26":{"start":{"line":84,"column":8},"end":{"line":84,"column":20}},"27":{"start":{"line":87,"column":6},"end":{"line":87,"column":43}},"28":{"start":{"line":89,"column":6},"end":{"line":89,"column":75}},"29":{"start":{"line":90,"column":6},"end":{"line":90,"column":18}},"30":{"start":{"line":99,"column":4},"end":{"line":104,"column":5}},"31":{"start":{"line":100,"column":6},"end":{"line":100,"column":72}},"32":{"start":{"line":101,"column":6},"end":{"line":101,"column":56}},"33":{"start":{"line":103,"column":6},"end":{"line":103,"column":75}},"34":{"start":{"line":111,"column":4},"end":{"line":116,"column":5}},"35":{"start":{"line":112,"column":6},"end":{"line":112,"column":78}},"36":{"start":{"line":113,"column":6},"end":{"line":113,"column":31}},"37":{"start":{"line":115,"column":6},"end":{"line":115,"column":72}},"38":{"start":{"line":121,"column":26},"end":{"line":121,"column":42}}},"fnMap":{"0":{"name":"(anonymous_0)","decl":{"start":{"line":18,"column":2},"end":{"line":18,"column":3}},"loc":{"start":{"line":18,"column":47},"end":{"line":22,"column":3}},"line":18},"1":{"name":"(anonymous_1)","decl":{"start":{"line":29,"column":2},"end":{"line":29,"column":3}},"loc":{"start":{"line":29,"column":37},"end":{"line":35,"column":3}},"line":29},"2":{"name":"(anonymous_2)","decl":{"start":{"line":41,"column":2},"end":{"line":41,"column":3}},"loc":{"start":{"line":41,"column":56},"end":{"line":57,"column":3}},"line":41},"3":{"name":"(anonymous_3)","decl":{"start":{"line":63,"column":2},"end":{"line":63,"column":3}},"loc":{"start":{"line":63,"column":64},"end":{"line":70,"column":3}},"line":63},"4":{"name":"(anonymous_4)","decl":{"start":{"line":76,"column":2},"end":{"line":76,"column":3}},"loc":{"start":{"line":76,"column":47},"end":{"line":92,"column":3}},"line":76},"5":{"name":"(anonymous_5)","decl":{"start":{"line":98,"column":2},"end":{"line":98,"column":3}},"loc":{"start":{"line":98,"column":50},"end":{"line":105,"column":3}},"line":98},"6":{"name":"(anonymous_6)","decl":{"start":{"line":110,"column":2},"end":{"line":110,"column":3}},"loc":{"start":{"line":110,"column":36},"end":{"line":117,"column":3}},"line":110}},"branchMap":{"0":{"loc":{"start":{"line":18,"column":14},"end":{"line":18,"column":45}},"type":"default-arg","locations":[{"start":{"line":18,"column":43},"end":{"line":18,"column":45}}],"line":18},"1":{"loc":{"start":{"line":20,"column":16},"end":{"line":20,"column":55}},"type":"binary-expr","locations":[{"start":{"line":20,"column":16},"end":{"line":20,"column":32}},{"start":{"line":20,"column":36},"end":{"line":20,"column":55}}],"line":20},"2":{"loc":{"start":{"line":31,"column":4},"end":{"line":31,"column":33}},"type":"if","locations":[{"start":{"line":31,"column":4},"end":{"line":31,"column":33}},{"start":{},"end":{}}],"line":31},"3":{"loc":{"start":{"line":43,"column":6},"end":{"line":45,"column":7}},"type":"if","locations":[{"start":{"line":43,"column":6},"end":{"line":45,"column":7}},{"start":{},"end":{}}],"line":43},"4":{"loc":{"start":{"line":48,"column":6},"end":{"line":50,"column":7}},"type":"if","locations":[{"start":{"line":48,"column":6},"end":{"line":50,"column":7}},{"start":{},"end":{}}],"line":48},"5":{"loc":{"start":{"line":78,"column":6},"end":{"line":80,"column":7}},"type":"if","locations":[{"start":{"line":78,"column":6},"end":{"line":80,"column":7}},{"start":{},"end":{}}],"line":78},"6":{"loc":{"start":{"line":83,"column":6},"end":{"line":85,"column":7}},"type":"if","locations":[{"start":{"line":83,"column":6},"end":{"line":85,"column":7}},{"start":{},"end":{}}],"line":83}},"s":{"0":1,"1":2,"2":2,"3":0,"4":0,"5":0,"6":0,"7":0,"8":0,"9":0,"10":0,"11":0,"12":0,"13":0,"14":0,"15":0,"16":0,"17":1,"18":1,"19":1,"20":0,"21":0,"22":0,"23":0,"24":0,"25":0,"26":0,"27":0,"28":0,"29":0,"30":0,"31":0,"32":0,"33":0,"34":0,"35":0,"36":0,"37":0,"38":1},"f":{"0":2,"1":0,"2":0,"3":1,"4":0,"5":0,"6":0},"b":{"0":[2],"1":[2,2],"2":[0,0],"3":[0,0],"4":[0,0],"5":[0,0],"6":[0,0]},"_coverageSchema":"1a1c01bbd47fc00a2c39e90264f33305004495a9","hash":"fb1394705d68307b620e8361f8f3e10105e92163"}
,"/Users/damienaltman/Desktop/projet_perso/alarm-v2/aurora-wake/src/services/radio/radioFavorites.ts": {"path":"/Users/damienaltman/Desktop/projet_perso/alarm-v2/aurora-wake/src/services/radio/radioFavorites.ts","statementMap":{"0":{"start":{"line":6,"column":30},"end":{"line":6,"column":60}},"1":{"start":{"line":17,"column":4},"end":{"line":26,"column":5}},"2":{"start":{"line":18,"column":28},"end":{"line":18,"column":77}},"3":{"start":{"line":19,"column":6},"end":{"line":21,"column":7}},"4":{"start":{"line":20,"column":8},"end":{"line":20,"column":18}},"5":{"start":{"line":22,"column":6},"end":{"line":22,"column":57}},"6":{"start":{"line":24,"column":6},"end":{"line":24,"column":78}},"7":{"start":{"line":25,"column":6},"end":{"line":25,"column":16}},"8":{"start":{"line":34,"column":4},"end":{"line":49,"column":5}},"9":{"start":{"line":35,"column":24},"end":{"line":35,"column":49}},"10":{"start":{"line":38,"column":28},"end":{"line":40,"column":7}},"11":{"start":{"line":39,"column":15},"end":{"line":39,"column":54}},"12":{"start":{"line":42,"column":6},"end":{"line":46,"column":7}},"13":{"start":{"line":44,"column":8},"end":{"line":44,"column":32}},"14":{"start":{"line":45,"column":8},"end":{"line":45,"column":85}},"15":{"start":{"line":48,"column":6},"end":{"line":48,"column":80}},"16":{"start":{"line":57,"column":4},"end":{"line":66,"column":5}},"17":{"start":{"line":58,"column":24},"end":{"line":58,"column":49}},"18":{"start":{"line":59,"column":32},"end":{"line":61,"column":7}},"19":{"start":{"line":60,"column":19},"end":{"line":60,"column":52}},"20":{"start":{"line":63,"column":6},"end":{"line":63,"column":91}},"21":{"start":{"line":65,"column":6},"end":{"line":65,"column":85}},"22":{"start":{"line":75,"column":4},"end":{"line":81,"column":5}},"23":{"start":{"line":76,"column":24},"end":{"line":76,"column":49}},"24":{"start":{"line":77,"column":6},"end":{"line":77,"column":74}},"25":{"start":{"line":77,"column":39},"end":{"line":77,"column":72}},"26":{"start":{"line":79,"column":6},"end":{"line":79,"column":76}},"27":{"start":{"line":80,"column":6},"end":{"line":80,"column":19}},"28":{"start":{"line":86,"column":30},"end":{"line":86,"column":50}}},"fnMap":{"0":{"name":"(anonymous_0)","decl":{"start":{"line":16,"column":2},"end":{"line":16,"column":3}},"loc":{"start":{"line":16,"column":48},"end":{"line":27,"column":3}},"line":16},"1":{"name":"(anonymous_1)","decl":{"start":{"line":33,"column":2},"end":{"line":33,"column":3}},"loc":{"start":{"line":33,"column":61},"end":{"line":50,"column":3}},"line":33},"2":{"name":"(anonymous_2)","decl":{"start":{"line":39,"column":8},"end":{"line":39,"column":9}},"loc":{"start":{"line":39,"column":15},"end":{"line":39,"column":54}},"line":39},"3":{"name":"(anonymous_3)","decl":{"start":{"line":56,"column":2},"end":{"line":56,"column":3}},"loc":{"start":{"line":56,"column":62},"end":{"line":67,"column":3}},"line":56},"4":{"name":"(anonymous_4)","decl":{"start":{"line":60,"column":8},"end":{"line":60,"column":9}},"loc":{"start":{"line":60,"column":19},"end":{"line":60,"column":52}},"line":60},"5":{"name":"(anonymous_5)","decl":{"start":{"line":74,"column":2},"end":{"line":74,"column":3}},"loc":{"start":{"line":74,"column":56},"end":{"line":82,"column":3}},"line":74},"6":{"name":"(anonymous_6)","decl":{"start":{"line":77,"column":28},"end":{"line":77,"column":29}},"loc":{"start":{"line":77,"column":39},"end":{"line":77,"column":72}},"line":77}},"branchMap":{"0":{"loc":{"start":{"line":19,"column":6},"end":{"line":21,"column":7}},"type":"if","locations":[{"start":{"line":19,"column":6},"end":{"line":21,"column":7}},{"start":{},"end":{}}],"line":19},"1":{"loc":{"start":{"line":42,"column":6},"end":{"line":46,"column":7}},"type":"if","locations":[{"start":{"line":42,"column":6},"end":{"line":46,"column":7}},{"start":{},"end":{}}],"line":42}},"s":{"0":1,"1":0,"2":0,"3":0,"4":0,"5":0,"6":0,"7":0,"8":0,"9":0,"10":0,"11":0,"12":0,"13":0,"14":0,"15":0,"16":0,"17":0,"18":0,"19":0,"20":0,"21":0,"22":0,"23":0,"24":0,"25":0,"26":0,"27":0,"28":1},"f":{"0":0,"1":0,"2":0,"3":0,"4":0,"5":0,"6":0},"b":{"0":[0,0],"1":[0,0]},"_coverageSchema":"1a1c01bbd47fc00a2c39e90264f33305004495a9","hash":"2a50f5d9158fe6f8f072916fbba0dbc7e6812ac0"}
,"/Users/damienaltman/Desktop/projet_perso/alarm-v2/aurora-wake/src/services/radio/radioService.ts": {"path":"/Users/damienaltman/Desktop/projet_perso/alarm-v2/aurora-wake/src/services/radio/radioService.ts","statementMap":{"0":{"start":{"line":18,"column":4},"end":{"line":23,"column":5}},"1":{"start":{"line":19,"column":6},"end":{"line":19,"column":51}},"2":{"start":{"line":21,"column":6},"end":{"line":21,"column":78}},"3":{"start":{"line":22,"column":6},"end":{"line":22,"column":16}},"4":{"start":{"line":32,"column":4},"end":{"line":53,"column":5}},"5":{"start":{"line":34,"column":6},"end":{"line":39,"column":7}},"6":{"start":{"line":35,"column":32},"end":{"line":35,"column":69}},"7":{"start":{"line":36,"column":8},"end":{"line":38,"column":9}},"8":{"start":{"line":37,"column":10},"end":{"line":37,"column":33}},"9":{"start":{"line":42,"column":24},"end":{"line":42,"column":53}},"10":{"start":{"line":45,"column":6},"end":{"line":47,"column":7}},"11":{"start":{"line":46,"column":8},"end":{"line":46,"column":55}},"12":{"start":{"line":49,"column":6},"end":{"line":49,"column":23}},"13":{"start":{"line":51,"column":6},"end":{"line":51,"column":76}},"14":{"start":{"line":52,"column":6},"end":{"line":52,"column":16}},"15":{"start":{"line":62,"column":4},"end":{"line":83,"column":5}},"16":{"start":{"line":64,"column":6},"end":{"line":69,"column":7}},"17":{"start":{"line":65,"column":27},"end":{"line":65,"column":59}},"18":{"start":{"line":66,"column":8},"end":{"line":68,"column":9}},"19":{"start":{"line":67,"column":10},"end":{"line":67,"column":28}},"20":{"start":{"line":72,"column":19},"end":{"line":72,"column":43}},"21":{"start":{"line":75,"column":6},"end":{"line":77,"column":7}},"22":{"start":{"line":76,"column":8},"end":{"line":76,"column":45}},"23":{"start":{"line":79,"column":6},"end":{"line":79,"column":18}},"24":{"start":{"line":81,"column":6},"end":{"line":81,"column":71}},"25":{"start":{"line":82,"column":6},"end":{"line":82,"column":16}},"26":{"start":{"line":91,"column":4},"end":{"line":91,"column":41}},"27":{"start":{"line":99,"column":4},"end":{"line":99,"column":50}},"28":{"start":{"line":107,"column":4},"end":{"line":107,"column":57}},"29":{"start":{"line":116,"column":4},"end":{"line":116,"column":48}},"30":{"start":{"line":123,"column":4},"end":{"line":123,"column":35}},"31":{"start":{"line":128,"column":28},"end":{"line":128,"column":46}}},"fnMap":{"0":{"name":"(anonymous_0)","decl":{"start":{"line":17,"column":2},"end":{"line":17,"column":3}},"loc":{"start":{"line":17,"column":75},"end":{"line":24,"column":3}},"line":17},"1":{"name":"(anonymous_1)","decl":{"start":{"line":31,"column":2},"end":{"line":31,"column":3}},"loc":{"start":{"line":31,"column":72},"end":{"line":54,"column":3}},"line":31},"2":{"name":"(anonymous_2)","decl":{"start":{"line":61,"column":2},"end":{"line":61,"column":3}},"loc":{"start":{"line":61,"column":63},"end":{"line":84,"column":3}},"line":61},"3":{"name":"(anonymous_3)","decl":{"start":{"line":90,"column":2},"end":{"line":90,"column":3}},"loc":{"start":{"line":90,"column":48},"end":{"line":92,"column":3}},"line":90},"4":{"name":"(anonymous_4)","decl":{"start":{"line":98,"column":2},"end":{"line":98,"column":3}},"loc":{"start":{"line":98,"column":61},"end":{"line":100,"column":3}},"line":98},"5":{"name":"(anonymous_5)","decl":{"start":{"line":106,"column":2},"end":{"line":106,"column":3}},"loc":{"start":{"line":106,"column":62},"end":{"line":108,"column":3}},"line":106},"6":{"name":"(anonymous_6)","decl":{"start":{"line":115,"column":2},"end":{"line":115,"column":3}},"loc":{"start":{"line":115,"column":56},"end":{"line":117,"column":3}},"line":115},"7":{"name":"(anonymous_7)","decl":{"start":{"line":122,"column":2},"end":{"line":122,"column":3}},"loc":{"start":{"line":122,"column":36},"end":{"line":124,"column":3}},"line":122}},"branchMap":{"0":{"loc":{"start":{"line":31,"column":21},"end":{"line":31,"column":50}},"type":"default-arg","locations":[{"start":{"line":31,"column":45},"end":{"line":31,"column":50}}],"line":31},"1":{"loc":{"start":{"line":34,"column":6},"end":{"line":39,"column":7}},"type":"if","locations":[{"start":{"line":34,"column":6},"end":{"line":39,"column":7}},{"start":{},"end":{}}],"line":34},"2":{"loc":{"start":{"line":36,"column":8},"end":{"line":38,"column":9}},"type":"if","locations":[{"start":{"line":36,"column":8},"end":{"line":38,"column":9}},{"start":{},"end":{}}],"line":36},"3":{"loc":{"start":{"line":45,"column":6},"end":{"line":47,"column":7}},"type":"if","locations":[{"start":{"line":45,"column":6},"end":{"line":47,"column":7}},{"start":{},"end":{}}],"line":45},"4":{"loc":{"start":{"line":61,"column":16},"end":{"line":61,"column":45}},"type":"default-arg","locations":[{"start":{"line":61,"column":40},"end":{"line":61,"column":45}}],"line":61},"5":{"loc":{"start":{"line":64,"column":6},"end":{"line":69,"column":7}},"type":"if","locations":[{"start":{"line":64,"column":6},"end":{"line":69,"column":7}},{"start":{},"end":{}}],"line":64},"6":{"loc":{"start":{"line":66,"column":8},"end":{"line":68,"column":9}},"type":"if","locations":[{"start":{"line":66,"column":8},"end":{"line":68,"column":9}},{"start":{},"end":{}}],"line":66},"7":{"loc":{"start":{"line":75,"column":6},"end":{"line":77,"column":7}},"type":"if","locations":[{"start":{"line":75,"column":6},"end":{"line":77,"column":7}},{"start":{},"end":{}}],"line":75}},"s":{"0":2,"1":2,"2":1,"3":1,"4":1,"5":1,"6":0,"7":0,"8":0,"9":1,"10":1,"11":1,"12":1,"13":0,"14":0,"15":0,"16":0,"17":0,"18":0,"19":0,"20":0,"21":0,"22":0,"23":0,"24":0,"25":0,"26":0,"27":0,"28":0,"29":0,"30":0,"31":1},"f":{"0":2,"1":1,"2":0,"3":0,"4":0,"5":0,"6":0,"7":0},"b":{"0":[0],"1":[0,1],"2":[0,0],"3":[1,0],"4":[0],"5":[0,0],"6":[0,0],"7":[0,0]},"_coverageSchema":"1a1c01bbd47fc00a2c39e90264f33305004495a9","hash":"bee4fad6cf5c032b11800c6cfe5c256061e4a04a"}
,"/Users/damienaltman/Desktop/projet_perso/alarm-v2/aurora-wake/src/styles/theme.ts": {"path":"/Users/damienaltman/Desktop/projet_perso/alarm-v2/aurora-wake/src/styles/theme.ts","statementMap":{"0":{"start":{"line":3,"column":26},"end":{"line":29,"column":1}},"1":{"start":{"line":31,"column":25},"end":{"line":57,"column":1}}},"fnMap":{},"branchMap":{},"s":{"0":0,"1":0},"f":{},"b":{}}
,"/Users/damienaltman/Desktop/projet_perso/alarm-v2/aurora-wake/src/types/alarm.ts": {"path":"/Users/damienaltman/Desktop/projet_perso/alarm-v2/aurora-wake/src/types/alarm.ts","statementMap":{},"fnMap":{},"branchMap":{},"s":{},"f":{},"b":{}}
,"/Users/damienaltman/Desktop/projet_perso/alarm-v2/aurora-wake/src/types/index.ts": {"path":"/Users/damienaltman/Desktop/projet_perso/alarm-v2/aurora-wake/src/types/index.ts","statementMap":{},"fnMap":{},"branchMap":{},"s":{},"f":{},"b":{}}
,"/Users/damienaltman/Desktop/projet_perso/alarm-v2/aurora-wake/src/types/radio.ts": {"path":"/Users/damienaltman/Desktop/projet_perso/alarm-v2/aurora-wake/src/types/radio.ts","statementMap":{},"fnMap":{},"branchMap":{},"s":{},"f":{},"b":{}}
,"/Users/damienaltman/Desktop/projet_perso/alarm-v2/aurora-wake/src/types/settings.ts": {"path":"/Users/damienaltman/Desktop/projet_perso/alarm-v2/aurora-wake/src/types/settings.ts","statementMap":{},"fnMap":{},"branchMap":{},"s":{},"f":{},"b":{}}
,"/Users/damienaltman/Desktop/projet_perso/alarm-v2/aurora-wake/src/utils/errorHandling.ts": {"path":"/Users/damienaltman/Desktop/projet_perso/alarm-v2/aurora-wake/src/utils/errorHandling.ts","statementMap":{"0":{"start":{"line":12,"column":4},"end":{"line":12,"column":57}},"1":{"start":{"line":32,"column":4},"end":{"line":37,"column":5}},"2":{"start":{"line":33,"column":6},"end":{"line":33,"column":24}},"3":{"start":{"line":35,"column":6},"end":{"line":35,"column":48}},"4":{"start":{"line":36,"column":6},"end":{"line":36,"column":22}}},"fnMap":{"0":{"name":"(anonymous_0)","decl":{"start":{"line":10,"column":2},"end":{"line":10,"column":3}},"loc":{"start":{"line":10,"column":58},"end":{"line":18,"column":3}},"line":10},"1":{"name":"(anonymous_1)","decl":{"start":{"line":27,"column":2},"end":{"line":27,"column":3}},"loc":{"start":{"line":31,"column":28},"end":{"line":38,"column":3}},"line":31}},"branchMap":{},"s":{"0":0,"1":0,"2":0,"3":0,"4":0},"f":{"0":0,"1":0},"b":{}}
}
