{"/Users/damienaltman/Desktop/projet_perso/alarm-v2/aurora-wake/App.tsx": {"path":"/Users/damienaltman/Desktop/projet_perso/alarm-v2/aurora-wake/App.tsx","statementMap":{"0":{"start":{"line":11,"column":30},"end":{"line":11,"column":53}},"1":{"start":{"line":14,"column":0},"end":{"line":38,"column":3}},"2":{"start":{"line":15,"column":2},"end":{"line":37,"column":3}},"3":{"start":{"line":17,"column":26},"end":{"line":17,"column":57}},"4":{"start":{"line":18,"column":4},"end":{"line":21,"column":5}},"5":{"start":{"line":20,"column":6},"end":{"line":20,"column":58}},"6":{"start":{"line":24,"column":19},"end":{"line":24,"column":49}},"7":{"start":{"line":26,"column":4},"end":{"line":31,"column":5}},"8":{"start":{"line":27,"column":6},"end":{"line":30,"column":7}},"9":{"start":{"line":29,"column":8},"end":{"line":29,"column":54}},"10":{"start":{"line":33,"column":4},"end":{"line":33,"column":57}},"11":{"start":{"line":35,"column":4},"end":{"line":35,"column":66}},"12":{"start":{"line":36,"column":4},"end":{"line":36,"column":56}},"13":{"start":{"line":42,"column":2},"end":{"line":88,"column":9}},"14":{"start":{"line":43,"column":26},"end":{"line":55,"column":5}},"15":{"start":{"line":44,"column":6},"end":{"line":54,"column":7}},"16":{"start":{"line":46,"column":23},"end":{"line":46,"column":53}},"17":{"start":{"line":47,"column":8},"end":{"line":51,"column":9}},"18":{"start":{"line":48,"column":10},"end":{"line":50,"column":11}},"19":{"start":{"line":49,"column":12},"end":{"line":49,"column":50}},"20":{"start":{"line":53,"column":8},"end":{"line":53,"column":84}},"21":{"start":{"line":58,"column":35},"end":{"line":68,"column":5}},"22":{"start":{"line":59,"column":6},"end":{"line":67,"column":7}},"23":{"start":{"line":60,"column":8},"end":{"line":64,"column":11}},"24":{"start":{"line":66,"column":8},"end":{"line":66,"column":94}},"25":{"start":{"line":71,"column":33},"end":{"line":77,"column":5}},"26":{"start":{"line":72,"column":6},"end":{"line":76,"column":7}},"27":{"start":{"line":75,"column":8},"end":{"line":75,"column":24}},"28":{"start":{"line":79,"column":33},"end":{"line":79,"column":90}},"29":{"start":{"line":82,"column":4},"end":{"line":82,"column":20}},"30":{"start":{"line":83,"column":4},"end":{"line":83,"column":29}},"31":{"start":{"line":85,"column":4},"end":{"line":87,"column":6}},"32":{"start":{"line":86,"column":6},"end":{"line":86,"column":36}},"33":{"start":{"line":90,"column":2},"end":{"line":97,"column":4}}},"fnMap":{"0":{"name":"(anonymous_0)","decl":{"start":{"line":14,"column":46},"end":{"line":14,"column":47}},"loc":{"start":{"line":14,"column":58},"end":{"line":38,"column":1}},"line":14},"1":{"name":"App","decl":{"start":{"line":40,"column":24},"end":{"line":40,"column":27}},"loc":{"start":{"line":40,"column":30},"end":{"line":98,"column":1}},"line":40},"2":{"name":"(anonymous_2)","decl":{"start":{"line":42,"column":12},"end":{"line":42,"column":13}},"loc":{"start":{"line":42,"column":18},"end":{"line":88,"column":3}},"line":42},"3":{"name":"(anonymous_3)","decl":{"start":{"line":43,"column":26},"end":{"line":43,"column":27}},"loc":{"start":{"line":43,"column":38},"end":{"line":55,"column":5}},"line":43},"4":{"name":"(anonymous_4)","decl":{"start":{"line":58,"column":35},"end":{"line":58,"column":36}},"loc":{"start":{"line":58,"column":47},"end":{"line":68,"column":5}},"line":58},"5":{"name":"(anonymous_5)","decl":{"start":{"line":71,"column":33},"end":{"line":71,"column":34}},"loc":{"start":{"line":71,"column":67},"end":{"line":77,"column":5}},"line":71},"6":{"name":"(anonymous_6)","decl":{"start":{"line":85,"column":11},"end":{"line":85,"column":12}},"loc":{"start":{"line":85,"column":17},"end":{"line":87,"column":5}},"line":85}},"branchMap":{"0":{"loc":{"start":{"line":18,"column":4},"end":{"line":21,"column":5}},"type":"if","locations":[{"start":{"line":18,"column":4},"end":{"line":21,"column":5}},{"start":{},"end":{}}],"line":18},"1":{"loc":{"start":{"line":27,"column":6},"end":{"line":30,"column":7}},"type":"if","locations":[{"start":{"line":27,"column":6},"end":{"line":30,"column":7}},{"start":{},"end":{}}],"line":27},"2":{"loc":{"start":{"line":48,"column":10},"end":{"line":50,"column":11}},"type":"if","locations":[{"start":{"line":48,"column":10},"end":{"line":50,"column":11}},{"start":{},"end":{}}],"line":48},"3":{"loc":{"start":{"line":72,"column":6},"end":{"line":76,"column":7}},"type":"if","locations":[{"start":{"line":72,"column":6},"end":{"line":76,"column":7}},{"start":{},"end":{}}],"line":72}},"s":{"0":0,"1":0,"2":0,"3":0,"4":0,"5":0,"6":0,"7":0,"8":0,"9":0,"10":0,"11":0,"12":0,"13":0,"14":0,"15":0,"16":0,"17":0,"18":0,"19":0,"20":0,"21":0,"22":0,"23":0,"24":0,"25":0,"26":0,"27":0,"28":0,"29":0,"30":0,"31":0,"32":0,"33":0},"f":{"0":0,"1":0,"2":0,"3":0,"4":0,"5":0,"6":0},"b":{"0":[0,0],"1":[0,0],"2":[0,0],"3":[0,0]}}
,"/Users/damienaltman/Desktop/projet_perso/alarm-v2/aurora-wake/index.ts": {"path":"/Users/damienaltman/Desktop/projet_perso/alarm-v2/aurora-wake/index.ts","statementMap":{"0":{"start":{"line":8,"column":0},"end":{"line":8,"column":27}}},"fnMap":{},"branchMap":{},"s":{"0":0},"f":{},"b":{}}
,"/Users/damienaltman/Desktop/projet_perso/alarm-v2/aurora-wake/src/components/AlarmItem.tsx": {"path":"/Users/damienaltman/Desktop/projet_perso/alarm-v2/aurora-wake/src/components/AlarmItem.tsx","statementMap":{"0":{"start":{"line":11,"column":19},"end":{"line":11,"column":68}},"1":{"start":{"line":13,"column":51},"end":{"line":79,"column":1}},"2":{"start":{"line":15,"column":21},"end":{"line":18,"column":3}},"3":{"start":{"line":16,"column":29},"end":{"line":16,"column":44}},"4":{"start":{"line":17,"column":4},"end":{"line":17,"column":33}},"5":{"start":{"line":21,"column":21},"end":{"line":33,"column":3}},"6":{"start":{"line":22,"column":4},"end":{"line":32,"column":5}},"7":{"start":{"line":23,"column":6},"end":{"line":23,"column":30}},"8":{"start":{"line":24,"column":11},"end":{"line":32,"column":5}},"9":{"start":{"line":25,"column":6},"end":{"line":25,"column":24}},"10":{"start":{"line":26,"column":11},"end":{"line":32,"column":5}},"11":{"start":{"line":27,"column":6},"end":{"line":27,"column":32}},"12":{"start":{"line":28,"column":11},"end":{"line":32,"column":5}},"13":{"start":{"line":29,"column":6},"end":{"line":29,"column":25}},"14":{"start":{"line":31,"column":6},"end":{"line":31,"column":57}},"15":{"start":{"line":31,"column":29},"end":{"line":31,"column":44}},"16":{"start":{"line":36,"column":23},"end":{"line":38,"column":3}},"17":{"start":{"line":37,"column":4},"end":{"line":37,"column":39}},"18":{"start":{"line":40,"column":2},"end":{"line":78,"column":4}},"19":{"start":{"line":43,"column":21},"end":{"line":43,"column":35}},"20":{"start":{"line":81,"column":15},"end":{"line":130,"column":2}}},"fnMap":{"0":{"name":"(anonymous_0)","decl":{"start":{"line":13,"column":51},"end":{"line":13,"column":52}},"loc":{"start":{"line":13,"column":85},"end":{"line":79,"column":1}},"line":13},"1":{"name":"(anonymous_1)","decl":{"start":{"line":15,"column":21},"end":{"line":15,"column":22}},"loc":{"start":{"line":15,"column":47},"end":{"line":18,"column":3}},"line":15},"2":{"name":"(anonymous_2)","decl":{"start":{"line":21,"column":21},"end":{"line":21,"column":22}},"loc":{"start":{"line":21,"column":49},"end":{"line":33,"column":3}},"line":21},"3":{"name":"(anonymous_3)","decl":{"start":{"line":31,"column":22},"end":{"line":31,"column":23}},"loc":{"start":{"line":31,"column":29},"end":{"line":31,"column":44}},"line":31},"4":{"name":"(anonymous_4)","decl":{"start":{"line":36,"column":23},"end":{"line":36,"column":24}},"loc":{"start":{"line":36,"column":29},"end":{"line":38,"column":3}},"line":36},"5":{"name":"(anonymous_5)","decl":{"start":{"line":43,"column":15},"end":{"line":43,"column":16}},"loc":{"start":{"line":43,"column":21},"end":{"line":43,"column":35}},"line":43}},"branchMap":{"0":{"loc":{"start":{"line":22,"column":4},"end":{"line":32,"column":5}},"type":"if","locations":[{"start":{"line":22,"column":4},"end":{"line":32,"column":5}},{"start":{"line":24,"column":11},"end":{"line":32,"column":5}}],"line":22},"1":{"loc":{"start":{"line":24,"column":11},"end":{"line":32,"column":5}},"type":"if","locations":[{"start":{"line":24,"column":11},"end":{"line":32,"column":5}},{"start":{"line":26,"column":11},"end":{"line":32,"column":5}}],"line":24},"2":{"loc":{"start":{"line":26,"column":11},"end":{"line":32,"column":5}},"type":"if","locations":[{"start":{"line":26,"column":11},"end":{"line":32,"column":5}},{"start":{"line":28,"column":11},"end":{"line":32,"column":5}}],"line":26},"3":{"loc":{"start":{"line":26,"column":15},"end":{"line":26,"column":74}},"type":"binary-expr","locations":[{"start":{"line":26,"column":15},"end":{"line":26,"column":32}},{"start":{"line":26,"column":36},"end":{"line":26,"column":53}},{"start":{"line":26,"column":57},"end":{"line":26,"column":74}}],"line":26},"4":{"loc":{"start":{"line":28,"column":11},"end":{"line":32,"column":5}},"type":"if","locations":[{"start":{"line":28,"column":11},"end":{"line":32,"column":5}},{"start":{"line":30,"column":11},"end":{"line":32,"column":5}}],"line":28},"5":{"loc":{"start":{"line":28,"column":15},"end":{"line":28,"column":72}},"type":"binary-expr","locations":[{"start":{"line":28,"column":15},"end":{"line":28,"column":32}},{"start":{"line":28,"column":36},"end":{"line":28,"column":52}},{"start":{"line":28,"column":56},"end":{"line":28,"column":72}}],"line":28},"6":{"loc":{"start":{"line":42,"column":32},"end":{"line":42,"column":65}},"type":"binary-expr","locations":[{"start":{"line":42,"column":32},"end":{"line":42,"column":46}},{"start":{"line":42,"column":50},"end":{"line":42,"column":65}}],"line":42},"7":{"loc":{"start":{"line":47,"column":35},"end":{"line":47,"column":72}},"type":"binary-expr","locations":[{"start":{"line":47,"column":35},"end":{"line":47,"column":49}},{"start":{"line":47,"column":53},"end":{"line":47,"column":72}}],"line":47},"8":{"loc":{"start":{"line":52,"column":11},"end":{"line":56,"column":11}},"type":"binary-expr","locations":[{"start":{"line":52,"column":11},"end":{"line":52,"column":22}},{"start":{"line":53,"column":12},"end":{"line":55,"column":19}}],"line":52},"9":{"loc":{"start":{"line":53,"column":40},"end":{"line":53,"column":77}},"type":"binary-expr","locations":[{"start":{"line":53,"column":40},"end":{"line":53,"column":54}},{"start":{"line":53,"column":58},"end":{"line":53,"column":77}}],"line":53},"10":{"loc":{"start":{"line":58,"column":37},"end":{"line":58,"column":74}},"type":"binary-expr","locations":[{"start":{"line":58,"column":37},"end":{"line":58,"column":51}},{"start":{"line":58,"column":55},"end":{"line":58,"column":74}}],"line":58},"11":{"loc":{"start":{"line":62,"column":11},"end":{"line":66,"column":11}},"type":"binary-expr","locations":[{"start":{"line":62,"column":11},"end":{"line":62,"column":29}},{"start":{"line":63,"column":12},"end":{"line":65,"column":19}}],"line":62},"12":{"loc":{"start":{"line":63,"column":40},"end":{"line":63,"column":77}},"type":"binary-expr","locations":[{"start":{"line":63,"column":40},"end":{"line":63,"column":54}},{"start":{"line":63,"column":58},"end":{"line":63,"column":77}}],"line":63},"13":{"loc":{"start":{"line":74,"column":20},"end":{"line":74,"column":57}},"type":"cond-expr","locations":[{"start":{"line":74,"column":36},"end":{"line":74,"column":45}},{"start":{"line":74,"column":48},"end":{"line":74,"column":57}}],"line":74}},"s":{"0":0,"1":0,"2":0,"3":0,"4":0,"5":0,"6":0,"7":0,"8":0,"9":0,"10":0,"11":0,"12":0,"13":0,"14":0,"15":0,"16":0,"17":0,"18":0,"19":0,"20":0},"f":{"0":0,"1":0,"2":0,"3":0,"4":0,"5":0},"b":{"0":[0,0],"1":[0,0],"2":[0,0],"3":[0,0,0],"4":[0,0],"5":[0,0,0],"6":[0,0],"7":[0,0],"8":[0,0],"9":[0,0],"10":[0,0],"11":[0,0],"12":[0,0],"13":[0,0]}}
,"/Users/damienaltman/Desktop/projet_perso/alarm-v2/aurora-wake/src/components/AnimatedSwitch.tsx": {"path":"/Users/damienaltman/Desktop/projet_perso/alarm-v2/aurora-wake/src/components/AnimatedSwitch.tsx","statementMap":{"0":{"start":{"line":20,"column":54},"end":{"line":76,"column":1}},"1":{"start":{"line":28,"column":20},"end":{"line":28,"column":30}},"2":{"start":{"line":29,"column":17},"end":{"line":29,"column":46}},"3":{"start":{"line":32,"column":28},"end":{"line":32,"column":62}},"4":{"start":{"line":33,"column":30},"end":{"line":33,"column":71}},"5":{"start":{"line":34,"column":27},"end":{"line":34,"column":50}},"6":{"start":{"line":36,"column":2},"end":{"line":38,"column":22}},"7":{"start":{"line":37,"column":4},"end":{"line":37,"column":33}},"8":{"start":{"line":40,"column":25},"end":{"line":49,"column":4}},"9":{"start":{"line":41,"column":23},"end":{"line":44,"column":6}},"10":{"start":{"line":46,"column":4},"end":{"line":48,"column":6}},"11":{"start":{"line":51,"column":31},"end":{"line":61,"column":4}},"12":{"start":{"line":52,"column":28},"end":{"line":56,"column":5}},"13":{"start":{"line":58,"column":4},"end":{"line":60,"column":6}},"14":{"start":{"line":63,"column":18},"end":{"line":67,"column":3}},"15":{"start":{"line":64,"column":4},"end":{"line":66,"column":5}},"16":{"start":{"line":65,"column":6},"end":{"line":65,"column":28}},"17":{"start":{"line":69,"column":2},"end":{"line":75,"column":4}},"18":{"start":{"line":78,"column":15},"end":{"line":96,"column":2}}},"fnMap":{"0":{"name":"(anonymous_0)","decl":{"start":{"line":20,"column":54},"end":{"line":20,"column":55}},"loc":{"start":{"line":27,"column":6},"end":{"line":76,"column":1}},"line":27},"1":{"name":"(anonymous_1)","decl":{"start":{"line":36,"column":12},"end":{"line":36,"column":13}},"loc":{"start":{"line":36,"column":18},"end":{"line":38,"column":3}},"line":36},"2":{"name":"(anonymous_2)","decl":{"start":{"line":40,"column":42},"end":{"line":40,"column":43}},"loc":{"start":{"line":40,"column":48},"end":{"line":49,"column":3}},"line":40},"3":{"name":"(anonymous_3)","decl":{"start":{"line":51,"column":48},"end":{"line":51,"column":49}},"loc":{"start":{"line":51,"column":54},"end":{"line":61,"column":3}},"line":51},"4":{"name":"(anonymous_4)","decl":{"start":{"line":63,"column":18},"end":{"line":63,"column":19}},"loc":{"start":{"line":63,"column":24},"end":{"line":67,"column":3}},"line":63}},"branchMap":{"0":{"loc":{"start":{"line":26,"column":2},"end":{"line":26,"column":18}},"type":"default-arg","locations":[{"start":{"line":26,"column":13},"end":{"line":26,"column":18}}],"line":26},"1":{"loc":{"start":{"line":29,"column":32},"end":{"line":29,"column":45}},"type":"cond-expr","locations":[{"start":{"line":29,"column":40},"end":{"line":29,"column":41}},{"start":{"line":29,"column":44},"end":{"line":29,"column":45}}],"line":29},"2":{"loc":{"start":{"line":32,"column":28},"end":{"line":32,"column":62}},"type":"binary-expr","locations":[{"start":{"line":32,"column":28},"end":{"line":32,"column":39}},{"start":{"line":32,"column":43},"end":{"line":32,"column":62}}],"line":32},"3":{"loc":{"start":{"line":33,"column":30},"end":{"line":33,"column":71}},"type":"binary-expr","locations":[{"start":{"line":33,"column":30},"end":{"line":33,"column":43}},{"start":{"line":33,"column":47},"end":{"line":33,"column":71}}],"line":33},"4":{"loc":{"start":{"line":34,"column":27},"end":{"line":34,"column":50}},"type":"binary-expr","locations":[{"start":{"line":34,"column":27},"end":{"line":34,"column":37}},{"start":{"line":34,"column":41},"end":{"line":34,"column":50}}],"line":34},"5":{"loc":{"start":{"line":37,"column":19},"end":{"line":37,"column":32}},"type":"cond-expr","locations":[{"start":{"line":37,"column":27},"end":{"line":37,"column":28}},{"start":{"line":37,"column":31},"end":{"line":37,"column":32}}],"line":37},"6":{"loc":{"start":{"line":64,"column":4},"end":{"line":66,"column":5}},"type":"if","locations":[{"start":{"line":64,"column":4},"end":{"line":66,"column":5}},{"start":{},"end":{}}],"line":64}},"s":{"0":0,"1":0,"2":0,"3":0,"4":0,"5":0,"6":0,"7":0,"8":0,"9":0,"10":0,"11":0,"12":0,"13":0,"14":0,"15":0,"16":0,"17":0,"18":0},"f":{"0":0,"1":0,"2":0,"3":0,"4":0},"b":{"0":[0],"1":[0,0],"2":[0,0],"3":[0,0],"4":[0,0],"5":[0,0],"6":[0,0]}}
,"/Users/damienaltman/Desktop/projet_perso/alarm-v2/aurora-wake/src/components/DaySelector.tsx": {"path":"/Users/damienaltman/Desktop/projet_perso/alarm-v2/aurora-wake/src/components/DaySelector.tsx","statementMap":{"0":{"start":{"line":9,"column":19},"end":{"line":17,"column":1}},"1":{"start":{"line":19,"column":55},"end":{"line":99,"column":1}},"2":{"start":{"line":21,"column":24},"end":{"line":23,"column":3}},"3":{"start":{"line":22,"column":4},"end":{"line":22,"column":40}},"4":{"start":{"line":26,"column":20},"end":{"line":34,"column":3}},"5":{"start":{"line":27,"column":4},"end":{"line":33,"column":5}},"6":{"start":{"line":29,"column":6},"end":{"line":29,"column":56}},"7":{"start":{"line":29,"column":41},"end":{"line":29,"column":53}},"8":{"start":{"line":32,"column":6},"end":{"line":32,"column":48}},"9":{"start":{"line":37,"column":24},"end":{"line":39,"column":3}},"10":{"start":{"line":38,"column":4},"end":{"line":38,"column":36}},"11":{"start":{"line":42,"column":25},"end":{"line":44,"column":3}},"12":{"start":{"line":43,"column":4},"end":{"line":43,"column":30}},"13":{"start":{"line":47,"column":25},"end":{"line":49,"column":3}},"14":{"start":{"line":48,"column":4},"end":{"line":48,"column":21}},"15":{"start":{"line":52,"column":25},"end":{"line":54,"column":3}},"16":{"start":{"line":53,"column":4},"end":{"line":53,"column":17}},"17":{"start":{"line":56,"column":2},"end":{"line":98,"column":4}},"18":{"start":{"line":60,"column":10},"end":{"line":76,"column":29}},"19":{"start":{"line":66,"column":27},"end":{"line":66,"column":44}},"20":{"start":{"line":101,"column":15},"end":{"line":145,"column":2}}},"fnMap":{"0":{"name":"(anonymous_0)","decl":{"start":{"line":19,"column":55},"end":{"line":19,"column":56}},"loc":{"start":{"line":19,"column":87},"end":{"line":99,"column":1}},"line":19},"1":{"name":"(anonymous_1)","decl":{"start":{"line":21,"column":24},"end":{"line":21,"column":25}},"loc":{"start":{"line":21,"column":52},"end":{"line":23,"column":3}},"line":21},"2":{"name":"(anonymous_2)","decl":{"start":{"line":26,"column":20},"end":{"line":26,"column":21}},"loc":{"start":{"line":26,"column":45},"end":{"line":34,"column":3}},"line":26},"3":{"name":"(anonymous_3)","decl":{"start":{"line":29,"column":35},"end":{"line":29,"column":36}},"loc":{"start":{"line":29,"column":41},"end":{"line":29,"column":53}},"line":29},"4":{"name":"(anonymous_4)","decl":{"start":{"line":37,"column":24},"end":{"line":37,"column":25}},"loc":{"start":{"line":37,"column":36},"end":{"line":39,"column":3}},"line":37},"5":{"name":"(anonymous_5)","decl":{"start":{"line":42,"column":25},"end":{"line":42,"column":26}},"loc":{"start":{"line":42,"column":37},"end":{"line":44,"column":3}},"line":42},"6":{"name":"(anonymous_6)","decl":{"start":{"line":47,"column":25},"end":{"line":47,"column":26}},"loc":{"start":{"line":47,"column":37},"end":{"line":49,"column":3}},"line":47},"7":{"name":"(anonymous_7)","decl":{"start":{"line":52,"column":25},"end":{"line":52,"column":26}},"loc":{"start":{"line":52,"column":37},"end":{"line":54,"column":3}},"line":52},"8":{"name":"(anonymous_8)","decl":{"start":{"line":59,"column":24},"end":{"line":59,"column":25}},"loc":{"start":{"line":60,"column":10},"end":{"line":76,"column":29}},"line":60},"9":{"name":"(anonymous_9)","decl":{"start":{"line":66,"column":21},"end":{"line":66,"column":22}},"loc":{"start":{"line":66,"column":27},"end":{"line":66,"column":44}},"line":66}},"branchMap":{"0":{"loc":{"start":{"line":27,"column":4},"end":{"line":33,"column":5}},"type":"if","locations":[{"start":{"line":27,"column":4},"end":{"line":33,"column":5}},{"start":{"line":30,"column":11},"end":{"line":33,"column":5}}],"line":27},"1":{"loc":{"start":{"line":64,"column":14},"end":{"line":64,"column":57}},"type":"binary-expr","locations":[{"start":{"line":64,"column":14},"end":{"line":64,"column":35}},{"start":{"line":64,"column":39},"end":{"line":64,"column":57}}],"line":64},"2":{"loc":{"start":{"line":71,"column":16},"end":{"line":71,"column":63}},"type":"binary-expr","locations":[{"start":{"line":71,"column":16},"end":{"line":71,"column":37}},{"start":{"line":71,"column":41},"end":{"line":71,"column":63}}],"line":71}},"s":{"0":0,"1":0,"2":0,"3":0,"4":0,"5":0,"6":0,"7":0,"8":0,"9":0,"10":0,"11":0,"12":0,"13":0,"14":0,"15":0,"16":0,"17":0,"18":0,"19":0,"20":0},"f":{"0":0,"1":0,"2":0,"3":0,"4":0,"5":0,"6":0,"7":0,"8":0,"9":0},"b":{"0":[0,0],"1":[0,0],"2":[0,0]}}
,"/Users/damienaltman/Desktop/projet_perso/alarm-v2/aurora-wake/src/components/RadioSearch.tsx": {"path":"/Users/damienaltman/Desktop/projet_perso/alarm-v2/aurora-wake/src/components/RadioSearch.tsx","statementMap":{"0":{"start":{"line":23,"column":55},"end":{"line":273,"column":1}},"1":{"start":{"line":28,"column":40},"end":{"line":28,"column":60}},"2":{"start":{"line":29,"column":38},"end":{"line":29,"column":66}},"3":{"start":{"line":30,"column":36},"end":{"line":30,"column":60}},"4":{"start":{"line":31,"column":34},"end":{"line":31,"column":62}},"5":{"start":{"line":32,"column":36},"end":{"line":32,"column":59}},"6":{"start":{"line":33,"column":26},"end":{"line":33,"column":45}},"7":{"start":{"line":34,"column":28},"end":{"line":34,"column":57}},"8":{"start":{"line":37,"column":2},"end":{"line":40,"column":9}},"9":{"start":{"line":38,"column":4},"end":{"line":38,"column":20}},"10":{"start":{"line":39,"column":4},"end":{"line":39,"column":15}},"11":{"start":{"line":43,"column":24},"end":{"line":52,"column":3}},"12":{"start":{"line":44,"column":4},"end":{"line":51,"column":5}},"13":{"start":{"line":45,"column":28},"end":{"line":45,"column":61}},"14":{"start":{"line":47,"column":6},"end":{"line":47,"column":82}},"15":{"start":{"line":47,"column":48},"end":{"line":47,"column":79}},"16":{"start":{"line":49,"column":6},"end":{"line":49,"column":66}},"17":{"start":{"line":50,"column":6},"end":{"line":50,"column":59}},"18":{"start":{"line":55,"column":19},"end":{"line":64,"column":3}},"19":{"start":{"line":56,"column":4},"end":{"line":63,"column":5}},"20":{"start":{"line":57,"column":23},"end":{"line":57,"column":51}},"21":{"start":{"line":59,"column":6},"end":{"line":59,"column":86}},"22":{"start":{"line":59,"column":38},"end":{"line":59,"column":69}},"23":{"start":{"line":61,"column":6},"end":{"line":61,"column":66}},"24":{"start":{"line":62,"column":6},"end":{"line":62,"column":59}},"25":{"start":{"line":67,"column":24},"end":{"line":102,"column":3}},"26":{"start":{"line":68,"column":4},"end":{"line":71,"column":5}},"27":{"start":{"line":69,"column":6},"end":{"line":69,"column":78}},"28":{"start":{"line":70,"column":6},"end":{"line":70,"column":13}},"29":{"start":{"line":73,"column":4},"end":{"line":73,"column":23}},"30":{"start":{"line":74,"column":4},"end":{"line":74,"column":19}},"31":{"start":{"line":76,"column":4},"end":{"line":101,"column":5}},"32":{"start":{"line":77,"column":36},"end":{"line":77,"column":38}},"33":{"start":{"line":79,"column":6},"end":{"line":89,"column":7}},"34":{"start":{"line":81,"column":10},"end":{"line":81,"column":73}},"35":{"start":{"line":82,"column":10},"end":{"line":82,"column":16}},"36":{"start":{"line":84,"column":10},"end":{"line":84,"column":73}},"37":{"start":{"line":85,"column":10},"end":{"line":85,"column":16}},"38":{"start":{"line":87,"column":10},"end":{"line":87,"column":69}},"39":{"start":{"line":88,"column":10},"end":{"line":88,"column":16}},"40":{"start":{"line":91,"column":6},"end":{"line":91,"column":27}},"41":{"start":{"line":93,"column":6},"end":{"line":95,"column":7}},"42":{"start":{"line":94,"column":8},"end":{"line":94,"column":83}},"43":{"start":{"line":97,"column":6},"end":{"line":97,"column":59}},"44":{"start":{"line":98,"column":6},"end":{"line":98,"column":84}},"45":{"start":{"line":100,"column":6},"end":{"line":100,"column":26}},"46":{"start":{"line":105,"column":24},"end":{"line":109,"column":3}},"47":{"start":{"line":106,"column":4},"end":{"line":106,"column":33}},"48":{"start":{"line":107,"column":4},"end":{"line":107,"column":29}},"49":{"start":{"line":108,"column":4},"end":{"line":108,"column":20}},"50":{"start":{"line":112,"column":20},"end":{"line":116,"column":3}},"51":{"start":{"line":113,"column":4},"end":{"line":113,"column":29}},"52":{"start":{"line":114,"column":4},"end":{"line":114,"column":25}},"53":{"start":{"line":115,"column":4},"end":{"line":115,"column":20}},"54":{"start":{"line":119,"column":31},"end":{"line":148,"column":3}},"55":{"start":{"line":120,"column":4},"end":{"line":147,"column":11}},"56":{"start":{"line":123,"column":23},"end":{"line":123,"column":44}},"57":{"start":{"line":132,"column":23},"end":{"line":132,"column":47}},"58":{"start":{"line":141,"column":23},"end":{"line":141,"column":43}},"59":{"start":{"line":151,"column":24},"end":{"line":243,"column":3}},"60":{"start":{"line":152,"column":4},"end":{"line":159,"column":5}},"61":{"start":{"line":153,"column":6},"end":{"line":158,"column":8}},"62":{"start":{"line":161,"column":4},"end":{"line":167,"column":5}},"63":{"start":{"line":162,"column":6},"end":{"line":166,"column":8}},"64":{"start":{"line":169,"column":4},"end":{"line":184,"column":5}},"65":{"start":{"line":170,"column":6},"end":{"line":183,"column":8}},"66":{"start":{"line":173,"column":34},"end":{"line":173,"column":50}},"67":{"start":{"line":175,"column":12},"end":{"line":179,"column":14}},"68":{"start":{"line":187,"column":4},"end":{"line":242,"column":5}},"69":{"start":{"line":189,"column":8},"end":{"line":209,"column":10}},"70":{"start":{"line":192,"column":36},"end":{"line":192,"column":45}},"71":{"start":{"line":194,"column":14},"end":{"line":202,"column":33}},"72":{"start":{"line":196,"column":31},"end":{"line":196,"column":50}},"73":{"start":{"line":212,"column":8},"end":{"line":232,"column":10}},"74":{"start":{"line":215,"column":36},"end":{"line":215,"column":45}},"75":{"start":{"line":217,"column":14},"end":{"line":225,"column":33}},"76":{"start":{"line":219,"column":31},"end":{"line":219,"column":46}},"77":{"start":{"line":235,"column":8},"end":{"line":241,"column":10}},"78":{"start":{"line":245,"column":2},"end":{"line":272,"column":4}},"79":{"start":{"line":275,"column":15},"end":{"line":391,"column":2}}},"fnMap":{"0":{"name":"(anonymous_0)","decl":{"start":{"line":23,"column":55},"end":{"line":23,"column":56}},"loc":{"start":{"line":26,"column":6},"end":{"line":273,"column":1}},"line":26},"1":{"name":"(anonymous_1)","decl":{"start":{"line":37,"column":12},"end":{"line":37,"column":13}},"loc":{"start":{"line":37,"column":18},"end":{"line":40,"column":3}},"line":37},"2":{"name":"(anonymous_2)","decl":{"start":{"line":43,"column":24},"end":{"line":43,"column":25}},"loc":{"start":{"line":43,"column":51},"end":{"line":52,"column":3}},"line":43},"3":{"name":"(anonymous_3)","decl":{"start":{"line":47,"column":38},"end":{"line":47,"column":39}},"loc":{"start":{"line":47,"column":48},"end":{"line":47,"column":79}},"line":47},"4":{"name":"(anonymous_4)","decl":{"start":{"line":55,"column":19},"end":{"line":55,"column":20}},"loc":{"start":{"line":55,"column":46},"end":{"line":64,"column":3}},"line":55},"5":{"name":"(anonymous_5)","decl":{"start":{"line":59,"column":28},"end":{"line":59,"column":29}},"loc":{"start":{"line":59,"column":38},"end":{"line":59,"column":69}},"line":59},"6":{"name":"(anonymous_6)","decl":{"start":{"line":67,"column":24},"end":{"line":67,"column":25}},"loc":{"start":{"line":67,"column":51},"end":{"line":102,"column":3}},"line":67},"7":{"name":"(anonymous_7)","decl":{"start":{"line":105,"column":24},"end":{"line":105,"column":25}},"loc":{"start":{"line":105,"column":52},"end":{"line":109,"column":3}},"line":105},"8":{"name":"(anonymous_8)","decl":{"start":{"line":112,"column":20},"end":{"line":112,"column":21}},"loc":{"start":{"line":112,"column":40},"end":{"line":116,"column":3}},"line":112},"9":{"name":"(anonymous_9)","decl":{"start":{"line":119,"column":31},"end":{"line":119,"column":32}},"loc":{"start":{"line":120,"column":4},"end":{"line":147,"column":11}},"line":120},"10":{"name":"(anonymous_10)","decl":{"start":{"line":123,"column":17},"end":{"line":123,"column":18}},"loc":{"start":{"line":123,"column":23},"end":{"line":123,"column":44}},"line":123},"11":{"name":"(anonymous_11)","decl":{"start":{"line":132,"column":17},"end":{"line":132,"column":18}},"loc":{"start":{"line":132,"column":23},"end":{"line":132,"column":47}},"line":132},"12":{"name":"(anonymous_12)","decl":{"start":{"line":141,"column":17},"end":{"line":141,"column":18}},"loc":{"start":{"line":141,"column":23},"end":{"line":141,"column":43}},"line":141},"13":{"name":"(anonymous_13)","decl":{"start":{"line":151,"column":24},"end":{"line":151,"column":25}},"loc":{"start":{"line":151,"column":43},"end":{"line":243,"column":3}},"line":151},"14":{"name":"(anonymous_14)","decl":{"start":{"line":173,"column":24},"end":{"line":173,"column":25}},"loc":{"start":{"line":173,"column":34},"end":{"line":173,"column":50}},"line":173},"15":{"name":"(anonymous_15)","decl":{"start":{"line":174,"column":22},"end":{"line":174,"column":23}},"loc":{"start":{"line":175,"column":12},"end":{"line":179,"column":14}},"line":175},"16":{"name":"(anonymous_16)","decl":{"start":{"line":192,"column":26},"end":{"line":192,"column":27}},"loc":{"start":{"line":192,"column":36},"end":{"line":192,"column":45}},"line":192},"17":{"name":"(anonymous_17)","decl":{"start":{"line":193,"column":24},"end":{"line":193,"column":25}},"loc":{"start":{"line":194,"column":14},"end":{"line":202,"column":33}},"line":194},"18":{"name":"(anonymous_18)","decl":{"start":{"line":196,"column":25},"end":{"line":196,"column":26}},"loc":{"start":{"line":196,"column":31},"end":{"line":196,"column":50}},"line":196},"19":{"name":"(anonymous_19)","decl":{"start":{"line":215,"column":26},"end":{"line":215,"column":27}},"loc":{"start":{"line":215,"column":36},"end":{"line":215,"column":45}},"line":215},"20":{"name":"(anonymous_20)","decl":{"start":{"line":216,"column":24},"end":{"line":216,"column":25}},"loc":{"start":{"line":217,"column":14},"end":{"line":225,"column":33}},"line":217},"21":{"name":"(anonymous_21)","decl":{"start":{"line":219,"column":25},"end":{"line":219,"column":26}},"loc":{"start":{"line":219,"column":31},"end":{"line":219,"column":46}},"line":219}},"branchMap":{"0":{"loc":{"start":{"line":68,"column":4},"end":{"line":71,"column":5}},"type":"if","locations":[{"start":{"line":68,"column":4},"end":{"line":71,"column":5}},{"start":{},"end":{}}],"line":68},"1":{"loc":{"start":{"line":68,"column":8},"end":{"line":68,"column":52}},"type":"binary-expr","locations":[{"start":{"line":68,"column":8},"end":{"line":68,"column":27}},{"start":{"line":68,"column":31},"end":{"line":68,"column":52}}],"line":68},"2":{"loc":{"start":{"line":79,"column":6},"end":{"line":89,"column":7}},"type":"switch","locations":[{"start":{"line":80,"column":8},"end":{"line":82,"column":16}},{"start":{"line":83,"column":8},"end":{"line":85,"column":16}},{"start":{"line":86,"column":8},"end":{"line":88,"column":16}}],"line":79},"3":{"loc":{"start":{"line":93,"column":6},"end":{"line":95,"column":7}},"type":"if","locations":[{"start":{"line":93,"column":6},"end":{"line":95,"column":7}},{"start":{},"end":{}}],"line":93},"4":{"loc":{"start":{"line":122,"column":28},"end":{"line":122,"column":69}},"type":"binary-expr","locations":[{"start":{"line":122,"column":28},"end":{"line":122,"column":49}},{"start":{"line":122,"column":53},"end":{"line":122,"column":69}}],"line":122},"5":{"loc":{"start":{"line":125,"column":38},"end":{"line":125,"column":83}},"type":"binary-expr","locations":[{"start":{"line":125,"column":38},"end":{"line":125,"column":59}},{"start":{"line":125,"column":63},"end":{"line":125,"column":83}}],"line":125},"6":{"loc":{"start":{"line":131,"column":28},"end":{"line":131,"column":72}},"type":"binary-expr","locations":[{"start":{"line":131,"column":28},"end":{"line":131,"column":52}},{"start":{"line":131,"column":56},"end":{"line":131,"column":72}}],"line":131},"7":{"loc":{"start":{"line":134,"column":38},"end":{"line":134,"column":86}},"type":"binary-expr","locations":[{"start":{"line":134,"column":38},"end":{"line":134,"column":62}},{"start":{"line":134,"column":66},"end":{"line":134,"column":86}}],"line":134},"8":{"loc":{"start":{"line":140,"column":28},"end":{"line":140,"column":68}},"type":"binary-expr","locations":[{"start":{"line":140,"column":28},"end":{"line":140,"column":48}},{"start":{"line":140,"column":52},"end":{"line":140,"column":68}}],"line":140},"9":{"loc":{"start":{"line":143,"column":38},"end":{"line":143,"column":82}},"type":"binary-expr","locations":[{"start":{"line":143,"column":38},"end":{"line":143,"column":58}},{"start":{"line":143,"column":62},"end":{"line":143,"column":82}}],"line":143},"10":{"loc":{"start":{"line":152,"column":4},"end":{"line":159,"column":5}},"type":"if","locations":[{"start":{"line":152,"column":4},"end":{"line":159,"column":5}},{"start":{},"end":{}}],"line":152},"11":{"loc":{"start":{"line":161,"column":4},"end":{"line":167,"column":5}},"type":"if","locations":[{"start":{"line":161,"column":4},"end":{"line":167,"column":5}},{"start":{},"end":{}}],"line":161},"12":{"loc":{"start":{"line":169,"column":4},"end":{"line":184,"column":5}},"type":"if","locations":[{"start":{"line":169,"column":4},"end":{"line":184,"column":5}},{"start":{},"end":{}}],"line":169},"13":{"loc":{"start":{"line":187,"column":4},"end":{"line":242,"column":5}},"type":"switch","locations":[{"start":{"line":188,"column":6},"end":{"line":209,"column":10}},{"start":{"line":211,"column":6},"end":{"line":232,"column":10}},{"start":{"line":234,"column":6},"end":{"line":241,"column":10}}],"line":187},"14":{"loc":{"start":{"line":253,"column":12},"end":{"line":257,"column":49}},"type":"cond-expr","locations":[{"start":{"line":254,"column":16},"end":{"line":254,"column":50}},{"start":{"line":255,"column":16},"end":{"line":257,"column":49}}],"line":253},"15":{"loc":{"start":{"line":255,"column":16},"end":{"line":257,"column":49}},"type":"cond-expr","locations":[{"start":{"line":256,"column":16},"end":{"line":256,"column":40}},{"start":{"line":257,"column":16},"end":{"line":257,"column":49}}],"line":255}},"s":{"0":0,"1":0,"2":0,"3":0,"4":0,"5":0,"6":0,"7":0,"8":0,"9":0,"10":0,"11":0,"12":0,"13":0,"14":0,"15":0,"16":0,"17":0,"18":0,"19":0,"20":0,"21":0,"22":0,"23":0,"24":0,"25":0,"26":0,"27":0,"28":0,"29":0,"30":0,"31":0,"32":0,"33":0,"34":0,"35":0,"36":0,"37":0,"38":0,"39":0,"40":0,"41":0,"42":0,"43":0,"44":0,"45":0,"46":0,"47":0,"48":0,"49":0,"50":0,"51":0,"52":0,"53":0,"54":0,"55":0,"56":0,"57":0,"58":0,"59":0,"60":0,"61":0,"62":0,"63":0,"64":0,"65":0,"66":0,"67":0,"68":0,"69":0,"70":0,"71":0,"72":0,"73":0,"74":0,"75":0,"76":0,"77":0,"78":0,"79":0},"f":{"0":0,"1":0,"2":0,"3":0,"4":0,"5":0,"6":0,"7":0,"8":0,"9":0,"10":0,"11":0,"12":0,"13":0,"14":0,"15":0,"16":0,"17":0,"18":0,"19":0,"20":0,"21":0},"b":{"0":[0,0],"1":[0,0],"2":[0,0,0],"3":[0,0],"4":[0,0],"5":[0,0],"6":[0,0],"7":[0,0],"8":[0,0],"9":[0,0],"10":[0,0],"11":[0,0],"12":[0,0],"13":[0,0,0],"14":[0,0],"15":[0,0]}}
,"/Users/damienaltman/Desktop/projet_perso/alarm-v2/aurora-wake/src/components/RadioStationItem.tsx": {"path":"/Users/damienaltman/Desktop/projet_perso/alarm-v2/aurora-wake/src/components/RadioStationItem.tsx","statementMap":{"0":{"start":{"line":12,"column":58},"end":{"line":103,"column":1}},"1":{"start":{"line":17,"column":32},"end":{"line":17,"column":42}},"2":{"start":{"line":20,"column":21},"end":{"line":23,"column":3}},"3":{"start":{"line":21,"column":4},"end":{"line":21,"column":37}},"4":{"start":{"line":21,"column":27},"end":{"line":21,"column":37}},"5":{"start":{"line":22,"column":4},"end":{"line":22,"column":39}},"6":{"start":{"line":26,"column":26},"end":{"line":26,"column":79}},"7":{"start":{"line":28,"column":2},"end":{"line":102,"column":4}},"8":{"start":{"line":44,"column":21},"end":{"line":44,"column":37}},"9":{"start":{"line":105,"column":15},"end":{"line":169,"column":2}},"10":{"start":{"line":173,"column":2},"end":{"line":176,"column":4}}},"fnMap":{"0":{"name":"(anonymous_0)","decl":{"start":{"line":12,"column":58},"end":{"line":12,"column":59}},"loc":{"start":{"line":16,"column":6},"end":{"line":103,"column":1}},"line":16},"1":{"name":"(anonymous_1)","decl":{"start":{"line":20,"column":21},"end":{"line":20,"column":22}},"loc":{"start":{"line":20,"column":49},"end":{"line":23,"column":3}},"line":20},"2":{"name":"(anonymous_2)","decl":{"start":{"line":44,"column":15},"end":{"line":44,"column":16}},"loc":{"start":{"line":44,"column":21},"end":{"line":44,"column":37}},"line":44},"3":{"name":"(anonymous_3)","decl":{"start":{"line":172,"column":38},"end":{"line":172,"column":39}},"loc":{"start":{"line":172,"column":64},"end":{"line":177,"column":1}},"line":172}},"branchMap":{"0":{"loc":{"start":{"line":15,"column":2},"end":{"line":15,"column":20}},"type":"default-arg","locations":[{"start":{"line":15,"column":15},"end":{"line":15,"column":20}}],"line":15},"1":{"loc":{"start":{"line":21,"column":4},"end":{"line":21,"column":37}},"type":"if","locations":[{"start":{"line":21,"column":4},"end":{"line":21,"column":37}},{"start":{},"end":{}}],"line":21},"2":{"loc":{"start":{"line":26,"column":26},"end":{"line":26,"column":79}},"type":"binary-expr","locations":[{"start":{"line":26,"column":26},"end":{"line":26,"column":41}},{"start":{"line":26,"column":45},"end":{"line":26,"column":79}}],"line":26},"3":{"loc":{"start":{"line":34,"column":23},"end":{"line":34,"column":79}},"type":"cond-expr","locations":[{"start":{"line":34,"column":36},"end":{"line":34,"column":56}},{"start":{"line":34,"column":59},"end":{"line":34,"column":79}}],"line":34},"4":{"loc":{"start":{"line":36,"column":8},"end":{"line":42,"column":9}},"type":"binary-expr","locations":[{"start":{"line":36,"column":8},"end":{"line":36,"column":18}},{"start":{"line":36,"column":22},"end":{"line":42,"column":9}}],"line":36},"5":{"loc":{"start":{"line":48,"column":9},"end":{"line":61,"column":9}},"type":"cond-expr","locations":[{"start":{"line":49,"column":10},"end":{"line":53,"column":12}},{"start":{"line":55,"column":10},"end":{"line":60,"column":17}}],"line":48},"6":{"loc":{"start":{"line":57,"column":31},"end":{"line":57,"column":62}},"type":"cond-expr","locations":[{"start":{"line":57,"column":44},"end":{"line":57,"column":50}},{"start":{"line":57,"column":53},"end":{"line":57,"column":62}}],"line":57},"7":{"loc":{"start":{"line":73,"column":9},"end":{"line":80,"column":9}},"type":"binary-expr","locations":[{"start":{"line":73,"column":9},"end":{"line":73,"column":24}},{"start":{"line":74,"column":10},"end":{"line":79,"column":17}}],"line":73},"8":{"loc":{"start":{"line":82,"column":9},"end":{"line":90,"column":9}},"type":"binary-expr","locations":[{"start":{"line":82,"column":9},"end":{"line":82,"column":21}},{"start":{"line":82,"column":25},"end":{"line":82,"column":48}},{"start":{"line":83,"column":10},"end":{"line":89,"column":17}}],"line":82},"9":{"loc":{"start":{"line":93,"column":7},"end":{"line":100,"column":7}},"type":"binary-expr","locations":[{"start":{"line":93,"column":7},"end":{"line":93,"column":17}},{"start":{"line":94,"column":8},"end":{"line":99,"column":15}}],"line":93},"10":{"loc":{"start":{"line":174,"column":4},"end":{"line":175,"column":49}},"type":"binary-expr","locations":[{"start":{"line":174,"column":4},"end":{"line":174,"column":67}},{"start":{"line":175,"column":4},"end":{"line":175,"column":49}}],"line":174}},"s":{"0":0,"1":0,"2":0,"3":0,"4":0,"5":0,"6":0,"7":0,"8":0,"9":0,"10":0},"f":{"0":0,"1":0,"2":0,"3":0},"b":{"0":[0],"1":[0,0],"2":[0,0],"3":[0,0],"4":[0,0],"5":[0,0],"6":[0,0],"7":[0,0],"8":[0,0,0],"9":[0,0],"10":[0,0]}}
,"/Users/damienaltman/Desktop/projet_perso/alarm-v2/aurora-wake/src/components/TimeSelector.tsx": {"path":"/Users/damienaltman/Desktop/projet_perso/alarm-v2/aurora-wake/src/components/TimeSelector.tsx","statementMap":{"0":{"start":{"line":10,"column":57},"end":{"line":71,"column":1}},"1":{"start":{"line":12,"column":32},"end":{"line":17,"column":3}},"2":{"start":{"line":13,"column":29},"end":{"line":13,"column":62}},"3":{"start":{"line":14,"column":17},"end":{"line":14,"column":27}},"4":{"start":{"line":15,"column":4},"end":{"line":15,"column":40}},"5":{"start":{"line":16,"column":4},"end":{"line":16,"column":16}},"6":{"start":{"line":20,"column":26},"end":{"line":20,"column":69}},"7":{"start":{"line":23,"column":38},"end":{"line":23,"column":78}},"8":{"start":{"line":26,"column":27},"end":{"line":39,"column":3}},"9":{"start":{"line":27,"column":4},"end":{"line":29,"column":5}},"10":{"start":{"line":28,"column":6},"end":{"line":28,"column":27}},"11":{"start":{"line":31,"column":4},"end":{"line":38,"column":5}},"12":{"start":{"line":32,"column":6},"end":{"line":32,"column":28}},"13":{"start":{"line":35,"column":20},"end":{"line":35,"column":71}},"14":{"start":{"line":36,"column":22},"end":{"line":36,"column":75}},"15":{"start":{"line":37,"column":6},"end":{"line":37,"column":38}},"16":{"start":{"line":42,"column":25},"end":{"line":44,"column":3}},"17":{"start":{"line":43,"column":4},"end":{"line":43,"column":24}},"18":{"start":{"line":46,"column":2},"end":{"line":70,"column":4}},"19":{"start":{"line":73,"column":15},"end":{"line":97,"column":2}}},"fnMap":{"0":{"name":"(anonymous_0)","decl":{"start":{"line":10,"column":57},"end":{"line":10,"column":58}},"loc":{"start":{"line":10,"column":81},"end":{"line":71,"column":1}},"line":10},"1":{"name":"(anonymous_1)","decl":{"start":{"line":12,"column":32},"end":{"line":12,"column":33}},"loc":{"start":{"line":12,"column":62},"end":{"line":17,"column":3}},"line":12},"2":{"name":"(anonymous_2)","decl":{"start":{"line":26,"column":27},"end":{"line":26,"column":28}},"loc":{"start":{"line":26,"column":86},"end":{"line":39,"column":3}},"line":26},"3":{"name":"(anonymous_3)","decl":{"start":{"line":42,"column":25},"end":{"line":42,"column":26}},"loc":{"start":{"line":42,"column":37},"end":{"line":44,"column":3}},"line":42}},"branchMap":{"0":{"loc":{"start":{"line":27,"column":4},"end":{"line":29,"column":5}},"type":"if","locations":[{"start":{"line":27,"column":4},"end":{"line":29,"column":5}},{"start":{},"end":{}}],"line":27},"1":{"loc":{"start":{"line":31,"column":4},"end":{"line":38,"column":5}},"type":"if","locations":[{"start":{"line":31,"column":4},"end":{"line":38,"column":5}},{"start":{},"end":{}}],"line":31},"2":{"loc":{"start":{"line":50,"column":7},"end":{"line":57,"column":7}},"type":"binary-expr","locations":[{"start":{"line":50,"column":7},"end":{"line":50,"column":32}},{"start":{"line":51,"column":8},"end":{"line":56,"column":27}}],"line":50},"3":{"loc":{"start":{"line":59,"column":7},"end":{"line":68,"column":7}},"type":"binary-expr","locations":[{"start":{"line":59,"column":8},"end":{"line":59,"column":18}},{"start":{"line":59,"column":22},"end":{"line":59,"column":43}},{"start":{"line":60,"column":8},"end":{"line":67,"column":10}}],"line":59},"4":{"loc":{"start":{"line":64,"column":19},"end":{"line":64,"column":64}},"type":"cond-expr","locations":[{"start":{"line":64,"column":43},"end":{"line":64,"column":52}},{"start":{"line":64,"column":55},"end":{"line":64,"column":64}}],"line":64}},"s":{"0":0,"1":0,"2":0,"3":0,"4":0,"5":0,"6":0,"7":0,"8":0,"9":0,"10":0,"11":0,"12":0,"13":0,"14":0,"15":0,"16":0,"17":0,"18":0,"19":0},"f":{"0":0,"1":0,"2":0,"3":0},"b":{"0":[0,0],"1":[0,0],"2":[0,0],"3":[0,0,0],"4":[0,0]}}
,"/Users/damienaltman/Desktop/projet_perso/alarm-v2/aurora-wake/src/contexts/ThemeContext.tsx": {"path":"/Users/damienaltman/Desktop/projet_perso/alarm-v2/aurora-wake/src/contexts/ThemeContext.tsx","statementMap":{"0":{"start":{"line":16,"column":21},"end":{"line":16,"column":75}},"1":{"start":{"line":18,"column":70},"end":{"line":56,"column":1}},"2":{"start":{"line":19,"column":28},"end":{"line":19,"column":55}},"3":{"start":{"line":20,"column":36},"end":{"line":20,"column":65}},"4":{"start":{"line":21,"column":28},"end":{"line":21,"column":98}},"5":{"start":{"line":23,"column":2},"end":{"line":30,"column":9}},"6":{"start":{"line":24,"column":22},"end":{"line":27,"column":5}},"7":{"start":{"line":25,"column":29},"end":{"line":25,"column":60}},"8":{"start":{"line":26,"column":6},"end":{"line":26,"column":35}},"9":{"start":{"line":29,"column":4},"end":{"line":29,"column":16}},"10":{"start":{"line":32,"column":2},"end":{"line":35,"column":37}},"11":{"start":{"line":33,"column":24},"end":{"line":33,"column":70}},"12":{"start":{"line":34,"column":4},"end":{"line":34,"column":62}},"13":{"start":{"line":37,"column":29},"end":{"line":40,"column":3}},"14":{"start":{"line":38,"column":4},"end":{"line":38,"column":38}},"15":{"start":{"line":39,"column":4},"end":{"line":39,"column":23}},"16":{"start":{"line":42,"column":21},"end":{"line":42,"column":40}},"17":{"start":{"line":44,"column":2},"end":{"line":55,"column":4}},"18":{"start":{"line":58,"column":24},"end":{"line":64,"column":1}},"19":{"start":{"line":59,"column":18},"end":{"line":59,"column":42}},"20":{"start":{"line":60,"column":2},"end":{"line":62,"column":3}},"21":{"start":{"line":61,"column":4},"end":{"line":61,"column":85}},"22":{"start":{"line":63,"column":2},"end":{"line":63,"column":17}}},"fnMap":{"0":{"name":"(anonymous_0)","decl":{"start":{"line":18,"column":70},"end":{"line":18,"column":71}},"loc":{"start":{"line":18,"column":88},"end":{"line":56,"column":1}},"line":18},"1":{"name":"(anonymous_1)","decl":{"start":{"line":23,"column":12},"end":{"line":23,"column":13}},"loc":{"start":{"line":23,"column":18},"end":{"line":30,"column":3}},"line":23},"2":{"name":"(anonymous_2)","decl":{"start":{"line":24,"column":22},"end":{"line":24,"column":23}},"loc":{"start":{"line":24,"column":34},"end":{"line":27,"column":5}},"line":24},"3":{"name":"(anonymous_3)","decl":{"start":{"line":32,"column":12},"end":{"line":32,"column":13}},"loc":{"start":{"line":32,"column":18},"end":{"line":35,"column":3}},"line":32},"4":{"name":"(anonymous_4)","decl":{"start":{"line":37,"column":29},"end":{"line":37,"column":30}},"loc":{"start":{"line":37,"column":56},"end":{"line":40,"column":3}},"line":37},"5":{"name":"(anonymous_5)","decl":{"start":{"line":58,"column":24},"end":{"line":58,"column":25}},"loc":{"start":{"line":58,"column":48},"end":{"line":64,"column":1}},"line":58}},"branchMap":{"0":{"loc":{"start":{"line":19,"column":28},"end":{"line":19,"column":55}},"type":"binary-expr","locations":[{"start":{"line":19,"column":28},"end":{"line":19,"column":44}},{"start":{"line":19,"column":48},"end":{"line":19,"column":55}}],"line":19},"1":{"loc":{"start":{"line":21,"column":44},"end":{"line":21,"column":97}},"type":"cond-expr","locations":[{"start":{"line":21,"column":75},"end":{"line":21,"column":84}},{"start":{"line":21,"column":87},"end":{"line":21,"column":97}}],"line":21},"2":{"loc":{"start":{"line":34,"column":13},"end":{"line":34,"column":60}},"type":"cond-expr","locations":[{"start":{"line":34,"column":38},"end":{"line":34,"column":47}},{"start":{"line":34,"column":50},"end":{"line":34,"column":60}}],"line":34},"3":{"loc":{"start":{"line":60,"column":2},"end":{"line":62,"column":3}},"type":"if","locations":[{"start":{"line":60,"column":2},"end":{"line":62,"column":3}},{"start":{},"end":{}}],"line":60}},"s":{"0":0,"1":0,"2":0,"3":0,"4":0,"5":0,"6":0,"7":0,"8":0,"9":0,"10":0,"11":0,"12":0,"13":0,"14":0,"15":0,"16":0,"17":0,"18":0,"19":0,"20":0,"21":0,"22":0},"f":{"0":0,"1":0,"2":0,"3":0,"4":0,"5":0},"b":{"0":[0,0],"1":[0,0],"2":[0,0],"3":[0,0]}}
,"/Users/damienaltman/Desktop/projet_perso/alarm-v2/aurora-wake/src/modules/AlarmManager.ts": {"path":"/Users/damienaltman/Desktop/projet_perso/alarm-v2/aurora-wake/src/modules/AlarmManager.ts","statementMap":{"0":{"start":{"line":8,"column":27},"end":{"line":8,"column":48}},"1":{"start":{"line":11,"column":0},"end":{"line":18,"column":3}},"2":{"start":{"line":12,"column":35},"end":{"line":17,"column":3}},"3":{"start":{"line":21,"column":38},"end":{"line":21,"column":42}},"4":{"start":{"line":22,"column":41},"end":{"line":22,"column":45}},"5":{"start":{"line":26,"column":4},"end":{"line":26,"column":34}},"6":{"start":{"line":29,"column":4},"end":{"line":29,"column":83}},"7":{"start":{"line":32,"column":4},"end":{"line":32,"column":91}},"8":{"start":{"line":38,"column":39},"end":{"line":38,"column":80}},"9":{"start":{"line":39,"column":22},"end":{"line":39,"column":36}},"10":{"start":{"line":41,"column":4},"end":{"line":44,"column":5}},"11":{"start":{"line":42,"column":25},"end":{"line":42,"column":70}},"12":{"start":{"line":43,"column":6},"end":{"line":43,"column":27}},"13":{"start":{"line":46,"column":4},"end":{"line":49,"column":5}},"14":{"start":{"line":47,"column":6},"end":{"line":47,"column":80}},"15":{"start":{"line":48,"column":6},"end":{"line":48,"column":13}},"16":{"start":{"line":54,"column":4},"end":{"line":63,"column":5}},"17":{"start":{"line":55,"column":25},"end":{"line":55,"column":71}},"18":{"start":{"line":56,"column":6},"end":{"line":58,"column":7}},"19":{"start":{"line":57,"column":8},"end":{"line":57,"column":49}},"20":{"start":{"line":59,"column":6},"end":{"line":59,"column":16}},"21":{"start":{"line":61,"column":6},"end":{"line":61,"column":74}},"22":{"start":{"line":62,"column":6},"end":{"line":62,"column":16}},"23":{"start":{"line":68,"column":4},"end":{"line":72,"column":5}},"24":{"start":{"line":69,"column":6},"end":{"line":69,"column":77}},"25":{"start":{"line":71,"column":6},"end":{"line":71,"column":72}},"26":{"start":{"line":77,"column":19},"end":{"line":77,"column":41}},"27":{"start":{"line":78,"column":4},"end":{"line":78,"column":23}},"28":{"start":{"line":79,"column":4},"end":{"line":79,"column":34}},"29":{"start":{"line":81,"column":4},"end":{"line":83,"column":5}},"30":{"start":{"line":82,"column":6},"end":{"line":82,"column":38}},"31":{"start":{"line":88,"column":19},"end":{"line":88,"column":41}},"32":{"start":{"line":89,"column":18},"end":{"line":89,"column":65}},"33":{"start":{"line":89,"column":40},"end":{"line":89,"column":64}},"34":{"start":{"line":91,"column":4},"end":{"line":103,"column":5}},"35":{"start":{"line":93,"column":6},"end":{"line":93,"column":47}},"36":{"start":{"line":96,"column":6},"end":{"line":96,"column":35}},"37":{"start":{"line":97,"column":6},"end":{"line":97,"column":36}},"38":{"start":{"line":100,"column":6},"end":{"line":102,"column":7}},"39":{"start":{"line":101,"column":8},"end":{"line":101,"column":47}},"40":{"start":{"line":109,"column":4},"end":{"line":109,"column":36}},"41":{"start":{"line":112,"column":19},"end":{"line":112,"column":41}},"42":{"start":{"line":113,"column":26},"end":{"line":113,"column":62}},"43":{"start":{"line":113,"column":45},"end":{"line":113,"column":61}},"44":{"start":{"line":114,"column":4},"end":{"line":114,"column":41}},"45":{"start":{"line":119,"column":19},"end":{"line":119,"column":41}},"46":{"start":{"line":120,"column":18},"end":{"line":120,"column":57}},"47":{"start":{"line":120,"column":40},"end":{"line":120,"column":56}},"48":{"start":{"line":122,"column":4},"end":{"line":134,"column":5}},"49":{"start":{"line":124,"column":6},"end":{"line":124,"column":38}},"50":{"start":{"line":127,"column":6},"end":{"line":127,"column":38}},"51":{"start":{"line":128,"column":6},"end":{"line":128,"column":36}},"52":{"start":{"line":131,"column":6},"end":{"line":133,"column":7}},"53":{"start":{"line":132,"column":8},"end":{"line":132,"column":48}},"54":{"start":{"line":140,"column":4},"end":{"line":140,"column":37}},"55":{"start":{"line":143,"column":4},"end":{"line":159,"column":5}},"56":{"start":{"line":144,"column":31},"end":{"line":144,"column":64}},"57":{"start":{"line":147,"column":23},"end":{"line":147,"column":65}},"58":{"start":{"line":150,"column":6},"end":{"line":158,"column":9}},"59":{"start":{"line":164,"column":35},"end":{"line":164,"column":90}},"60":{"start":{"line":166,"column":4},"end":{"line":170,"column":5}},"61":{"start":{"line":167,"column":6},"end":{"line":169,"column":7}},"62":{"start":{"line":168,"column":8},"end":{"line":168,"column":86}},"63":{"start":{"line":175,"column":17},"end":{"line":175,"column":27}},"64":{"start":{"line":176,"column":23},"end":{"line":176,"column":36}},"65":{"start":{"line":179,"column":20},"end":{"line":179,"column":42}},"66":{"start":{"line":180,"column":4},"end":{"line":183,"column":5}},"67":{"start":{"line":182,"column":6},"end":{"line":182,"column":21}},"68":{"start":{"line":186,"column":4},"end":{"line":194,"column":5}},"69":{"start":{"line":187,"column":27},"end":{"line":187,"column":42}},"70":{"start":{"line":188,"column":29},"end":{"line":188,"column":46}},"71":{"start":{"line":190,"column":6},"end":{"line":193,"column":7}},"72":{"start":{"line":192,"column":8},"end":{"line":192,"column":22}},"73":{"start":{"line":197,"column":4},"end":{"line":197,"column":45}},"74":{"start":{"line":198,"column":4},"end":{"line":198,"column":40}},"75":{"start":{"line":200,"column":4},"end":{"line":200,"column":16}},"76":{"start":{"line":204,"column":39},"end":{"line":217,"column":3}},"77":{"start":{"line":205,"column":20},"end":{"line":205,"column":72}},"78":{"start":{"line":206,"column":4},"end":{"line":206,"column":25}},"79":{"start":{"line":206,"column":18},"end":{"line":206,"column":25}},"80":{"start":{"line":209,"column":19},"end":{"line":209,"column":41}},"81":{"start":{"line":210,"column":18},"end":{"line":210,"column":52}},"82":{"start":{"line":210,"column":35},"end":{"line":210,"column":51}},"83":{"start":{"line":212,"column":4},"end":{"line":216,"column":5}},"84":{"start":{"line":214,"column":6},"end":{"line":214,"column":35}},"85":{"start":{"line":215,"column":6},"end":{"line":215,"column":60}},"86":{"start":{"line":220,"column":39},"end":{"line":234,"column":3}},"87":{"start":{"line":221,"column":20},"end":{"line":221,"column":81}},"88":{"start":{"line":222,"column":4},"end":{"line":222,"column":25}},"89":{"start":{"line":222,"column":18},"end":{"line":222,"column":25}},"90":{"start":{"line":225,"column":21},"end":{"line":225,"column":46}},"91":{"start":{"line":227,"column":4},"end":{"line":233,"column":5}},"92":{"start":{"line":229,"column":6},"end":{"line":229,"column":29}},"93":{"start":{"line":230,"column":11},"end":{"line":233,"column":5}},"94":{"start":{"line":232,"column":6},"end":{"line":232,"column":38}},"95":{"start":{"line":238,"column":4},"end":{"line":265,"column":5}},"96":{"start":{"line":240,"column":6},"end":{"line":240,"column":29}},"97":{"start":{"line":243,"column":6},"end":{"line":251,"column":9}},"98":{"start":{"line":254,"column":24},"end":{"line":257,"column":7}},"99":{"start":{"line":259,"column":6},"end":{"line":259,"column":25}},"100":{"start":{"line":262,"column":6},"end":{"line":262,"column":35}},"101":{"start":{"line":264,"column":6},"end":{"line":264,"column":69}},"102":{"start":{"line":270,"column":4},"end":{"line":280,"column":5}},"103":{"start":{"line":271,"column":6},"end":{"line":279,"column":7}},"104":{"start":{"line":272,"column":8},"end":{"line":272,"column":37}},"105":{"start":{"line":273,"column":8},"end":{"line":273,"column":39}},"106":{"start":{"line":275,"column":8},"end":{"line":275,"column":69}},"107":{"start":{"line":277,"column":8},"end":{"line":277,"column":26}},"108":{"start":{"line":278,"column":8},"end":{"line":278,"column":34}},"109":{"start":{"line":286,"column":4},"end":{"line":286,"column":27}},"110":{"start":{"line":289,"column":19},"end":{"line":289,"column":41}},"111":{"start":{"line":290,"column":18},"end":{"line":290,"column":52}},"112":{"start":{"line":290,"column":35},"end":{"line":290,"column":51}},"113":{"start":{"line":292,"column":4},"end":{"line":306,"column":5}},"114":{"start":{"line":294,"column":25},"end":{"line":294,"column":35}},"115":{"start":{"line":295,"column":6},"end":{"line":295,"column":76}},"116":{"start":{"line":297,"column":6},"end":{"line":305,"column":9}},"117":{"start":{"line":311,"column":4},"end":{"line":311,"column":39}},"118":{"start":{"line":316,"column":4},"end":{"line":316,"column":30}},"119":{"start":{"line":321,"column":4},"end":{"line":321,"column":31}},"120":{"start":{"line":321,"column":24},"end":{"line":321,"column":31}},"121":{"start":{"line":324,"column":16},"end":{"line":324,"column":26}},"122":{"start":{"line":325,"column":22},"end":{"line":325,"column":34}},"123":{"start":{"line":327,"column":4},"end":{"line":327,"column":48}},"124":{"start":{"line":327,"column":41},"end":{"line":327,"column":48}},"125":{"start":{"line":330,"column":29},"end":{"line":330,"column":62}},"126":{"start":{"line":331,"column":22},"end":{"line":331,"column":32}},"127":{"start":{"line":332,"column":4},"end":{"line":332,"column":45}},"128":{"start":{"line":335,"column":4},"end":{"line":335,"column":52}},"129":{"start":{"line":335,"column":45},"end":{"line":335,"column":52}},"130":{"start":{"line":338,"column":28},"end":{"line":338,"column":41}},"131":{"start":{"line":339,"column":4},"end":{"line":341,"column":5}},"132":{"start":{"line":340,"column":6},"end":{"line":340,"column":36}},"133":{"start":{"line":346,"column":28},"end":{"line":346,"column":46}}},"fnMap":{"0":{"name":"(anonymous_0)","decl":{"start":{"line":12,"column":22},"end":{"line":12,"column":23}},"loc":{"start":{"line":12,"column":35},"end":{"line":17,"column":3}},"line":12},"1":{"name":"(anonymous_1)","decl":{"start":{"line":24,"column":2},"end":{"line":24,"column":3}},"loc":{"start":{"line":24,"column":16},"end":{"line":33,"column":3}},"line":24},"2":{"name":"(anonymous_2)","decl":{"start":{"line":36,"column":2},"end":{"line":36,"column":3}},"loc":{"start":{"line":36,"column":56},"end":{"line":50,"column":3}},"line":36},"3":{"name":"(anonymous_3)","decl":{"start":{"line":53,"column":2},"end":{"line":53,"column":3}},"loc":{"start":{"line":53,"column":45},"end":{"line":64,"column":3}},"line":53},"4":{"name":"(anonymous_4)","decl":{"start":{"line":67,"column":2},"end":{"line":67,"column":3}},"loc":{"start":{"line":67,"column":59},"end":{"line":73,"column":3}},"line":67},"5":{"name":"(anonymous_5)","decl":{"start":{"line":76,"column":2},"end":{"line":76,"column":3}},"loc":{"start":{"line":76,"column":53},"end":{"line":84,"column":3}},"line":76},"6":{"name":"(anonymous_6)","decl":{"start":{"line":87,"column":2},"end":{"line":87,"column":3}},"loc":{"start":{"line":87,"column":63},"end":{"line":104,"column":3}},"line":87},"7":{"name":"(anonymous_7)","decl":{"start":{"line":89,"column":35},"end":{"line":89,"column":36}},"loc":{"start":{"line":89,"column":40},"end":{"line":89,"column":64}},"line":89},"8":{"name":"(anonymous_8)","decl":{"start":{"line":107,"column":2},"end":{"line":107,"column":3}},"loc":{"start":{"line":107,"column":59},"end":{"line":115,"column":3}},"line":107},"9":{"name":"(anonymous_9)","decl":{"start":{"line":113,"column":40},"end":{"line":113,"column":41}},"loc":{"start":{"line":113,"column":45},"end":{"line":113,"column":61}},"line":113},"10":{"name":"(anonymous_10)","decl":{"start":{"line":118,"column":2},"end":{"line":118,"column":3}},"loc":{"start":{"line":118,"column":77},"end":{"line":135,"column":3}},"line":118},"11":{"name":"(anonymous_11)","decl":{"start":{"line":120,"column":35},"end":{"line":120,"column":36}},"loc":{"start":{"line":120,"column":40},"end":{"line":120,"column":56}},"line":120},"12":{"name":"(anonymous_12)","decl":{"start":{"line":138,"column":2},"end":{"line":138,"column":3}},"loc":{"start":{"line":138,"column":59},"end":{"line":160,"column":3}},"line":138},"13":{"name":"(anonymous_13)","decl":{"start":{"line":163,"column":2},"end":{"line":163,"column":3}},"loc":{"start":{"line":163,"column":60},"end":{"line":171,"column":3}},"line":163},"14":{"name":"(anonymous_14)","decl":{"start":{"line":174,"column":2},"end":{"line":174,"column":3}},"loc":{"start":{"line":174,"column":84},"end":{"line":201,"column":3}},"line":174},"15":{"name":"(anonymous_15)","decl":{"start":{"line":204,"column":39},"end":{"line":204,"column":40}},"loc":{"start":{"line":204,"column":106},"end":{"line":217,"column":3}},"line":204},"16":{"name":"(anonymous_16)","decl":{"start":{"line":210,"column":30},"end":{"line":210,"column":31}},"loc":{"start":{"line":210,"column":35},"end":{"line":210,"column":51}},"line":210},"17":{"name":"(anonymous_17)","decl":{"start":{"line":220,"column":39},"end":{"line":220,"column":40}},"loc":{"start":{"line":220,"column":110},"end":{"line":234,"column":3}},"line":220},"18":{"name":"(anonymous_18)","decl":{"start":{"line":237,"column":2},"end":{"line":237,"column":3}},"loc":{"start":{"line":237,"column":59},"end":{"line":266,"column":3}},"line":237},"19":{"name":"(anonymous_19)","decl":{"start":{"line":269,"column":2},"end":{"line":269,"column":3}},"loc":{"start":{"line":269,"column":42},"end":{"line":281,"column":3}},"line":269},"20":{"name":"(anonymous_20)","decl":{"start":{"line":284,"column":2},"end":{"line":284,"column":3}},"loc":{"start":{"line":284,"column":60},"end":{"line":307,"column":3}},"line":284},"21":{"name":"(anonymous_21)","decl":{"start":{"line":290,"column":30},"end":{"line":290,"column":31}},"loc":{"start":{"line":290,"column":35},"end":{"line":290,"column":51}},"line":290},"22":{"name":"(anonymous_22)","decl":{"start":{"line":310,"column":2},"end":{"line":310,"column":3}},"loc":{"start":{"line":310,"column":34},"end":{"line":312,"column":3}},"line":310},"23":{"name":"(anonymous_23)","decl":{"start":{"line":315,"column":2},"end":{"line":315,"column":3}},"loc":{"start":{"line":315,"column":36},"end":{"line":317,"column":3}},"line":315},"24":{"name":"(anonymous_24)","decl":{"start":{"line":320,"column":2},"end":{"line":320,"column":3}},"loc":{"start":{"line":320,"column":57},"end":{"line":342,"column":3}},"line":320}},"branchMap":{"0":{"loc":{"start":{"line":41,"column":4},"end":{"line":44,"column":5}},"type":"if","locations":[{"start":{"line":41,"column":4},"end":{"line":44,"column":5}},{"start":{},"end":{}}],"line":41},"1":{"loc":{"start":{"line":46,"column":4},"end":{"line":49,"column":5}},"type":"if","locations":[{"start":{"line":46,"column":4},"end":{"line":49,"column":5}},{"start":{},"end":{}}],"line":46},"2":{"loc":{"start":{"line":56,"column":6},"end":{"line":58,"column":7}},"type":"if","locations":[{"start":{"line":56,"column":6},"end":{"line":58,"column":7}},{"start":{},"end":{}}],"line":56},"3":{"loc":{"start":{"line":81,"column":4},"end":{"line":83,"column":5}},"type":"if","locations":[{"start":{"line":81,"column":4},"end":{"line":83,"column":5}},{"start":{},"end":{}}],"line":81},"4":{"loc":{"start":{"line":91,"column":4},"end":{"line":103,"column":5}},"type":"if","locations":[{"start":{"line":91,"column":4},"end":{"line":103,"column":5}},{"start":{},"end":{}}],"line":91},"5":{"loc":{"start":{"line":100,"column":6},"end":{"line":102,"column":7}},"type":"if","locations":[{"start":{"line":100,"column":6},"end":{"line":102,"column":7}},{"start":{},"end":{}}],"line":100},"6":{"loc":{"start":{"line":122,"column":4},"end":{"line":134,"column":5}},"type":"if","locations":[{"start":{"line":122,"column":4},"end":{"line":134,"column":5}},{"start":{},"end":{}}],"line":122},"7":{"loc":{"start":{"line":131,"column":6},"end":{"line":133,"column":7}},"type":"if","locations":[{"start":{"line":131,"column":6},"end":{"line":133,"column":7}},{"start":{},"end":{}}],"line":131},"8":{"loc":{"start":{"line":152,"column":17},"end":{"line":152,"column":40}},"type":"binary-expr","locations":[{"start":{"line":152,"column":17},"end":{"line":152,"column":28}},{"start":{"line":152,"column":32},"end":{"line":152,"column":40}}],"line":152},"9":{"loc":{"start":{"line":167,"column":6},"end":{"line":169,"column":7}},"type":"if","locations":[{"start":{"line":167,"column":6},"end":{"line":169,"column":7}},{"start":{},"end":{}}],"line":167},"10":{"loc":{"start":{"line":180,"column":4},"end":{"line":183,"column":5}},"type":"if","locations":[{"start":{"line":180,"column":4},"end":{"line":183,"column":5}},{"start":{},"end":{}}],"line":180},"11":{"loc":{"start":{"line":186,"column":4},"end":{"line":194,"column":5}},"type":"if","locations":[{"start":{"line":186,"column":4},"end":{"line":194,"column":5}},{"start":{},"end":{}}],"line":186},"12":{"loc":{"start":{"line":190,"column":6},"end":{"line":193,"column":7}},"type":"if","locations":[{"start":{"line":190,"column":6},"end":{"line":193,"column":7}},{"start":{},"end":{}}],"line":190},"13":{"loc":{"start":{"line":190,"column":10},"end":{"line":190,"column":87}},"type":"binary-expr","locations":[{"start":{"line":190,"column":10},"end":{"line":190,"column":30}},{"start":{"line":190,"column":35},"end":{"line":190,"column":57}},{"start":{"line":190,"column":61},"end":{"line":190,"column":86}}],"line":190},"14":{"loc":{"start":{"line":206,"column":4},"end":{"line":206,"column":25}},"type":"if","locations":[{"start":{"line":206,"column":4},"end":{"line":206,"column":25}},{"start":{},"end":{}}],"line":206},"15":{"loc":{"start":{"line":212,"column":4},"end":{"line":216,"column":5}},"type":"if","locations":[{"start":{"line":212,"column":4},"end":{"line":216,"column":5}},{"start":{},"end":{}}],"line":212},"16":{"loc":{"start":{"line":212,"column":8},"end":{"line":212,"column":35}},"type":"binary-expr","locations":[{"start":{"line":212,"column":8},"end":{"line":212,"column":13}},{"start":{"line":212,"column":17},"end":{"line":212,"column":35}}],"line":212},"17":{"loc":{"start":{"line":222,"column":4},"end":{"line":222,"column":25}},"type":"if","locations":[{"start":{"line":222,"column":4},"end":{"line":222,"column":25}},{"start":{},"end":{}}],"line":222},"18":{"loc":{"start":{"line":227,"column":4},"end":{"line":233,"column":5}},"type":"if","locations":[{"start":{"line":227,"column":4},"end":{"line":233,"column":5}},{"start":{"line":230,"column":11},"end":{"line":233,"column":5}}],"line":227},"19":{"loc":{"start":{"line":230,"column":11},"end":{"line":233,"column":5}},"type":"if","locations":[{"start":{"line":230,"column":11},"end":{"line":233,"column":5}},{"start":{},"end":{}}],"line":230},"20":{"loc":{"start":{"line":270,"column":4},"end":{"line":280,"column":5}},"type":"if","locations":[{"start":{"line":270,"column":4},"end":{"line":280,"column":5}},{"start":{},"end":{}}],"line":270},"21":{"loc":{"start":{"line":292,"column":4},"end":{"line":306,"column":5}},"type":"if","locations":[{"start":{"line":292,"column":4},"end":{"line":306,"column":5}},{"start":{},"end":{}}],"line":292},"22":{"loc":{"start":{"line":292,"column":8},"end":{"line":292,"column":36}},"type":"binary-expr","locations":[{"start":{"line":292,"column":8},"end":{"line":292,"column":13}},{"start":{"line":292,"column":17},"end":{"line":292,"column":36}}],"line":292},"23":{"loc":{"start":{"line":299,"column":20},"end":{"line":299,"column":43}},"type":"binary-expr","locations":[{"start":{"line":299,"column":20},"end":{"line":299,"column":31}},{"start":{"line":299,"column":35},"end":{"line":299,"column":43}}],"line":299},"24":{"loc":{"start":{"line":321,"column":4},"end":{"line":321,"column":31}},"type":"if","locations":[{"start":{"line":321,"column":4},"end":{"line":321,"column":31}},{"start":{},"end":{}}],"line":321},"25":{"loc":{"start":{"line":327,"column":4},"end":{"line":327,"column":48}},"type":"if","locations":[{"start":{"line":327,"column":4},"end":{"line":327,"column":48}},{"start":{},"end":{}}],"line":327},"26":{"loc":{"start":{"line":335,"column":4},"end":{"line":335,"column":52}},"type":"if","locations":[{"start":{"line":335,"column":4},"end":{"line":335,"column":52}},{"start":{},"end":{}}],"line":335},"27":{"loc":{"start":{"line":339,"column":4},"end":{"line":341,"column":5}},"type":"if","locations":[{"start":{"line":339,"column":4},"end":{"line":341,"column":5}},{"start":{},"end":{}}],"line":339}},"s":{"0":1,"1":1,"2":0,"3":1,"4":1,"5":1,"6":1,"7":1,"8":1,"9":1,"10":1,"11":0,"12":0,"13":1,"14":0,"15":0,"16":2,"17":2,"18":2,"19":1,"20":1,"21":0,"22":0,"23":1,"24":1,"25":0,"26":1,"27":1,"28":1,"29":1,"30":1,"31":0,"32":0,"33":0,"34":0,"35":0,"36":0,"37":0,"38":0,"39":0,"40":0,"41":0,"42":0,"43":0,"44":0,"45":0,"46":0,"47":0,"48":0,"49":0,"50":0,"51":0,"52":0,"53":0,"54":1,"55":1,"56":5,"57":5,"58":5,"59":1,"60":1,"61":0,"62":0,"63":5,"64":5,"65":5,"66":5,"67":2,"68":5,"69":0,"70":0,"71":0,"72":0,"73":5,"74":5,"75":5,"76":1,"77":0,"78":0,"79":0,"80":0,"81":0,"82":0,"83":0,"84":0,"85":0,"86":1,"87":0,"88":0,"89":0,"90":0,"91":0,"92":0,"93":0,"94":0,"95":0,"96":0,"97":0,"98":0,"99":0,"100":0,"101":0,"102":0,"103":0,"104":0,"105":0,"106":0,"107":0,"108":0,"109":0,"110":0,"111":0,"112":0,"113":0,"114":0,"115":0,"116":0,"117":0,"118":0,"119":0,"120":0,"121":0,"122":0,"123":0,"124":0,"125":0,"126":0,"127":0,"128":0,"129":0,"130":0,"131":0,"132":0,"133":1},"f":{"0":0,"1":1,"2":1,"3":2,"4":1,"5":1,"6":0,"7":0,"8":0,"9":0,"10":0,"11":0,"12":1,"13":1,"14":5,"15":0,"16":0,"17":0,"18":0,"19":0,"20":0,"21":0,"22":0,"23":0,"24":0},"b":{"0":[0,1],"1":[0,1],"2":[1,1],"3":[1,0],"4":[0,0],"5":[0,0],"6":[0,0],"7":[0,0],"8":[5,0],"9":[0,0],"10":[2,3],"11":[0,5],"12":[0,0],"13":[0,0,0],"14":[0,0],"15":[0,0],"16":[0,0],"17":[0,0],"18":[0,0],"19":[0,0],"20":[0,0],"21":[0,0],"22":[0,0],"23":[0,0],"24":[0,0],"25":[0,0],"26":[0,0],"27":[0,0]},"_coverageSchema":"1a1c01bbd47fc00a2c39e90264f33305004495a9","hash":"d0e12c251b822de1645cfcb307159c7273a7fc78"}
,"/Users/damienaltman/Desktop/projet_perso/alarm-v2/aurora-wake/src/modules/ErrorManager.ts": {"path":"/Users/damienaltman/Desktop/projet_perso/alarm-v2/aurora-wake/src/modules/ErrorManager.ts","statementMap":{"0":{"start":{"line":11,"column":29},"end":{"line":11,"column":31}},"1":{"start":{"line":12,"column":30},"end":{"line":12,"column":33}},"2":{"start":{"line":15,"column":31},"end":{"line":20,"column":5}},"3":{"start":{"line":22,"column":4},"end":{"line":22,"column":32}},"4":{"start":{"line":25,"column":4},"end":{"line":27,"column":5}},"5":{"start":{"line":26,"column":6},"end":{"line":26,"column":52}},"6":{"start":{"line":30,"column":4},"end":{"line":36,"column":5}},"7":{"start":{"line":31,"column":6},"end":{"line":31,"column":71}},"8":{"start":{"line":32,"column":11},"end":{"line":36,"column":5}},"9":{"start":{"line":33,"column":6},"end":{"line":33,"column":70}},"10":{"start":{"line":35,"column":6},"end":{"line":35,"column":70}},"11":{"start":{"line":40,"column":4},"end":{"line":40,"column":26}},"12":{"start":{"line":44,"column":4},"end":{"line":44,"column":19}},"13":{"start":{"line":48,"column":28},"end":{"line":48,"column":46}}},"fnMap":{"0":{"name":"(anonymous_0)","decl":{"start":{"line":14,"column":2},"end":{"line":14,"column":3}},"loc":{"start":{"line":14,"column":100},"end":{"line":37,"column":3}},"line":14},"1":{"name":"(anonymous_1)","decl":{"start":{"line":39,"column":2},"end":{"line":39,"column":3}},"loc":{"start":{"line":39,"column":24},"end":{"line":41,"column":3}},"line":39},"2":{"name":"(anonymous_2)","decl":{"start":{"line":43,"column":2},"end":{"line":43,"column":3}},"loc":{"start":{"line":43,"column":20},"end":{"line":45,"column":3}},"line":43}},"branchMap":{"0":{"loc":{"start":{"line":14,"column":28},"end":{"line":14,"column":61}},"type":"default-arg","locations":[{"start":{"line":14,"column":54},"end":{"line":14,"column":61}}],"line":14},"1":{"loc":{"start":{"line":25,"column":4},"end":{"line":27,"column":5}},"type":"if","locations":[{"start":{"line":25,"column":4},"end":{"line":27,"column":5}},{"start":{},"end":{}}],"line":25},"2":{"loc":{"start":{"line":30,"column":4},"end":{"line":36,"column":5}},"type":"if","locations":[{"start":{"line":30,"column":4},"end":{"line":36,"column":5}},{"start":{"line":32,"column":11},"end":{"line":36,"column":5}}],"line":30},"3":{"loc":{"start":{"line":30,"column":8},"end":{"line":30,"column":55}},"type":"binary-expr","locations":[{"start":{"line":30,"column":8},"end":{"line":30,"column":31}},{"start":{"line":30,"column":35},"end":{"line":30,"column":55}}],"line":30},"4":{"loc":{"start":{"line":32,"column":11},"end":{"line":36,"column":5}},"type":"if","locations":[{"start":{"line":32,"column":11},"end":{"line":36,"column":5}},{"start":{"line":34,"column":11},"end":{"line":36,"column":5}}],"line":32}},"s":{"0":0,"1":0,"2":0,"3":0,"4":0,"5":0,"6":0,"7":0,"8":0,"9":0,"10":0,"11":0,"12":0,"13":0},"f":{"0":0,"1":0,"2":0},"b":{"0":[0],"1":[0,0],"2":[0,0],"3":[0,0],"4":[0,0]}}
,"/Users/damienaltman/Desktop/projet_perso/alarm-v2/aurora-wake/src/modules/RadioService.ts": {"path":"/Users/damienaltman/Desktop/projet_perso/alarm-v2/aurora-wake/src/modules/RadioService.ts","statementMap":{"0":{"start":{"line":6,"column":19},"end":{"line":9,"column":1}},"1":{"start":{"line":12,"column":23},"end":{"line":12,"column":42}},"2":{"start":{"line":15,"column":20},"end":{"line":19,"column":1}},"3":{"start":{"line":22,"column":24},"end":{"line":25,"column":1}},"4":{"start":{"line":23,"column":22},"end":{"line":23,"column":68}},"5":{"start":{"line":24,"column":2},"end":{"line":24,"column":34}},"6":{"start":{"line":28,"column":20},"end":{"line":31,"column":1}},"7":{"start":{"line":35,"column":46},"end":{"line":35,"column":50}},"8":{"start":{"line":36,"column":37},"end":{"line":36,"column":41}},"9":{"start":{"line":40,"column":6},"end":{"line":43,"column":3}},"10":{"start":{"line":46,"column":4},"end":{"line":46,"column":37}},"11":{"start":{"line":47,"column":4},"end":{"line":47,"column":26}},"12":{"start":{"line":52,"column":4},"end":{"line":70,"column":5}},"13":{"start":{"line":54,"column":28},"end":{"line":54,"column":76}},"14":{"start":{"line":55,"column":6},"end":{"line":59,"column":7}},"15":{"start":{"line":56,"column":36},"end":{"line":56,"column":61}},"16":{"start":{"line":57,"column":8},"end":{"line":57,"column":36}},"17":{"start":{"line":58,"column":8},"end":{"line":58,"column":50}},"18":{"start":{"line":62,"column":23},"end":{"line":62,"column":66}},"19":{"start":{"line":63,"column":6},"end":{"line":67,"column":7}},"20":{"start":{"line":64,"column":36},"end":{"line":64,"column":56}},"21":{"start":{"line":65,"column":8},"end":{"line":65,"column":31}},"22":{"start":{"line":66,"column":8},"end":{"line":66,"column":45}},"23":{"start":{"line":69,"column":6},"end":{"line":69,"column":100}},"24":{"start":{"line":75,"column":20},"end":{"line":75,"column":37}},"25":{"start":{"line":76,"column":4},"end":{"line":78,"column":5}},"26":{"start":{"line":77,"column":6},"end":{"line":77,"column":36}},"27":{"start":{"line":79,"column":4},"end":{"line":79,"column":29}},"28":{"start":{"line":80,"column":4},"end":{"line":80,"column":84}},"29":{"start":{"line":92,"column":4},"end":{"line":139,"column":5}},"30":{"start":{"line":93,"column":26},"end":{"line":93,"column":47}},"31":{"start":{"line":96,"column":6},"end":{"line":100,"column":9}},"32":{"start":{"line":97,"column":8},"end":{"line":99,"column":9}},"33":{"start":{"line":98,"column":10},"end":{"line":98,"column":52}},"34":{"start":{"line":103,"column":6},"end":{"line":105,"column":7}},"35":{"start":{"line":104,"column":8},"end":{"line":104,"column":49}},"36":{"start":{"line":108,"column":6},"end":{"line":110,"column":7}},"37":{"start":{"line":109,"column":8},"end":{"line":109,"column":43}},"38":{"start":{"line":112,"column":23},"end":{"line":115,"column":7}},"39":{"start":{"line":117,"column":6},"end":{"line":119,"column":7}},"40":{"start":{"line":118,"column":8},"end":{"line":118,"column":58}},"41":{"start":{"line":121,"column":19},"end":{"line":121,"column":40}},"42":{"start":{"line":122,"column":6},"end":{"line":122,"column":36}},"43":{"start":{"line":124,"column":6},"end":{"line":128,"column":9}},"44":{"start":{"line":131,"column":6},"end":{"line":131,"column":26}},"45":{"start":{"line":134,"column":6},"end":{"line":136,"column":7}},"46":{"start":{"line":135,"column":8},"end":{"line":135,"column":56}},"47":{"start":{"line":138,"column":6},"end":{"line":138,"column":18}},"48":{"start":{"line":144,"column":4},"end":{"line":144,"column":45}},"49":{"start":{"line":149,"column":4},"end":{"line":149,"column":48}},"50":{"start":{"line":154,"column":4},"end":{"line":154,"column":44}},"51":{"start":{"line":160,"column":4},"end":{"line":162,"column":5}},"52":{"start":{"line":161,"column":6},"end":{"line":161,"column":34}},"53":{"start":{"line":164,"column":4},"end":{"line":194,"column":5}},"54":{"start":{"line":165,"column":23},"end":{"line":167,"column":8}},"55":{"start":{"line":169,"column":6},"end":{"line":171,"column":7}},"56":{"start":{"line":170,"column":8},"end":{"line":170,"column":58}},"57":{"start":{"line":173,"column":19},"end":{"line":173,"column":40}},"58":{"start":{"line":174,"column":6},"end":{"line":174,"column":47}},"59":{"start":{"line":175,"column":6},"end":{"line":175,"column":49}},"60":{"start":{"line":178,"column":6},"end":{"line":181,"column":10}},"61":{"start":{"line":183,"column":6},"end":{"line":183,"column":34}},"62":{"start":{"line":185,"column":6},"end":{"line":185,"column":91}},"63":{"start":{"line":188,"column":6},"end":{"line":190,"column":7}},"64":{"start":{"line":189,"column":8},"end":{"line":189,"column":36}},"65":{"start":{"line":192,"column":6},"end":{"line":192,"column":26}},"66":{"start":{"line":193,"column":6},"end":{"line":193,"column":18}},"67":{"start":{"line":200,"column":4},"end":{"line":202,"column":5}},"68":{"start":{"line":201,"column":6},"end":{"line":201,"column":29}},"69":{"start":{"line":204,"column":4},"end":{"line":234,"column":5}},"70":{"start":{"line":205,"column":23},"end":{"line":207,"column":8}},"71":{"start":{"line":209,"column":6},"end":{"line":211,"column":7}},"72":{"start":{"line":210,"column":8},"end":{"line":210,"column":58}},"73":{"start":{"line":213,"column":19},"end":{"line":213,"column":40}},"74":{"start":{"line":214,"column":6},"end":{"line":214,"column":38}},"75":{"start":{"line":215,"column":6},"end":{"line":215,"column":44}},"76":{"start":{"line":218,"column":6},"end":{"line":221,"column":10}},"77":{"start":{"line":223,"column":6},"end":{"line":223,"column":29}},"78":{"start":{"line":225,"column":6},"end":{"line":225,"column":91}},"79":{"start":{"line":228,"column":6},"end":{"line":230,"column":7}},"80":{"start":{"line":229,"column":8},"end":{"line":229,"column":31}},"81":{"start":{"line":232,"column":6},"end":{"line":232,"column":26}},"82":{"start":{"line":233,"column":6},"end":{"line":233,"column":18}},"83":{"start":{"line":239,"column":28},"end":{"line":239,"column":46}}},"fnMap":{"0":{"name":"(anonymous_0)","decl":{"start":{"line":22,"column":24},"end":{"line":22,"column":25}},"loc":{"start":{"line":22,"column":38},"end":{"line":25,"column":1}},"line":22},"1":{"name":"(anonymous_1)","decl":{"start":{"line":45,"column":2},"end":{"line":45,"column":3}},"loc":{"start":{"line":45,"column":16},"end":{"line":48,"column":3}},"line":45},"2":{"name":"(anonymous_2)","decl":{"start":{"line":51,"column":2},"end":{"line":51,"column":3}},"loc":{"start":{"line":51,"column":48},"end":{"line":71,"column":3}},"line":51},"3":{"name":"(anonymous_3)","decl":{"start":{"line":74,"column":2},"end":{"line":74,"column":3}},"loc":{"start":{"line":74,"column":30},"end":{"line":81,"column":3}},"line":74},"4":{"name":"(anonymous_4)","decl":{"start":{"line":84,"column":2},"end":{"line":84,"column":3}},"loc":{"start":{"line":91,"column":46},"end":{"line":140,"column":3}},"line":91},"5":{"name":"(anonymous_5)","decl":{"start":{"line":96,"column":37},"end":{"line":96,"column":38}},"loc":{"start":{"line":96,"column":55},"end":{"line":100,"column":7}},"line":96},"6":{"name":"(anonymous_6)","decl":{"start":{"line":143,"column":2},"end":{"line":143,"column":3}},"loc":{"start":{"line":143,"column":87},"end":{"line":145,"column":3}},"line":143},"7":{"name":"(anonymous_7)","decl":{"start":{"line":148,"column":2},"end":{"line":148,"column":3}},"loc":{"start":{"line":148,"column":90},"end":{"line":150,"column":3}},"line":148},"8":{"name":"(anonymous_8)","decl":{"start":{"line":153,"column":2},"end":{"line":153,"column":3}},"loc":{"start":{"line":153,"column":82},"end":{"line":155,"column":3}},"line":153},"9":{"name":"(anonymous_9)","decl":{"start":{"line":158,"column":2},"end":{"line":158,"column":3}},"loc":{"start":{"line":158,"column":50},"end":{"line":195,"column":3}},"line":158},"10":{"name":"(anonymous_10)","decl":{"start":{"line":198,"column
[...]
,"/Users/damienaltman/Desktop/projet_perso/alarm-v2/aurora-wake/src/modules/ThemeManager.ts": {"path":"/Users/damienaltman/Desktop/projet_perso/alarm-v2/aurora-wake/src/modules/ThemeManager.ts","statementMap":{"0":{"start":{"line":5,"column":26},"end":{"line":5,"column":46}},"1":{"start":{"line":8,"column":36},"end":{"line":8,"column":44}},"2":{"start":{"line":11,"column":4},"end":{"line":20,"column":5}},"3":{"start":{"line":12,"column":25},"end":{"line":12,"column":70}},"4":{"start":{"line":13,"column":6},"end":{"line":15,"column":7}},"5":{"start":{"line":14,"column":8},"end":{"line":14,"column":52}},"6":{"start":{"line":16,"column":6},"end":{"line":16,"column":31}},"7":{"start":{"line":18,"column":6},"end":{"line":18,"column":73}},"8":{"start":{"line":19,"column":6},"end":{"line":19,"column":22}},"9":{"start":{"line":24,"column":4},"end":{"line":29,"column":5}},"10":{"start":{"line":25,"column":6},"end":{"line":25,"column":32}},"11":{"start":{"line":26,"column":6},"end":{"line":26,"column":59}},"12":{"start":{"line":28,"column":6},"end":{"line":28,"column":69}},"13":{"start":{"line":33,"column":4},"end":{"line":35,"column":5}},"14":{"start":{"line":34,"column":6},"end":{"line":34,"column":25}},"15":{"start":{"line":36,"column":4},"end":{"line":36,"column":29}},"16":{"start":{"line":40,"column":28},"end":{"line":40,"column":46}}},"fnMap":{"0":{"name":"(anonymous_0)","decl":{"start":{"line":10,"column":2},"end":{"line":10,"column":3}},"loc":{"start":{"line":10,"column":41},"end":{"line":21,"column":3}},"line":10},"1":{"name":"(anonymous_1)","decl":{"start":{"line":23,"column":2},"end":{"line":23,"column":3}},"loc":{"start":{"line":23,"column":50},"end":{"line":30,"column":3}},"line":23},"2":{"name":"(anonymous_2)","decl":{"start":{"line":32,"column":2},"end":{"line":32,"column":3}},"loc":{"start":{"line":32,"column":66},"end":{"line":37,"column":3}},"line":32}},"branchMap":{"0":{"loc":{"start":{"line":13,"column":6},"end":{"line":15,"column":7}},"type":"if","locations":[{"start":{"line":13,"column":6},"end":{"line":15,"column":7}},{"start":{},"end":{}}],"line":13},"1":{"loc":{"start":{"line":33,"column":4},"end":{"line":35,"column":5}},"type":"if","locations":[{"start":{"line":33,"column":4},"end":{"line":35,"column":5}},{"start":{},"end":{}}],"line":33}},"s":{"0":0,"1":0,"2":0,"3":0,"4":0,"5":0,"6":0,"7":0,"8":0,"9":0,"10":0,"11":0,"12":0,"13":0,"14":0,"15":0,"16":0},"f":{"0":0,"1":0,"2":0},"b":{"0":[0,0],"1":[0,0]}}
,"/Users/damienaltman/Desktop/projet_perso/alarm-v2/aurora-wake/src/navigation/AppNavigator.tsx": {"path":"/Users/damienaltman/Desktop/projet_perso/alarm-v2/aurora-wake/src/navigation/AppNavigator.tsx","statementMap":{"0":{"start":{"line":16,"column":14},"end":{"line":16,"column":56}},"1":{"start":{"line":18,"column":38},"end":{"line":34,"column":1}},"2":{"start":{"line":19,"column":2},"end":{"line":33,"column":4}}},"fnMap":{"0":{"name":"(anonymous_0)","decl":{"start":{"line":18,"column":38},"end":{"line":18,"column":39}},"loc":{"start":{"line":18,"column":44},"end":{"line":34,"column":1}},"line":18}},"branchMap":{},"s":{"0":0,"1":0,"2":0},"f":{"0":0},"b":{}}
,"/Users/damienaltman/Desktop/projet_perso/alarm-v2/aurora-wake/src/screens/AddAlarmScreen.tsx": {"path":"/Users/damienaltman/Desktop/projet_perso/alarm-v2/aurora-wake/src/screens/AddAlarmScreen.tsx","statementMap":{"0":{"start":{"line":37,"column":61},"end":{"line":234,"column":1}},"1":{"start":{"line":39,"column":23},"end":{"line":39,"column":42}},"2":{"start":{"line":40,"column":20},"end":{"line":40,"column":34}},"3":{"start":{"line":43,"column":26},"end":{"line":43,"column":73}},"4":{"start":{"line":44,"column":26},"end":{"line":44,"column":83}},"5":{"start":{"line":45,"column":28},"end":{"line":45,"column":71}},"6":{"start":{"line":46,"column":32},"end":{"line":46,"column":80}},"7":{"start":{"line":47,"column":44},"end":{"line":47,"column":98}},"8":{"start":{"line":48,"column":46},"end":{"line":48,"column":97}},"9":{"start":{"line":49,"column":42},"end":{"line":49,"column":107}},"10":{"start":{"line":52,"column":32},"end":{"line":57,"column":3}},"11":{"start":{"line":53,"column":4},"end":{"line":56,"column":7}},"12":{"start":{"line":60,"column":35},"end":{"line":63,"column":3}},"13":{"start":{"line":61,"column":4},"end":{"line":61,"column":29}},"14":{"start":{"line":62,"column":4},"end":{"line":62,"column":24}},"15":{"start":{"line":66,"column":34},"end":{"line":68,"column":3}},"16":{"start":{"line":67,"column":4},"end":{"line":67,"column":26}},"17":{"start":{"line":71,"column":26},"end":{"line":100,"column":3}},"18":{"start":{"line":72,"column":4},"end":{"line":75,"column":5}},"19":{"start":{"line":73,"column":6},"end":{"line":73,"column":104}},"20":{"start":{"line":74,"column":6},"end":{"line":74,"column":13}},"21":{"start":{"line":77,"column":4},"end":{"line":99,"column":5}},"22":{"start":{"line":78,"column":27},"end":{"line":87,"column":7}},"23":{"start":{"line":89,"column":6},"end":{"line":93,"column":7}},"24":{"start":{"line":90,"column":8},"end":{"line":90,"column":46}},"25":{"start":{"line":92,"column":8},"end":{"line":92,"column":43}},"26":{"start":{"line":95,"column":6},"end":{"line":95,"column":26}},"27":{"start":{"line":97,"column":6},"end":{"line":97,"column":73}},"28":{"start":{"line":98,"column":6},"end":{"line":98,"column":68}},"29":{"start":{"line":102,"column":2},"end":{"line":233,"column":4}},"30":{"start":{"line":112,"column":27},"end":{"line":112,"column":46}},"31":{"start":{"line":209,"column":18},"end":{"line":225,"column":37}},"32":{"start":{"line":215,"column":35},"end":{"line":215,"column":62}},"33":{"start":{"line":236,"column":15},"end":{"line":389,"column":2}}},"fnMap":{"0":{"name":"(anonymous_0)","decl":{"start":{"line":37,"column":61},"end":{"line":37,"column":62}},"loc":{"start":{"line":37,"column":88},"end":{"line":234,"column":1}},"line":37},"1":{"name":"(anonymous_1)","decl":{"start":{"line":52,"column":32},"end":{"line":52,"column":33}},"loc":{"start":{"line":52,"column":44},"end":{"line":57,"column":3}},"line":52},"2":{"name":"(anonymous_2)","decl":{"start":{"line":60,"column":35},"end":{"line":60,"column":36}},"loc":{"start":{"line":60,"column":68},"end":{"line":63,"column":3}},"line":60},"3":{"name":"(anonymous_3)","decl":{"start":{"line":66,"column":34},"end":{"line":66,"column":35}},"loc":{"start":{"line":66,"column":46},"end":{"line":68,"column":3}},"line":66},"4":{"name":"(anonymous_4)","decl":{"start":{"line":71,"column":26},"end":{"line":71,"column":27}},"loc":{"start":{"line":71,"column":53},"end":{"line":100,"column":3}},"line":71},"5":{"name":"(anonymous_5)","decl":{"start":{"line":112,"column":21},"end":{"line":112,"column":22}},"loc":{"start":{"line":112,"column":27},"end":{"line":112,"column":46}},"line":112},"6":{"name":"(anonymous_6)","decl":{"start":{"line":208,"column":37},"end":{"line":208,"column":38}},"loc":{"start":{"line":209,"column":18},"end":{"line":225,"column":37}},"line":209},"7":{"name":"(anonymous_7)","decl":{"start":{"line":215,"column":29},"end":{"line":215,"column":30}},"loc":{"start":{"line":215,"column":35},"end":{"line":215,"column":62}},"line":215}},"branchMap":{"0":{"loc":{"start":{"line":43,"column":43},"end":{"line":43,"column":72}},"type":"binary-expr","locations":[{"start":{"line":43,"column":43},"end":{"line":43,"column":61}},{"start":{"line":43,"column":65},"end":{"line":43,"column":72}}],"line":43},"1":{"loc":{"start":{"line":44,"column":45},"end":{"line":44,"column":82}},"type":"binary-expr","locations":[{"start":{"line":44,"column":45},"end":{"line":44,"column":63}},{"start":{"line":44,"column":67},"end":{"line":44,"column":82}}],"line":44},"2":{"loc":{"start":{"line":45,"column":45},"end":{"line":45,"column":70}},"type":"binary-expr","locations":[{"start":{"line":45,"column":45},"end":{"line":45,"column":64}},{"start":{"line":45,"column":68},"end":{"line":45,"column":70}}],"line":45},"3":{"loc":{"start":{"line":46,"column":50},"end":{"line":46,"column":79}},"type":"binary-expr","locations":[{"start":{"line":46,"column":50},"end":{"line":46,"column":71}},{"start":{"line":46,"column":75},"end":{"line":46,"column":79}}],"line":46},"4":{"loc":{"start":{"line":47,"column":62},"end":{"line":47,"column":97}},"type":"binary-expr","locations":[{"start":{"line":47,"column":62},"end":{"line":47,"column":89}},{"start":{"line":47,"column":93},"end":{"line":47,"column":97}}],"line":47},"5":{"loc":{"start":{"line":48,"column":63},"end":{"line":48,"column":96}},"type":"binary-expr","locations":[{"start":{"line":48,"column":63},"end":{"line":48,"column":91}},{"start":{"line":48,"column":95},"end":{"line":48,"column":96}}],"line":48},"6":{"loc":{"start":{"line":49,"column":72},"end":{"line":49,"column":106}},"type":"binary-expr","locations":[{"start":{"line":49,"column":72},"end":{"line":49,"column":98}},{"start":{"line":49,"column":102},"end":{"line":49,"column":106}}],"line":49},"7":{"loc":{"start":{"line":72,"column":4},"end":{"line":75,"column":5}},"type":"if","locations":[{"start":{"line":72,"column":4},"end":{"line":75,"column":5}},{"start":{},"end":{}}],"line":72},"8":{"loc":{"start":{"line":79,"column":12},"end":{"line":79,"column":40}},"type":"binary-expr","locations":[{"start":{"line":79,"column":12},"end":{"line":79,"column":28}},{"start":{"line":79,"column":32},"end":{"line":79,"column":40}}],"line":79},"9":{"loc":{"start":{"line":89,"column":6},"end":{"line":93,"column":7}},"type":"if","locations":[{"start":{"line":89,"column":6},"end":{"line":93,"column":7}},{"start":{"line":91,"column":13},"end":{"line":93,"column":7}}],"line":89},"10":{"loc":{"start":{"line":105,"column":16},"end":{"line":105,"column":61}},"type":"cond-expr","locations":[{"start":{"line":105,"column":40},"end":{"line":105,"column":49}},{"start":{"line":105,"column":52},"end":{"line":105,"column":61}}],"line":105},"11":{"loc":{"start":{"line":117,"column":13},"end":{"line":117,"column":65}},"type":"cond-expr","locations":[{"start":{"line":117,"column":25},"end":{"line":117,"column":45}},{"start":{"line":117,"column":48},"end":{"line":117,"column":65}}],"line":117},"12":{"loc":{"start":{"line":146,"column":11},"end":{"line":175,"column":11}},"type":"cond-expr","locations":[{"start":{"line":147,"column":12},"end":{"line":166,"column":19}},{"start":{"line":168,"column":12},"end":{"line":174,"column":31}}],"line":146},"13":{"loc":{"start":{"line":185,"column":26},"end":{"line":185,"column":57}},"type":"cond-expr","locations":[{"start":{"line":185,"column":36},"end":{"line":185,"column":45}},{"start":{"line":185,"column":48},"end":{"line":185,"column":57}}],"line":185},"14":{"loc":{"start":{"line":198,"column":26},"end":{"line":198,"column":63}},"type":"cond-expr","locations":[{"start":{"line":198,"column":42},"end":{"line":198,"column":51}},{"start":{"line":198,"column":54},"end":{"line":198,"column":63}}],"line":198},"15":{"loc":{"start":{"line":202,"column":11},"end":{"line":229,"column":11}},"type":"binary-expr","locations":[{"start":{"line":202,"column":11},"end":{"line":202,"column":24}},{"start":{"line":203,"column":12},"end":{"line":228,"column":19}}],"line":202},"16":{"loc":{"start":{"line":213,"column":22},"end":{"line":213,"column":80}},"type":"binary-expr","locations":[{"start":{"line":213,"column":22},"end":{"line":213,"column":49}},{"start":{"line":213,"column":53},"end":{"line":213,"column":80}}],"line":213},"17":{"loc":{"start":{"line":220,"column":24},"end":{"line":220,"column":86}},"type":"binary-expr","locations":[{"start":{"line":220,"column":24},"end":{"line":220,"column":51}},{"start":{"line":220,"column":55},"end":{"line":220,"column":86}}],"line":220}},"s":{"0":0,"1":0,"2":0,"3":0,"4":0,"5":0,"6":0,"7":0,"8":0,"9":0,"10":0,"11":0,"12":0,"13":0,"14":0,"15":0,"16":0,"17":0,"18":0,"19":0,"20":0,"21":0,"22":0,"23":0,"24":0,"25":0,"26":0,"27":0,"28":0,"29":0,"30":0,"31":0,"32":0,"33":0},"f":{"0":0,"1":0,"2":0,"3":0,"4":0,"5":0,"6":0,"7":0},"b":{"0":[0,0],"1":[0,0],"2":[0,0],"3":[0,0],"4":[0,0],"5":[0,0],"6":[0,0],"7":[0,0],"8":[0,0],"9":[0,0],"10":[0,0],"11":[0,0],"12":[0,0],"13":[0,0],"14":[0,0],"15":[0,0],"16":[0,0],"17":[0,0]}}
,"/Users/damienaltman/Desktop/projet_perso/alarm-v2/aurora-wake/src/screens/AlarmListScreen.tsx": {"path":"/Users/damienaltman/Desktop/projet_perso/alarm-v2/aurora-wake/src/screens/AlarmListScreen.tsx","statementMap":{"0":{"start":{"line":21,"column":63},"end":{"line":136,"column":1}},"1":{"start":{"line":22,"column":30},"end":{"line":22,"column":51}},"2":{"start":{"line":23,"column":32},"end":{"line":23,"column":55}},"3":{"start":{"line":26,"column":2},"end":{"line":30,"column":4}},"4":{"start":{"line":28,"column":6},"end":{"line":28,"column":19}},"5":{"start":{"line":33,"column":21},"end":{"line":44,"column":3}},"6":{"start":{"line":34,"column":4},"end":{"line":43,"column":5}},"7":{"start":{"line":35,"column":6},"end":{"line":35,"column":23}},"8":{"start":{"line":36,"column":27},"end":{"line":36,"column":57}},"9":{"start":{"line":37,"column":6},"end":{"line":37,"column":30}},"10":{"start":{"line":39,"column":6},"end":{"line":39,"column":69}},"11":{"start":{"line":40,"column":6},"end":{"line":40,"column":66}},"12":{"start":{"line":42,"column":6},"end":{"line":42,"column":24}},"13":{"start":{"line":47,"column":28},"end":{"line":56,"column":3}},"14":{"start":{"line":48,"column":4},"end":{"line":55,"column":5}},"15":{"start":{"line":49,"column":6},"end":{"line":49,"column":50}},"16":{"start":{"line":51,"column":6},"end":{"line":51,"column":19}},"17":{"start":{"line":53,"column":6},"end":{"line":53,"column":75}},"18":{"start":{"line":54,"column":6},"end":{"line":54,"column":65}},"19":{"start":{"line":59,"column":28},"end":{"line":81,"column":3}},"20":{"start":{"line":60,"column":4},"end":{"line":80,"column":6}},"21":{"start":{"line":69,"column":12},"end":{"line":76,"column":13}},"22":{"start":{"line":70,"column":14},"end":{"line":70,"column":55}},"23":{"start":{"line":72,"column":14},"end":{"line":72,"column":27}},"24":{"start":{"line":74,"column":14},"end":{"line":74,"column":82}},"25":{"start":{"line":75,"column":14},"end":{"line":75,"column":74}},"26":{"start":{"line":84,"column":26},"end":{"line":86,"column":3}},"27":{"start":{"line":85,"column":4},"end":{"line":85,"column":47}},"28":{"start":{"line":89,"column":31},"end":{"line":91,"column":3}},"29":{"start":{"line":90,"column":4},"end":{"line":90,"column":29}},"30":{"start":{"line":94,"column":26},"end":{"line":102,"column":3}},"31":{"start":{"line":95,"column":4},"end":{"line":101,"column":11}},"32":{"start":{"line":104,"column":2},"end":{"line":135,"column":4}},"33":{"start":{"line":112,"column":25},"end":{"line":112,"column":56}},"34":{"start":{"line":120,"column":32},"end":{"line":120,"column":39}},"35":{"start":{"line":122,"column":10},"end":{"line":126,"column":12}},"36":{"start":{"line":138,"column":15},"end":{"line":193,"column":2}}},"fnMap":{"0":{"name":"(anonymous_0)","decl":{"start":{"line":21,"column":63},"end":{"line":21,"column":64}},"loc":{"start":{"line":21,"column":83},"end":{"line":136,"column":1}},"line":21},"1":{"name":"(anonymous_1)","decl":{"start":{"line":27,"column":16},"end":{"line":27,"column":17}},"loc":{"start":{"line":27,"column":22},"end":{"line":29,"column":5}},"line":27},"2":{"name":"(anonymous_2)","decl":{"start":{"line":33,"column":21},"end":{"line":33,"column":22}},"loc":{"start":{"line":33,"column":48},"end":{"line":44,"column":3}},"line":33},"3":{"name":"(anonymous_3)","decl":{"start":{"line":47,"column":28},"end":{"line":47,"column":29}},"loc":{"start":{"line":47,"column":83},"end":{"line":56,"column":3}},"line":47},"4":{"name":"(anonymous_4)","decl":{"start":{"line":59,"column":28},"end":{"line":59,"column":29}},"loc":{"start":{"line":59,"column":52},"end":{"line":81,"column":3}},"line":59},"5":{"name":"(anonymous_5)","decl":{"start":{"line":68,"column":19},"end":{"line":68,"column":20}},"loc":{"start":{"line":68,"column":31},"end":{"line":77,"column":11}},"line":68},"6":{"name":"(anonymous_6)","decl":{"start":{"line":84,"column":26},"end":{"line":84,"column":27}},"loc":{"start":{"line":84,"column":50},"end":{"line":86,"column":3}},"line":84},"7":{"name":"(anonymous_7)","decl":{"start":{"line":89,"column":31},"end":{"line":89,"column":32}},"loc":{"start":{"line":89,"column":55},"end":{"line":91,"column":3}},"line":89},"8":{"name":"(anonymous_8)","decl":{"start":{"line":94,"column":26},"end":{"line":94,"column":27}},"loc":{"start":{"line":95,"column":4},"end":{"line":101,"column":11}},"line":95},"9":{"name":"(anonymous_9)","decl":{"start":{"line":112,"column":19},"end":{"line":112,"column":20}},"loc":{"start":{"line":112,"column":25},"end":{"line":112,"column":56}},"line":112},"10":{"name":"(anonymous_10)","decl":{"start":{"line":120,"column":22},"end":{"line":120,"column":23}},"loc":{"start":{"line":120,"column":32},"end":{"line":120,"column":39}},"line":120},"11":{"name":"(anonymous_11)","decl":{"start":{"line":121,"column":20},"end":{"line":121,"column":21}},"loc":{"start":{"line":122,"column":10},"end":{"line":126,"column":12}},"line":122}},"branchMap":{"0":{"loc":{"start":{"line":130,"column":10},"end":{"line":130,"column":49}},"type":"binary-expr","locations":[{"start":{"line":130,"column":10},"end":{"line":130,"column":29}},{"start":{"line":130,"column":33},"end":{"line":130,"column":49}}],"line":130}},"s":{"0":0,"1":0,"2":0,"3":0,"4":0,"5":0,"6":0,"7":0,"8":0,"9":0,"10":0,"11":0,"12":0,"13":0,"14":0,"15":0,"16":0,"17":0,"18":0,"19":0,"20":0,"21":0,"22":0,"23":0,"24":0,"25":0,"26":0,"27":0,"28":0,"29":0,"30":0,"31":0,"32":0,"33":0,"34":0,"35":0,"36":0},"f":{"0":0,"1":0,"2":0,"3":0,"4":0,"5":0,"6":0,"7":0,"8":0,"9":0,"10":0,"11":0},"b":{"0":[0,0]}}
,"/Users/damienaltman/Desktop/projet_perso/alarm-v2/aurora-wake/src/screens/SearchRadioScreen.tsx": {"path":"/Users/damienaltman/Desktop/projet_perso/alarm-v2/aurora-wake/src/screens/SearchRadioScreen.tsx","statementMap":{"0":{"start":{"line":23,"column":67},"end":{"line":45,"column":1}},"1":{"start":{"line":24,"column":47},"end":{"line":24,"column":59}},"2":{"start":{"line":26,"column":2},"end":{"line":44,"column":4}},"3":{"start":{"line":31,"column":25},"end":{"line":31,"column":44}},"4":{"start":{"line":47,"column":15},"end":{"line":77,"column":2}}},"fnMap":{"0":{"name":"(anonymous_0)","decl":{"start":{"line":23,"column":67},"end":{"line":23,"column":68}},"loc":{"start":{"line":23,"column":94},"end":{"line":45,"column":1}},"line":23},"1":{"name":"(anonymous_1)","decl":{"start":{"line":31,"column":19},"end":{"line":31,"column":20}},"loc":{"start":{"line":31,"column":25},"end":{"line":31,"column":44}},"line":31}},"branchMap":{},"s":{"0":0,"1":0,"2":0,"3":0,"4":0},"f":{"0":0,"1":0},"b":{}}
,"/Users/damienaltman/Desktop/projet_perso/alarm-v2/aurora-wake/src/styles/theme.ts": {"path":"/Users/damienaltman/Desktop/projet_perso/alarm-v2/aurora-wake/src/styles/theme.ts","statementMap":{"0":{"start":{"line":3,"column":26},"end":{"line":29,"column":1}},"1":{"start":{"line":31,"column":25},"end":{"line":57,"column":1}}},"fnMap":{},"branchMap":{},"s":{"0":0,"1":0},"f":{},"b":{}}
,"/Users/damienaltman/Desktop/projet_perso/alarm-v2/aurora-wake/src/types/index.ts": {"path":"/Users/damienaltman/Desktop/projet_perso/alarm-v2/aurora-wake/src/types/index.ts","statementMap":{},"fnMap":{},"branchMap":{},"s":{},"f":{},"b":{}}
}
