TN:
SF:App.tsx
FN:14,(anonymous_0)
FN:40,App
FN:42,(anonymous_2)
FN:43,(anonymous_3)
FN:58,(anonymous_4)
FN:71,(anonymous_5)
FN:85,(anonymous_6)
FNF:7
FNH:0
FNDA:0,(anonymous_0)
FNDA:0,App
FNDA:0,(anonymous_2)
FNDA:0,(anonymous_3)
FNDA:0,(anonymous_4)
FNDA:0,(anonymous_5)
FNDA:0,(anonymous_6)
DA:11,0
DA:14,0
DA:15,0
DA:17,0
DA:18,0
DA:20,0
DA:24,0
DA:26,0
DA:27,0
DA:29,0
DA:33,0
DA:35,0
DA:36,0
DA:42,0
DA:43,0
DA:44,0
DA:46,0
DA:47,0
DA:48,0
DA:49,0
DA:53,0
DA:58,0
DA:59,0
DA:60,0
DA:66,0
DA:71,0
DA:72,0
DA:75,0
DA:79,0
DA:82,0
DA:83,0
DA:85,0
DA:86,0
DA:90,0
LF:34
LH:0
BRDA:18,0,0,0
BRDA:18,0,1,0
BRDA:27,1,0,0
BRDA:27,1,1,0
BRDA:48,2,0,0
BRDA:48,2,1,0
BRDA:72,3,0,0
BRDA:72,3,1,0
BRF:8
BRH:0
end_of_record
TN:
SF:index.ts
FNF:0
FNH:0
DA:8,0
LF:1
LH:0
BRF:0
BRH:0
end_of_record
TN:
SF:src/components/AlarmItem.tsx
FN:13,(anonymous_0)
FN:15,(anonymous_1)
FN:21,(anonymous_2)
FN:31,(anonymous_3)
FN:36,(anonymous_4)
FN:43,(anonymous_5)
FNF:6
FNH:0
FNDA:0,(anonymous_0)
FNDA:0,(anonymous_1)
FNDA:0,(anonymous_2)
FNDA:0,(anonymous_3)
FNDA:0,(anonymous_4)
FNDA:0,(anonymous_5)
DA:11,0
DA:13,0
DA:15,0
DA:16,0
DA:17,0
DA:21,0
DA:22,0
DA:23,0
DA:24,0
DA:25,0
DA:26,0
DA:27,0
DA:28,0
DA:29,0
DA:31,0
DA:36,0
DA:37,0
DA:40,0
DA:43,0
DA:81,0
LF:20
LH:0
BRDA:22,0,0,0
BRDA:22,0,1,0
BRDA:24,1,0,0
BRDA:24,1,1,0
BRDA:26,2,0,0
BRDA:26,2,1,0
BRDA:26,3,0,0
BRDA:26,3,1,0
BRDA:26,3,2,0
BRDA:28,4,0,0
BRDA:28,4,1,0
BRDA:28,5,0,0
BRDA:28,5,1,0
BRDA:28,5,2,0
BRDA:42,6,0,0
BRDA:42,6,1,0
BRDA:47,7,0,0
BRDA:47,7,1,0
BRDA:52,8,0,0
BRDA:52,8,1,0
BRDA:53,9,0,0
BRDA:53,9,1,0
BRDA:58,10,0,0
BRDA:58,10,1,0
BRDA:62,11,0,0
BRDA:62,11,1,0
BRDA:63,12,0,0
BRDA:63,12,1,0
BRDA:74,13,0,0
BRDA:74,13,1,0
BRF:30
BRH:0
end_of_record
TN:
SF:src/components/AnimatedSwitch.tsx
FN:20,(anonymous_0)
FN:36,(anonymous_1)
FN:40,(anonymous_2)
FN:51,(anonymous_3)
FN:63,(anonymous_4)
FNF:5
FNH:0
FNDA:0,(anonymous_0)
FNDA:0,(anonymous_1)
FNDA:0,(anonymous_2)
FNDA:0,(anonymous_3)
FNDA:0,(anonymous_4)
DA:20,0
DA:28,0
DA:29,0
DA:32,0
DA:33,0
DA:34,0
DA:36,0
DA:37,0
DA:40,0
DA:41,0
DA:46,0
DA:51,0
DA:52,0
DA:58,0
DA:63,0
DA:64,0
DA:65,0
DA:69,0
DA:78,0
LF:19
LH:0
BRDA:26,0,0,0
BRDA:29,1,0,0
BRDA:29,1,1,0
BRDA:32,2,0,0
BRDA:32,2,1,0
BRDA:33,3,0,0
BRDA:33,3,1,0
BRDA:34,4,0,0
BRDA:34,4,1,0
BRDA:37,5,0,0
BRDA:37,5,1,0
BRDA:64,6,0,0
BRDA:64,6,1,0
BRF:13
BRH:0
end_of_record
TN:
SF:src/components/DaySelector.tsx
FN:19,(anonymous_0)
FN:21,(anonymous_1)
FN:26,(anonymous_2)
FN:29,(anonymous_3)
FN:37,(anonymous_4)
FN:42,(anonymous_5)
FN:47,(anonymous_6)
FN:52,(anonymous_7)
FN:59,(anonymous_8)
FN:66,(anonymous_9)
FNF:10
FNH:0
FNDA:0,(anonymous_0)
FNDA:0,(anonymous_1)
FNDA:0,(anonymous_2)
FNDA:0,(anonymous_3)
FNDA:0,(anonymous_4)
FNDA:0,(anonymous_5)
FNDA:0,(anonymous_6)
FNDA:0,(anonymous_7)
FNDA:0,(anonymous_8)
FNDA:0,(anonymous_9)
DA:9,0
DA:19,0
DA:21,0
DA:22,0
DA:26,0
DA:27,0
DA:29,0
DA:32,0
DA:37,0
DA:38,0
DA:42,0
DA:43,0
DA:47,0
DA:48,0
DA:52,0
DA:53,0
DA:56,0
DA:60,0
DA:66,0
DA:101,0
LF:20
LH:0
BRDA:27,0,0,0
BRDA:27,0,1,0
BRDA:64,1,0,0
BRDA:64,1,1,0
BRDA:71,2,0,0
BRDA:71,2,1,0
BRF:6
BRH:0
end_of_record
TN:
SF:src/components/RadioSearch.tsx
FN:23,(anonymous_0)
FN:37,(anonymous_1)
FN:43,(anonymous_2)
FN:47,(anonymous_3)
FN:55,(anonymous_4)
FN:59,(anonymous_5)
FN:67,(anonymous_6)
FN:105,(anonymous_7)
FN:112,(anonymous_8)
FN:119,(anonymous_9)
FN:123,(anonymous_10)
FN:132,(anonymous_11)
FN:141,(anonymous_12)
FN:151,(anonymous_13)
FN:173,(anonymous_14)
FN:174,(anonymous_15)
FN:192,(anonymous_16)
FN:193,(anonymous_17)
FN:196,(anonymous_18)
FN:215,(anonymous_19)
FN:216,(anonymous_20)
FN:219,(anonymous_21)
FNF:22
FNH:0
FNDA:0,(anonymous_0)
FNDA:0,(anonymous_1)
FNDA:0,(anonymous_2)
FNDA:0,(anonymous_3)
FNDA:0,(anonymous_4)
FNDA:0,(anonymous_5)
FNDA:0,(anonymous_6)
FNDA:0,(anonymous_7)
FNDA:0,(anonymous_8)
FNDA:0,(anonymous_9)
FNDA:0,(anonymous_10)
FNDA:0,(anonymous_11)
FNDA:0,(anonymous_12)
FNDA:0,(anonymous_13)
FNDA:0,(anonymous_14)
FNDA:0,(anonymous_15)
FNDA:0,(anonymous_16)
FNDA:0,(anonymous_17)
FNDA:0,(anonymous_18)
FNDA:0,(anonymous_19)
FNDA:0,(anonymous_20)
FNDA:0,(anonymous_21)
DA:23,0
DA:28,0
DA:29,0
DA:30,0
DA:31,0
DA:32,0
DA:33,0
DA:34,0
DA:37,0
DA:38,0
DA:39,0
DA:43,0
DA:44,0
DA:45,0
DA:47,0
DA:49,0
DA:50,0
DA:55,0
DA:56,0
DA:57,0
DA:59,0
DA:61,0
DA:62,0
DA:67,0
DA:68,0
DA:69,0
DA:70,0
DA:73,0
DA:74,0
DA:76,0
DA:77,0
DA:79,0
DA:81,0
DA:82,0
DA:84,0
DA:85,0
DA:87,0
DA:88,0
DA:91,0
DA:93,0
DA:94,0
DA:97,0
DA:98,0
DA:100,0
DA:105,0
DA:106,0
DA:107,0
DA:108,0
DA:112,0
DA:113,0
DA:114,0
DA:115,0
DA:119,0
DA:120,0
DA:123,0
DA:132,0
DA:141,0
DA:151,0
DA:152,0
DA:153,0
DA:161,0
DA:162,0
DA:169,0
DA:170,0
DA:173,0
DA:175,0
DA:187,0
DA:189,0
DA:192,0
DA:194,0
DA:196,0
DA:212,0
DA:215,0
DA:217,0
DA:219,0
DA:235,0
DA:245,0
DA:275,0
LF:78
LH:0
BRDA:68,0,0,0
BRDA:68,0,1,0
BRDA:68,1,0,0
BRDA:68,1,1,0
BRDA:79,2,0,0
BRDA:79,2,1,0
BRDA:79,2,2,0
BRDA:93,3,0,0
BRDA:93,3,1,0
BRDA:122,4,0,0
BRDA:122,4,1,0
BRDA:125,5,0,0
BRDA:125,5,1,0
BRDA:131,6,0,0
BRDA:131,6,1,0
BRDA:134,7,0,0
BRDA:134,7,1,0
BRDA:140,8,0,0
BRDA:140,8,1,0
BRDA:143,9,0,0
BRDA:143,9,1,0
BRDA:152,10,0,0
BRDA:152,10,1,0
BRDA:161,11,0,0
BRDA:161,11,1,0
BRDA:169,12,0,0
BRDA:169,12,1,0
BRDA:187,13,0,0
BRDA:187,13,1,0
BRDA:187,13,2,0
BRDA:253,14,0,0
BRDA:253,14,1,0
BRDA:255,15,0,0
BRDA:255,15,1,0
BRF:34
BRH:0
end_of_record
TN:
SF:src/components/RadioStationItem.tsx
FN:12,(anonymous_0)
FN:20,(anonymous_1)
FN:44,(anonymous_2)
FN:172,(anonymous_3)
FNF:4
FNH:0
FNDA:0,(anonymous_0)
FNDA:0,(anonymous_1)
FNDA:0,(anonymous_2)
FNDA:0,(anonymous_3)
DA:12,0
DA:17,0
DA:20,0
DA:21,0
DA:22,0
DA:26,0
DA:28,0
DA:44,0
DA:105,0
DA:173,0
LF:10
LH:0
BRDA:15,0,0,0
BRDA:21,1,0,0
BRDA:21,1,1,0
BRDA:26,2,0,0
BRDA:26,2,1,0
BRDA:34,3,0,0
BRDA:34,3,1,0
BRDA:36,4,0,0
BRDA:36,4,1,0
BRDA:48,5,0,0
BRDA:48,5,1,0
BRDA:57,6,0,0
BRDA:57,6,1,0
BRDA:73,7,0,0
BRDA:73,7,1,0
BRDA:82,8,0,0
BRDA:82,8,1,0
BRDA:82,8,2,0
BRDA:93,9,0,0
BRDA:93,9,1,0
BRDA:174,10,0,0
BRDA:174,10,1,0
BRF:22
BRH:0
end_of_record
TN:
SF:src/components/TimeSelector.tsx
FN:10,(anonymous_0)
FN:12,(anonymous_1)
FN:26,(anonymous_2)
FN:42,(anonymous_3)
FNF:4
FNH:0
FNDA:0,(anonymous_0)
FNDA:0,(anonymous_1)
FNDA:0,(anonymous_2)
FNDA:0,(anonymous_3)
DA:10,0
DA:12,0
DA:13,0
DA:14,0
DA:15,0
DA:16,0
DA:20,0
DA:23,0
DA:26,0
DA:27,0
DA:28,0
DA:31,0
DA:32,0
DA:35,0
DA:36,0
DA:37,0
DA:42,0
DA:43,0
DA:46,0
DA:73,0
LF:20
LH:0
BRDA:27,0,0,0
BRDA:27,0,1,0
BRDA:31,1,0,0
BRDA:31,1,1,0
BRDA:50,2,0,0
BRDA:50,2,1,0
BRDA:59,3,0,0
BRDA:59,3,1,0
BRDA:59,3,2,0
BRDA:64,4,0,0
BRDA:64,4,1,0
BRF:11
BRH:0
end_of_record
TN:
SF:src/contexts/ThemeContext.tsx
FN:18,(anonymous_0)
FN:23,(anonymous_1)
FN:24,(anonymous_2)
FN:32,(anonymous_3)
FN:37,(anonymous_4)
FN:58,(anonymous_5)
FNF:6
FNH:0
FNDA:0,(anonymous_0)
FNDA:0,(anonymous_1)
FNDA:0,(anonymous_2)
FNDA:0,(anonymous_3)
FNDA:0,(anonymous_4)
FNDA:0,(anonymous_5)
DA:16,0
DA:18,0
DA:19,0
DA:20,0
DA:21,0
DA:23,0
DA:24,0
DA:25,0
DA:26,0
DA:29,0
DA:32,0
DA:33,0
DA:34,0
DA:37,0
DA:38,0
DA:39,0
DA:42,0
DA:44,0
DA:58,0
DA:59,0
DA:60,0
DA:61,0
DA:63,0
LF:23
LH:0
BRDA:19,0,0,0
BRDA:19,0,1,0
BRDA:21,1,0,0
BRDA:21,1,1,0
BRDA:34,2,0,0
BRDA:34,2,1,0
BRDA:60,3,0,0
BRDA:60,3,1,0
BRF:8
BRH:0
end_of_record
TN:
SF:src/modules/AlarmManager.ts
FN:12,(anonymous_0)
FN:24,(anonymous_1)
FN:36,(anonymous_2)
FN:53,(anonymous_3)
FN:67,(anonymous_4)
FN:76,(anonymous_5)
FN:87,(anonymous_6)
FN:89,(anonymous_7)
FN:107,(anonymous_8)
FN:113,(anonymous_9)
FN:118,(anonymous_10)
FN:120,(anonymous_11)
FN:138,(anonymous_12)
FN:163,(anonymous_13)
FN:174,(anonymous_14)
FN:204,(anonymous_15)
FN:210,(anonymous_16)
FN:220,(anonymous_17)
FN:237,(anonymous_18)
FN:269,(anonymous_19)
FN:284,(anonymous_20)
FN:290,(anonymous_21)
FN:310,(anonymous_22)
FN:315,(anonymous_23)
FN:320,(anonymous_24)
FNF:25
FNH:8
FNDA:0,(anonymous_0)
FNDA:1,(anonymous_1)
FNDA:1,(anonymous_2)
FNDA:2,(anonymous_3)
FNDA:1,(anonymous_4)
FNDA:1,(anonymous_5)
FNDA:0,(anonymous_6)
FNDA:0,(anonymous_7)
FNDA:0,(anonymous_8)
FNDA:0,(anonymous_9)
FNDA:0,(anonymous_10)
FNDA:0,(anonymous_11)
FNDA:1,(anonymous_12)
FNDA:1,(anonymous_13)
FNDA:5,(anonymous_14)
FNDA:0,(anonymous_15)
FNDA:0,(anonymous_16)
FNDA:0,(anonymous_17)
FNDA:0,(anonymous_18)
FNDA:0,(anonymous_19)
FNDA:0,(anonymous_20)
FNDA:0,(anonymous_21)
FNDA:0,(anonymous_22)
FNDA:0,(anonymous_23)
FNDA:0,(anonymous_24)
DA:8,1
DA:11,1
DA:12,0
DA:21,1
DA:22,1
DA:26,1
DA:29,1
DA:32,1
DA:38,1
DA:39,1
DA:41,1
DA:42,0
DA:43,0
DA:46,1
DA:47,0
DA:48,0
DA:54,2
DA:55,2
DA:56,2
DA:57,1
DA:59,1
DA:61,0
DA:62,0
DA:68,1
DA:69,1
DA:71,0
DA:77,1
DA:78,1
DA:79,1
DA:81,1
DA:82,1
DA:88,0
DA:89,0
DA:91,0
DA:93,0
DA:96,0
DA:97,0
DA:100,0
DA:101,0
DA:109,0
DA:112,0
DA:113,0
DA:114,0
DA:119,0
DA:120,0
DA:122,0
DA:124,0
DA:127,0
DA:128,0
DA:131,0
DA:132,0
DA:140,1
DA:143,1
DA:144,5
DA:147,5
DA:150,5
DA:164,1
DA:166,1
DA:167,0
DA:168,0
DA:175,5
DA:176,5
DA:179,5
DA:180,5
DA:182,2
DA:186,5
DA:187,0
DA:188,0
DA:190,0
DA:192,0
DA:197,5
DA:198,5
DA:200,5
DA:204,1
DA:205,0
DA:206,0
DA:209,0
DA:210,0
DA:212,0
DA:214,0
DA:215,0
DA:220,1
DA:221,0
DA:222,0
DA:225,0
DA:227,0
DA:229,0
DA:230,0
DA:232,0
DA:238,0
DA:240,0
DA:243,0
DA:254,0
DA:259,0
DA:262,0
DA:264,0
DA:270,0
DA:271,0
DA:272,0
DA:273,0
DA:275,0
DA:277,0
DA:278,0
DA:286,0
DA:289,0
DA:290,0
DA:292,0
DA:294,0
DA:295,0
DA:297,0
DA:311,0
DA:316,0
DA:321,0
DA:324,0
DA:325,0
DA:327,0
DA:330,0
DA:331,0
DA:332,0
DA:335,0
DA:338,0
DA:339,0
DA:340,0
DA:346,1
LF:124
LH:42
BRDA:41,0,0,0
BRDA:41,0,1,1
BRDA:46,1,0,0
BRDA:46,1,1,1
BRDA:56,2,0,1
BRDA:56,2,1,1
BRDA:81,3,0,1
BRDA:81,3,1,0
BRDA:91,4,0,0
BRDA:91,4,1,0
BRDA:100,5,0,0
BRDA:100,5,1,0
BRDA:122,6,0,0
BRDA:122,6,1,0
BRDA:131,7,0,0
BRDA:131,7,1,0
BRDA:152,8,0,5
BRDA:152,8,1,0
BRDA:167,9,0,0
BRDA:167,9,1,0
BRDA:180,10,0,2
BRDA:180,10,1,3
BRDA:186,11,0,0
BRDA:186,11,1,5
BRDA:190,12,0,0
BRDA:190,12,1,0
BRDA:190,13,0,0
BRDA:190,13,1,0
BRDA:190,13,2,0
BRDA:206,14,0,0
BRDA:206,14,1,0
BRDA:212,15,0,0
BRDA:212,15,1,0
BRDA:212,16,0,0
BRDA:212,16,1,0
BRDA:222,17,0,0
BRDA:222,17,1,0
BRDA:227,18,0,0
BRDA:227,18,1,0
BRDA:230,19,0,0
BRDA:230,19,1,0
BRDA:270,20,0,0
BRDA:270,20,1,0
BRDA:292,21,0,0
BRDA:292,21,1,0
BRDA:292,22,0,0
BRDA:292,22,1,0
BRDA:299,23,0,0
BRDA:299,23,1,0
BRDA:321,24,0,0
BRDA:321,24,1,0
BRDA:327,25,0,0
BRDA:327,25,1,0
BRDA:335,26,0,0
BRDA:335,26,1,0
BRDA:339,27,0,0
BRDA:339,27,1,0
BRF:57
BRH:9
end_of_record
TN:
SF:src/modules/ErrorManager.ts
FN:14,(anonymous_0)
FN:39,(anonymous_1)
FN:43,(anonymous_2)
FNF:3
FNH:0
FNDA:0,(anonymous_0)
FNDA:0,(anonymous_1)
FNDA:0,(anonymous_2)
DA:11,0
DA:12,0
DA:15,0
DA:22,0
DA:25,0
DA:26,0
DA:30,0
DA:31,0
DA:32,0
DA:33,0
DA:35,0
DA:40,0
DA:44,0
DA:48,0
LF:14
LH:0
BRDA:14,0,0,0
BRDA:25,1,0,0
BRDA:25,1,1,0
BRDA:30,2,0,0
BRDA:30,2,1,0
BRDA:30,3,0,0
BRDA:30,3,1,0
BRDA:32,4,0,0
BRDA:32,4,1,0
BRF:9
BRH:0
end_of_record
TN:
SF:src/modules/RadioService.ts
FN:22,(anonymous_0)
FN:45,(anonymous_1)
FN:51,(anonymous_2)
FN:74,(anonymous_3)
FN:84,(anonymous_4)
FN:96,(anonymous_5)
FN:143,(anonymous_6)
FN:148,(anonymous_7)
FN:153,(anonymous_8)
FN:158,(anonymous_9)
FN:198,(anonymous_10)
FNF:11
FNH:7
FNDA:2,(anonymous_0)
FNDA:1,(anonymous_1)
FNDA:1,(anonymous_2)
FNDA:1,(anonymous_3)
FNDA:3,(anonymous_4)
FNDA:3,(anonymous_5)
FNDA:0,(anonymous_6)
FNDA:0,(anonymous_7)
FNDA:0,(anonymous_8)
FNDA:1,(anonymous_9)
FNDA:0,(anonymous_10)
DA:6,1
DA:12,1
DA:15,1
DA:22,1
DA:23,2
DA:24,2
DA:28,1
DA:35,1
DA:36,1
DA:40,1
DA:46,1
DA:47,1
DA:52,1
DA:54,1
DA:55,1
DA:56,0
DA:57,0
DA:58,0
DA:62,1
DA:63,1
DA:64,0
DA:65,0
DA:66,0
DA:69,0
DA:75,1
DA:76,1
DA:77,0
DA:79,1
DA:80,1
DA:92,3
DA:93,3
DA:96,3
DA:97,3
DA:98,3
DA:103,3
DA:104,3
DA:108,3
DA:109,3
DA:112,3
DA:117,2
DA:118,0
DA:121,2
DA:122,2
DA:124,1
DA:131,1
DA:134,1
DA:135,1
DA:138,0
DA:144,0
DA:149,0
DA:154,0
DA:160,1
DA:161,1
DA:164,0
DA:165,0
DA:169,0
DA:170,0
DA:173,0
DA:174,0
DA:175,0
DA:178,0
DA:183,0
DA:185,0
DA:188,0
DA:189,0
DA:192,0
DA:193,0
DA:200,0
DA:201,0
DA:204,0
DA:205,0
DA:209,0
DA:210,0
DA:213,0
DA:214,0
DA:215,0
DA:218,0
DA:223,0
DA:225,0
DA:228,0
DA:229,0
DA:232,0
DA:233,0
DA:239,1
LF:84
LH:41
BRDA:55,0,0,0
BRDA:55,0,1,1
BRDA:63,1,0,0
BRDA:63,1,1,1
BRDA:76,2,0,1
BRDA:76,2,1,0
BRDA:91,3,0,2
BRDA:97,4,0,3
BRDA:97,4,1,0
BRDA:103,5,0,3
BRDA:103,5,1,0
BRDA:108,6,0,3
BRDA:108,6,1,0
BRDA:117,7,0,0
BRDA:117,7,1,2
BRDA:134,8,0,1
BRDA:134,8,1,0
BRDA:143,9,0,0
BRDA:148,10,0,0
BRDA:153,11,0,0
BRDA:160,12,0,1
BRDA:160,12,1,0
BRDA:160,13,0,1
BRDA:160,13,1,1
BRDA:169,14,0,0
BRDA:169,14,1,0
BRDA:188,15,0,0
BRDA:188,15,1,0
BRDA:200,16,0,0
BRDA:200,16,1,0
BRDA:200,17,0,0
BRDA:200,17,1,0
BRDA:209,18,0,0
BRDA:209,18,1,0
BRDA:228,19,0,0
BRDA:228,19,1,0
BRF:36
BRH:12
end_of_record
TN:
SF:src/modules/SettingsManager.ts
FN:16,(anonymous_0)
FN:29,(anonymous_1)
FN:38,(anonymous_2)
FN:42,(anonymous_3)
FN:46,(anonymous_4)
FN:52,(anonymous_5)
FNF:6
FNH:0
FNDA:0,(anonymous_0)
FNDA:0,(anonymous_1)
FNDA:0,(anonymous_2)
FNDA:0,(anonymous_3)
FNDA:0,(anonymous_4)
FNDA:0,(anonymous_5)
DA:5,0
DA:7,0
DA:14,0
DA:17,0
DA:18,0
DA:19,0
DA:20,0
DA:22,0
DA:24,0
DA:25,0
DA:30,0
DA:31,0
DA:32,0
DA:34,0
DA:39,0
DA:43,0
DA:47,0
DA:48,0
DA:49,0
DA:53,0
DA:57,0
LF:21
LH:0
BRDA:19,0,0,0
BRDA:19,0,1,0
BRDA:47,1,0,0
BRDA:47,1,1,0
BRDA:48,2,0,0
BRDA:48,2,1,0
BRF:6
BRH:0
end_of_record
TN:
SF:src/modules/ThemeManager.ts
FN:10,(anonymous_0)
FN:23,(anonymous_1)
FN:32,(anonymous_2)
FNF:3
FNH:0
FNDA:0,(anonymous_0)
FNDA:0,(anonymous_1)
FNDA:0,(anonymous_2)
DA:5,0
DA:8,0
DA:11,0
DA:12,0
DA:13,0
DA:14,0
DA:16,0
DA:18,0
DA:19,0
DA:24,0
DA:25,0
DA:26,0
DA:28,0
DA:33,0
DA:34,0
DA:36,0
DA:40,0
LF:17
LH:0
BRDA:13,0,0,0
BRDA:13,0,1,0
BRDA:33,1,0,0
BRDA:33,1,1,0
BRF:4
BRH:0
end_of_record
TN:
SF:src/navigation/AppNavigator.tsx
FN:18,(anonymous_0)
FNF:1
FNH:0
FNDA:0,(anonymous_0)
DA:16,0
DA:18,0
DA:19,0
LF:3
LH:0
BRF:0
BRH:0
end_of_record
TN:
SF:src/screens/AddAlarmScreen.tsx
FN:37,(anonymous_0)
FN:52,(anonymous_1)
FN:60,(anonymous_2)
FN:66,(anonymous_3)
FN:71,(anonymous_4)
FN:112,(anonymous_5)
FN:208,(anonymous_6)
FN:215,(anonymous_7)
FNF:8
FNH:0
FNDA:0,(anonymous_0)
FNDA:0,(anonymous_1)
FNDA:0,(anonymous_2)
FNDA:0,(anonymous_3)
FNDA:0,(anonymous_4)
FNDA:0,(anonymous_5)
FNDA:0,(anonymous_6)
FNDA:0,(anonymous_7)
DA:37,0
DA:39,0
DA:40,0
DA:43,0
DA:44,0
DA:45,0
DA:46,0
DA:47,0
DA:48,0
DA:49,0
DA:52,0
DA:53,0
DA:60,0
DA:61,0
DA:62,0
DA:66,0
DA:67,0
DA:71,0
DA:72,0
DA:73,0
DA:74,0
DA:77,0
DA:78,0
DA:89,0
DA:90,0
DA:92,0
DA:95,0
DA:97,0
DA:98,0
DA:102,0
DA:112,0
DA:209,0
DA:215,0
DA:236,0
LF:34
LH:0
BRDA:43,0,0,0
BRDA:43,0,1,0
BRDA:44,1,0,0
BRDA:44,1,1,0
BRDA:45,2,0,0
BRDA:45,2,1,0
BRDA:46,3,0,0
BRDA:46,3,1,0
BRDA:47,4,0,0
BRDA:47,4,1,0
BRDA:48,5,0,0
BRDA:48,5,1,0
BRDA:49,6,0,0
BRDA:49,6,1,0
BRDA:72,7,0,0
BRDA:72,7,1,0
BRDA:79,8,0,0
BRDA:79,8,1,0
BRDA:89,9,0,0
BRDA:89,9,1,0
BRDA:105,10,0,0
BRDA:105,10,1,0
BRDA:117,11,0,0
BRDA:117,11,1,0
BRDA:146,12,0,0
BRDA:146,12,1,0
BRDA:185,13,0,0
BRDA:185,13,1,0
BRDA:198,14,0,0
BRDA:198,14,1,0
BRDA:202,15,0,0
BRDA:202,15,1,0
BRDA:213,16,0,0
BRDA:213,16,1,0
BRDA:220,17,0,0
BRDA:220,17,1,0
BRF:36
BRH:0
end_of_record
TN:
SF:src/screens/AlarmListScreen.tsx
FN:21,(anonymous_0)
FN:27,(anonymous_1)
FN:33,(anonymous_2)
FN:47,(anonymous_3)
FN:59,(anonymous_4)
FN:68,(anonymous_5)
FN:84,(anonymous_6)
FN:89,(anonymous_7)
FN:94,(anonymous_8)
FN:112,(anonymous_9)
FN:120,(anonymous_10)
FN:121,(anonymous_11)
FNF:12
FNH:0
FNDA:0,(anonymous_0)
FNDA:0,(anonymous_1)
FNDA:0,(anonymous_2)
FNDA:0,(anonymous_3)
FNDA:0,(anonymous_4)
FNDA:0,(anonymous_5)
FNDA:0,(anonymous_6)
FNDA:0,(anonymous_7)
FNDA:0,(anonymous_8)
FNDA:0,(anonymous_9)
FNDA:0,(anonymous_10)
FNDA:0,(anonymous_11)
DA:21,0
DA:22,0
DA:23,0
DA:26,0
DA:28,0
DA:33,0
DA:34,0
DA:35,0
DA:36,0
DA:37,0
DA:39,0
DA:40,0
DA:42,0
DA:47,0
DA:48,0
DA:49,0
DA:51,0
DA:53,0
DA:54,0
DA:59,0
DA:60,0
DA:69,0
DA:70,0
DA:72,0
DA:74,0
DA:75,0
DA:84,0
DA:85,0
DA:89,0
DA:90,0
DA:94,0
DA:95,0
DA:104,0
DA:112,0
DA:120,0
DA:122,0
DA:138,0
LF:37
LH:0
BRDA:130,0,0,0
BRDA:130,0,1,0
BRF:2
BRH:0
end_of_record
TN:
SF:src/screens/SearchRadioScreen.tsx
FN:23,(anonymous_0)
FN:31,(anonymous_1)
FNF:2
FNH:0
FNDA:0,(anonymous_0)
FNDA:0,(anonymous_1)
DA:23,0
DA:24,0
DA:26,0
DA:31,0
DA:47,0
LF:5
LH:0
BRF:0
BRH:0
end_of_record
TN:
SF:src/styles/theme.ts
FNF:0
FNH:0
DA:3,0
DA:31,0
LF:2
LH:0
BRF:0
BRH:0
end_of_record
TN:
SF:src/types/index.ts
FNF:0
FNH:0
LF:0
LH:0
BRF:0
BRH:0
end_of_record
