TN:
SF:App.tsx
FN:16,(anonymous_0)
FN:42,App
FN:44,(anonymous_2)
FN:45,(anonymous_3)
FN:60,(anonymous_4)
FN:73,(anonymous_5)
FN:87,(anonymous_6)
FN:93,(anonymous_7)
FN:94,(anonymous_8)
FNF:9
FNH:0
FNDA:0,(anonymous_0)
FNDA:0,App
FNDA:0,(anonymous_2)
FNDA:0,(anonymous_3)
FNDA:0,(anonymous_4)
FNDA:0,(anonymous_5)
FNDA:0,(anonymous_6)
FNDA:0,(anonymous_7)
FNDA:0,(anonymous_8)
DA:13,0
DA:16,0
DA:17,0
DA:19,0
DA:20,0
DA:22,0
DA:26,0
DA:28,0
DA:29,0
DA:31,0
DA:35,0
DA:37,0
DA:38,0
DA:44,0
DA:45,0
DA:46,0
DA:48,0
DA:49,0
DA:50,0
DA:51,0
DA:55,0
DA:60,0
DA:61,0
DA:62,0
DA:68,0
DA:73,0
DA:74,0
DA:77,0
DA:81,0
DA:84,0
DA:85,0
DA:87,0
DA:88,0
DA:93,0
DA:94,0
DA:96,0
DA:100,0
LF:37
LH:0
BRDA:20,0,0,0
BRDA:20,0,1,0
BRDA:29,1,0,0
BRDA:29,1,1,0
BRDA:50,2,0,0
BRDA:50,2,1,0
BRDA:74,3,0,0
BRDA:74,3,1,0
BRF:8
BRH:0
end_of_record
TN:
SF:index.ts
FNF:0
FNH:0
DA:7,0
LF:1
LH:0
BRF:0
BRH:0
end_of_record
TN:
SF:src/api/radioApi.ts
FN:25,(anonymous_0)
FN:32,(anonymous_1)
FN:34,(anonymous_2)
FN:50,(anonymous_3)
FN:67,(anonymous_4)
FN:71,(anonymous_5)
FN:124,(anonymous_6)
FN:158,(anonymous_7)
FN:162,(anonymous_8)
FN:163,(anonymous_9)
FN:174,(anonymous_10)
FN:178,(anonymous_11)
FN:179,(anonymous_12)
FNF:13
FNH:0
FNDA:0,(anonymous_0)
FNDA:0,(anonymous_1)
FNDA:0,(anonymous_2)
FNDA:0,(anonymous_3)
FNDA:0,(anonymous_4)
FNDA:0,(anonymous_5)
FNDA:0,(anonymous_6)
FNDA:0,(anonymous_7)
FNDA:0,(anonymous_8)
FNDA:0,(anonymous_9)
FNDA:0,(anonymous_10)
FNDA:0,(anonymous_11)
FNDA:0,(anonymous_12)
DA:5,0
DA:13,0
DA:23,0
DA:26,0
DA:33,0
DA:34,0
DA:37,0
DA:39,0
DA:40,0
DA:43,0
DA:44,0
DA:52,0
DA:55,0
DA:56,0
DA:58,0
DA:68,0
DA:70,0
DA:71,0
DA:72,0
DA:73,0
DA:77,0
DA:80,0
DA:85,0
DA:86,0
DA:89,0
DA:92,0
DA:95,0
DA:98,0
DA:99,0
DA:101,0
DA:102,0
DA:107,0
DA:108,0
DA:111,0
DA:113,0
DA:114,0
DA:125,0
DA:126,0
DA:129,0
DA:137,0
DA:138,0
DA:139,0
DA:140,0
DA:141,0
DA:142,0
DA:143,0
DA:144,0
DA:147,0
DA:149,0
DA:150,0
DA:159,0
DA:160,0
DA:161,0
DA:162,0
DA:163,0
DA:165,0
DA:166,0
DA:175,0
DA:176,0
DA:177,0
DA:178,0
DA:179,0
DA:182,0
DA:183,0
DA:189,0
LF:65
LH:0
BRDA:34,0,0,0
BRDA:34,0,1,0
BRDA:37,1,0,0
BRDA:37,1,1,0
BRDA:52,2,0,0
BRDA:52,2,1,0
BRDA:67,3,0,0
BRDA:72,4,0,0
BRDA:72,4,1,0
BRDA:72,5,0,0
BRDA:72,5,1,0
BRDA:85,6,0,0
BRDA:85,6,1,0
BRDA:107,7,0,0
BRDA:107,7,1,0
BRDA:130,8,0,0
BRDA:130,8,1,0
BRDA:137,9,0,0
BRDA:137,9,1,0
BRDA:139,10,0,0
BRDA:139,10,1,0
BRDA:142,11,0,0
BRDA:142,11,1,0
BRF:23
BRH:0
end_of_record
TN:
SF:src/components/AlarmItem.tsx
FN:13,(anonymous_0)
FN:15,(anonymous_1)
FN:21,(anonymous_2)
FN:31,(anonymous_3)
FN:36,(anonymous_4)
FN:43,(anonymous_5)
FNF:6
FNH:0
FNDA:0,(anonymous_0)
FNDA:0,(anonymous_1)
FNDA:0,(anonymous_2)
FNDA:0,(anonymous_3)
FNDA:0,(anonymous_4)
FNDA:0,(anonymous_5)
DA:11,0
DA:13,0
DA:15,0
DA:16,0
DA:17,0
DA:21,0
DA:22,0
DA:23,0
DA:24,0
DA:25,0
DA:26,0
DA:27,0
DA:28,0
DA:29,0
DA:31,0
DA:36,0
DA:37,0
DA:40,0
DA:43,0
DA:81,0
LF:20
LH:0
BRDA:22,0,0,0
BRDA:22,0,1,0
BRDA:24,1,0,0
BRDA:24,1,1,0
BRDA:26,2,0,0
BRDA:26,2,1,0
BRDA:26,3,0,0
BRDA:26,3,1,0
BRDA:26,3,2,0
BRDA:28,4,0,0
BRDA:28,4,1,0
BRDA:28,5,0,0
BRDA:28,5,1,0
BRDA:28,5,2,0
BRDA:42,6,0,0
BRDA:42,6,1,0
BRDA:47,7,0,0
BRDA:47,7,1,0
BRDA:52,8,0,0
BRDA:52,8,1,0
BRDA:53,9,0,0
BRDA:53,9,1,0
BRDA:58,10,0,0
BRDA:58,10,1,0
BRDA:62,11,0,0
BRDA:62,11,1,0
BRDA:63,12,0,0
BRDA:63,12,1,0
BRDA:74,13,0,0
BRDA:74,13,1,0
BRF:30
BRH:0
end_of_record
TN:
SF:src/components/AnimatedSwitch.tsx
FN:18,(anonymous_0)
FN:28,(anonymous_1)
FN:48,(anonymous_2)
FNF:3
FNH:0
FNDA:0,(anonymous_0)
FNDA:0,(anonymous_1)
FNDA:0,(anonymous_2)
DA:18,0
DA:24,0
DA:25,0
DA:28,0
DA:29,0
DA:37,0
DA:42,0
DA:48,0
DA:49,0
DA:50,0
DA:54,0
DA:79,0
LF:12
LH:0
BRDA:21,0,0,0
BRDA:25,1,0,0
BRDA:25,1,1,0
BRDA:30,2,0,0
BRDA:30,2,1,0
BRDA:49,3,0,0
BRDA:49,3,1,0
BRDA:56,4,0,0
BRDA:56,4,1,0
BRF:9
BRH:0
end_of_record
TN:
SF:src/components/DaySelector.tsx
FN:19,(anonymous_0)
FN:21,(anonymous_1)
FN:26,(anonymous_2)
FN:29,(anonymous_3)
FN:37,(anonymous_4)
FN:42,(anonymous_5)
FN:47,(anonymous_6)
FN:52,(anonymous_7)
FN:59,(anonymous_8)
FN:66,(anonymous_9)
FNF:10
FNH:0
FNDA:0,(anonymous_0)
FNDA:0,(anonymous_1)
FNDA:0,(anonymous_2)
FNDA:0,(anonymous_3)
FNDA:0,(anonymous_4)
FNDA:0,(anonymous_5)
FNDA:0,(anonymous_6)
FNDA:0,(anonymous_7)
FNDA:0,(anonymous_8)
FNDA:0,(anonymous_9)
DA:9,0
DA:19,0
DA:21,0
DA:22,0
DA:26,0
DA:27,0
DA:29,0
DA:32,0
DA:37,0
DA:38,0
DA:42,0
DA:43,0
DA:47,0
DA:48,0
DA:52,0
DA:53,0
DA:56,0
DA:60,0
DA:66,0
DA:101,0
LF:20
LH:0
BRDA:27,0,0,0
BRDA:27,0,1,0
BRDA:64,1,0,0
BRDA:64,1,1,0
BRDA:71,2,0,0
BRDA:71,2,1,0
BRF:6
BRH:0
end_of_record
TN:
SF:src/components/FavoriteRadioList.tsx
FN:20,(anonymous_0)
FN:29,(anonymous_1)
FN:32,(anonymous_2)
FN:38,(anonymous_3)
FN:67,(anonymous_4)
FN:68,(anonymous_5)
FNF:6
FNH:0
FNDA:0,(anonymous_0)
FNDA:0,(anonymous_1)
FNDA:0,(anonymous_2)
FNDA:0,(anonymous_3)
FNDA:0,(anonymous_4)
FNDA:0,(anonymous_5)
DA:20,0
DA:24,0
DA:25,0
DA:26,0
DA:29,0
DA:30,0
DA:32,0
DA:33,0
DA:38,0
DA:39,0
DA:40,0
DA:50,0
DA:63,0
DA:67,0
DA:69,0
DA:87,0
LF:16
LH:0
BRDA:39,0,0,0
BRDA:39,0,1,0
BRDA:77,1,0,0
BRDA:77,1,1,0
BRF:4
BRH:0
end_of_record
TN:
SF:src/components/RadioSearch.tsx
FN:25,(anonymous_0)
FN:51,(anonymous_1)
FN:57,(anonymous_2)
FN:65,(anonymous_3)
FN:70,(anonymous_4)
FN:80,(anonymous_5)
FN:85,(anonymous_6)
FN:95,(anonymous_7)
FN:139,(anonymous_8)
FN:145,(anonymous_9)
FN:151,(anonymous_10)
FN:162,(anonymous_11)
FN:185,(anonymous_12)
FN:208,(anonymous_13)
FN:231,(anonymous_14)
FN:250,(anonymous_15)
FN:286,(anonymous_16)
FN:287,(anonymous_17)
FN:305,(anonymous_18)
FN:306,(anonymous_19)
FN:309,(anonymous_20)
FN:332,(anonymous_21)
FN:333,(anonymous_22)
FN:336,(anonymous_23)
FNF:24
FNH:0
FNDA:0,(anonymous_0)
FNDA:0,(anonymous_1)
FNDA:0,(anonymous_2)
FNDA:0,(anonymous_3)
FNDA:0,(anonymous_4)
FNDA:0,(anonymous_5)
FNDA:0,(anonymous_6)
FNDA:0,(anonymous_7)
FNDA:0,(anonymous_8)
FNDA:0,(anonymous_9)
FNDA:0,(anonymous_10)
FNDA:0,(anonymous_11)
FNDA:0,(anonymous_12)
FNDA:0,(anonymous_13)
FNDA:0,(anonymous_14)
FNDA:0,(anonymous_15)
FNDA:0,(anonymous_16)
FNDA:0,(anonymous_17)
FNDA:0,(anonymous_18)
FNDA:0,(anonymous_19)
FNDA:0,(anonymous_20)
FNDA:0,(anonymous_21)
FNDA:0,(anonymous_22)
FNDA:0,(anonymous_23)
DA:25,0
DA:29,0
DA:40,0
DA:42,0
DA:43,0
DA:44,0
DA:45,0
DA:46,0
DA:47,0
DA:48,0
DA:51,0
DA:52,0
DA:53,0
DA:57,0
DA:59,0
DA:60,0
DA:61,0
DA:65,0
DA:66,0
DA:67,0
DA:68,0
DA:70,0
DA:72,0
DA:73,0
DA:75,0
DA:80,0
DA:81,0
DA:82,0
DA:83,0
DA:85,0
DA:87,0
DA:88,0
DA:90,0
DA:95,0
DA:96,0
DA:98,0
DA:101,0
DA:102,0
DA:103,0
DA:106,0
DA:107,0
DA:108,0
DA:110,0
DA:111,0
DA:113,0
DA:115,0
DA:116,0
DA:118,0
DA:119,0
DA:121,0
DA:122,0
DA:125,0
DA:127,0
DA:128,0
DA:131,0
DA:132,0
DA:134,0
DA:139,0
DA:140,0
DA:141,0
DA:145,0
DA:146,0
DA:147,0
DA:151,0
DA:152,0
DA:162,0
DA:185,0
DA:208,0
DA:231,0
DA:250,0
DA:252,0
DA:253,0
DA:261,0
DA:262,0
DA:272,0
DA:273,0
DA:282,0
DA:283,0
DA:286,0
DA:288,0
DA:300,0
DA:302,0
DA:305,0
DA:307,0
DA:309,0
DA:329,0
DA:332,0
DA:334,0
DA:336,0
DA:356,0
DA:370,0
DA:406,0
LF:92
LH:0
BRDA:96,0,0,0
BRDA:96,0,1,0
BRDA:101,1,0,0
BRDA:101,1,1,0
BRDA:101,2,0,0
BRDA:101,2,1,0
BRDA:113,3,0,0
BRDA:113,3,1,0
BRDA:113,3,2,0
BRDA:127,4,0,0
BRDA:127,4,1,0
BRDA:157,5,0,0
BRDA:157,5,1,0
BRDA:167,6,0,0
BRDA:167,6,1,0
BRDA:180,7,0,0
BRDA:180,7,1,0
BRDA:190,8,0,0
BRDA:190,8,1,0
BRDA:203,9,0,0
BRDA:203,9,1,0
BRDA:213,10,0,0
BRDA:213,10,1,0
BRDA:226,11,0,0
BRDA:226,11,1,0
BRDA:236,12,0,0
BRDA:236,12,1,0
BRDA:252,13,0,0
BRDA:252,13,1,0
BRDA:261,14,0,0
BRDA:261,14,1,0
BRDA:272,15,0,0
BRDA:272,15,1,0
BRDA:282,16,0,0
BRDA:282,16,1,0
BRDA:300,17,0,0
BRDA:300,17,1,0
BRDA:300,17,2,0
BRDA:359,18,0,0
BRDA:359,18,1,0
BRDA:361,19,0,0
BRDA:361,19,1,0
BRDA:374,20,0,0
BRDA:374,20,1,0
BRDA:379,21,0,0
BRDA:379,21,1,0
BRDA:381,22,0,0
BRDA:381,22,1,0
BRF:48
BRH:0
end_of_record
TN:
SF:src/components/RadioStationItem.tsx
FN:14,(anonymous_0)
FN:29,(anonymous_1)
FN:30,(anonymous_2)
FN:39,(anonymous_3)
FN:67,(anonymous_4)
FN:90,(anonymous_5)
FN:107,(anonymous_6)
FN:132,(anonymous_7)
FN:210,(anonymous_8)
FN:220,(anonymous_9)
FN:380,(anonymous_10)
FNF:11
FNH:0
FNDA:0,(anonymous_0)
FNDA:0,(anonymous_1)
FNDA:0,(anonymous_2)
FNDA:0,(anonymous_3)
FNDA:0,(anonymous_4)
FNDA:0,(anonymous_5)
FNDA:0,(anonymous_6)
FNDA:0,(anonymous_7)
FNDA:0,(anonymous_8)
FNDA:0,(anonymous_9)
FNDA:0,(anonymous_10)
DA:14,0
DA:20,0
DA:21,0
DA:22,0
DA:24,0
DA:25,0
DA:26,0
DA:29,0
DA:30,0
DA:31,0
DA:32,0
DA:35,0
DA:39,0
DA:40,0
DA:41,0
DA:45,0
DA:46,0
DA:50,0
DA:51,0
DA:54,0
DA:58,0
DA:61,0
DA:67,0
DA:68,0
DA:70,0
DA:71,0
DA:73,0
DA:75,0
DA:76,0
DA:79,0
DA:80,0
DA:83,0
DA:85,0
DA:90,0
DA:91,0
DA:93,0
DA:94,0
DA:95,0
DA:97,0
DA:100,0
DA:102,0
DA:107,0
DA:108,0
DA:109,0
DA:113,0
DA:115,0
DA:132,0
DA:211,0
DA:221,0
DA:268,0
DA:381,0
LF:51
LH:0
BRDA:17,0,0,0
BRDA:18,1,0,0
BRDA:40,2,0,0
BRDA:40,2,1,0
BRDA:45,3,0,0
BRDA:45,3,1,0
BRDA:50,4,0,0
BRDA:50,4,1,0
BRDA:50,5,0,0
BRDA:50,5,1,0
BRDA:58,6,0,0
BRDA:58,6,1,0
BRDA:61,7,0,0
BRDA:61,7,1,0
BRDA:61,7,2,0
BRDA:61,7,3,0
BRDA:61,7,4,0
BRDA:73,8,0,0
BRDA:73,8,1,0
BRDA:94,9,0,0
BRDA:94,9,1,0
BRDA:108,10,0,0
BRDA:108,10,1,0
BRDA:113,11,0,0
BRDA:113,11,1,0
BRDA:121,12,0,0
BRDA:121,12,1,0
BRDA:123,13,0,0
BRDA:123,13,1,0
BRDA:130,14,0,0
BRDA:130,14,1,0
BRDA:136,15,0,0
BRDA:136,15,1,0
BRDA:145,16,0,0
BRDA:145,16,1,0
BRDA:162,17,0,0
BRDA:162,17,1,0
BRDA:170,18,0,0
BRDA:170,18,1,0
BRDA:182,19,0,0
BRDA:182,19,1,0
BRDA:194,20,0,0
BRDA:194,20,1,0
BRDA:207,21,0,0
BRDA:207,21,1,0
BRDA:209,22,0,0
BRDA:209,22,1,0
BRDA:220,23,0,0
BRDA:220,23,1,0
BRDA:235,24,0,0
BRDA:235,24,1,0
BRDA:242,25,0,0
BRDA:242,25,1,0
BRDA:252,26,0,0
BRDA:252,26,1,0
BRDA:256,27,0,0
BRDA:256,27,1,0
BRDA:382,28,0,0
BRDA:382,28,1,0
BRF:59
BRH:0
end_of_record
TN:
SF:src/components/TimeSelector.tsx
FN:10,(anonymous_0)
FN:12,(anonymous_1)
FN:26,(anonymous_2)
FN:42,(anonymous_3)
FNF:4
FNH:0
FNDA:0,(anonymous_0)
FNDA:0,(anonymous_1)
FNDA:0,(anonymous_2)
FNDA:0,(anonymous_3)
DA:10,0
DA:12,0
DA:13,0
DA:14,0
DA:15,0
DA:16,0
DA:20,0
DA:23,0
DA:26,0
DA:27,0
DA:28,0
DA:31,0
DA:32,0
DA:35,0
DA:36,0
DA:37,0
DA:42,0
DA:43,0
DA:46,0
DA:73,0
LF:20
LH:0
BRDA:27,0,0,0
BRDA:27,0,1,0
BRDA:31,1,0,0
BRDA:31,1,1,0
BRDA:50,2,0,0
BRDA:50,2,1,0
BRDA:59,3,0,0
BRDA:59,3,1,0
BRDA:59,3,2,0
BRDA:64,4,0,0
BRDA:64,4,1,0
BRF:11
BRH:0
end_of_record
TN:
SF:src/contexts/AlarmContext.tsx
FN:32,(anonymous_0)
FN:38,(anonymous_1)
FN:57,(anonymous_2)
FN:61,(anonymous_3)
FN:72,(anonymous_4)
FN:78,(anonymous_5)
FN:90,(anonymous_6)
FN:102,(anonymous_7)
FN:114,(anonymous_8)
FN:117,(anonymous_9)
FN:132,(anonymous_10)
FN:144,(anonymous_11)
FN:162,(anonymous_12)
FN:173,(anonymous_13)
FNF:14
FNH:0
FNDA:0,(anonymous_0)
FNDA:0,(anonymous_1)
FNDA:0,(anonymous_2)
FNDA:0,(anonymous_3)
FNDA:0,(anonymous_4)
FNDA:0,(anonymous_5)
FNDA:0,(anonymous_6)
FNDA:0,(anonymous_7)
FNDA:0,(anonymous_8)
FNDA:0,(anonymous_9)
FNDA:0,(anonymous_10)
FNDA:0,(anonymous_11)
FNDA:0,(anonymous_12)
FNDA:0,(anonymous_13)
DA:22,0
DA:32,0
DA:33,0
DA:34,0
DA:35,0
DA:38,0
DA:39,0
DA:40,0
DA:41,0
DA:42,0
DA:45,0
DA:46,0
DA:47,0
DA:50,0
DA:52,0
DA:57,0
DA:58,0
DA:61,0
DA:62,0
DA:63,0
DA:65,0
DA:66,0
DA:67,0
DA:68,0
DA:72,0
DA:73,0
DA:78,0
DA:79,0
DA:80,0
DA:81,0
DA:82,0
DA:84,0
DA:85,0
DA:90,0
DA:91,0
DA:92,0
DA:93,0
DA:94,0
DA:96,0
DA:97,0
DA:102,0
DA:103,0
DA:104,0
DA:105,0
DA:106,0
DA:108,0
DA:109,0
DA:114,0
DA:115,0
DA:117,0
DA:118,0
DA:121,0
DA:122,0
DA:123,0
DA:124,0
DA:126,0
DA:127,0
DA:132,0
DA:133,0
DA:134,0
DA:135,0
DA:136,0
DA:138,0
DA:139,0
DA:144,0
DA:145,0
DA:148,0
DA:153,0
DA:154,0
DA:156,0
DA:157,0
DA:162,0
DA:163,0
DA:164,0
DA:165,0
DA:167,0
DA:168,0
DA:173,0
DA:174,0
DA:175,0
DA:176,0
DA:178,0
DA:179,0
DA:184,0
DA:198,0
LF:85
LH:0
BRDA:46,0,0,0
BRDA:46,0,1,0
BRDA:65,1,0,0
BRDA:65,1,1,0
BRDA:65,2,0,0
BRDA:65,2,1,0
BRDA:67,3,0,0
BRDA:67,3,1,0
BRDA:67,4,0,0
BRDA:67,4,1,0
BRDA:118,5,0,0
BRDA:118,5,1,0
BRDA:144,6,0,0
BRF:13
BRH:0
end_of_record
TN:
SF:src/contexts/RadioContext.tsx
FN:34,(anonymous_0)
FN:43,(anonymous_1)
FN:48,(anonymous_2)
FN:58,(anonymous_3)
FN:75,(anonymous_4)
FN:92,(anonymous_5)
FN:109,(anonymous_6)
FN:121,(anonymous_7)
FN:133,(anonymous_8)
FN:143,(anonymous_9)
FNF:10
FNH:0
FNDA:0,(anonymous_0)
FNDA:0,(anonymous_1)
FNDA:0,(anonymous_2)
FNDA:0,(anonymous_3)
FNDA:0,(anonymous_4)
FNDA:0,(anonymous_5)
FNDA:0,(anonymous_6)
FNDA:0,(anonymous_7)
FNDA:0,(anonymous_8)
FNDA:0,(anonymous_9)
DA:24,0
DA:34,0
DA:35,0
DA:36,0
DA:37,0
DA:38,0
DA:39,0
DA:40,0
DA:43,0
DA:44,0
DA:48,0
DA:49,0
DA:50,0
DA:51,0
DA:53,0
DA:58,0
DA:59,0
DA:60,0
DA:61,0
DA:62,0
DA:63,0
DA:64,0
DA:66,0
DA:67,0
DA:68,0
DA:70,0
DA:75,0
DA:76,0
DA:77,0
DA:78,0
DA:79,0
DA:80,0
DA:81,0
DA:83,0
DA:84,0
DA:85,0
DA:87,0
DA:92,0
DA:93,0
DA:94,0
DA:95,0
DA:96,0
DA:97,0
DA:98,0
DA:100,0
DA:101,0
DA:102,0
DA:104,0
DA:109,0
DA:110,0
DA:111,0
DA:112,0
DA:113,0
DA:115,0
DA:116,0
DA:121,0
DA:122,0
DA:123,0
DA:124,0
DA:125,0
DA:127,0
DA:128,0
DA:133,0
DA:134,0
DA:135,0
DA:137,0
DA:138,0
DA:143,0
DA:144,0
DA:145,0
DA:146,0
DA:148,0
DA:149,0
DA:153,0
LF:74
LH:0
BRDA:66,0,0,0
BRDA:66,0,1,0
BRDA:75,1,0,0
BRDA:83,2,0,0
BRDA:83,2,1,0
BRDA:92,3,0,0
BRDA:100,4,0,0
BRDA:100,4,1,0
BRF:8
BRH:0
end_of_record
TN:
SF:src/contexts/ThemeContext.tsx
FN:57,(anonymous_0)
FN:63,(anonymous_1)
FN:64,(anonymous_2)
FN:79,(anonymous_3)
FN:89,(anonymous_4)
FNF:5
FNH:0
FNDA:0,(anonymous_0)
FNDA:0,(anonymous_1)
FNDA:0,(anonymous_2)
FNDA:0,(anonymous_3)
FNDA:0,(anonymous_4)
DA:7,0
DA:10,0
DA:24,0
DA:47,0
DA:57,0
DA:58,0
DA:59,0
DA:60,0
DA:63,0
DA:64,0
DA:65,0
DA:66,0
DA:67,0
DA:68,0
DA:71,0
DA:75,0
DA:79,0
DA:81,0
DA:85,0
DA:89,0
DA:90,0
DA:91,0
DA:92,0
DA:94,0
DA:99,0
DA:103,0
LF:26
LH:0
BRDA:60,0,0,0
BRDA:60,0,1,0
BRDA:67,1,0,0
BRDA:67,1,1,0
BRDA:81,2,0,0
BRDA:81,2,1,0
BRDA:82,3,0,0
BRDA:82,3,1,0
BRDA:83,4,0,0
BRDA:83,4,1,0
BRDA:99,5,0,0
BRDA:99,5,1,0
BRF:12
BRH:0
end_of_record
TN:
SF:src/contexts/index.ts
FNF:0
FNH:0
LF:0
LH:0
BRF:0
BRH:0
end_of_record
TN:
SF:src/hooks/index.ts
FNF:0
FNH:0
LF:0
LH:0
BRF:0
BRH:0
end_of_record
TN:
SF:src/hooks/useAlarm.ts
FN:9,useAlarm
FNF:1
FNH:0
FNDA:0,useAlarm
DA:10,0
DA:12,0
DA:13,0
DA:28,0
DA:30,0
LF:5
LH:0
BRDA:12,0,0,0
BRDA:12,0,1,0
BRF:2
BRH:0
end_of_record
TN:
SF:src/hooks/useRadio.ts
FN:9,useRadio
FNF:1
FNH:0
FNDA:0,useRadio
DA:10,0
DA:12,0
DA:13,0
DA:30,0
DA:32,0
LF:5
LH:0
BRDA:12,0,0,0
BRDA:12,0,1,0
BRF:2
BRH:0
end_of_record
TN:
SF:src/hooks/useTheme.ts
FN:7,useTheme
FNF:1
FNH:0
FNDA:0,useTheme
DA:8,0
DA:10,0
DA:11,0
DA:14,0
LF:4
LH:0
BRDA:10,0,0,0
BRDA:10,0,1,0
BRF:2
BRH:0
end_of_record
TN:
SF:src/modules/AlarmManager.ts
FN:13,(anonymous_0)
FN:28,(anonymous_1)
FN:34,(anonymous_2)
FN:37,(anonymous_3)
FN:51,(anonymous_4)
FN:56,(anonymous_5)
FN:71,(anonymous_6)
FN:82,(anonymous_7)
FN:91,(anonymous_8)
FN:103,(anonymous_9)
FN:105,(anonymous_10)
FN:122,(anonymous_11)
FN:124,(anonymous_12)
FN:133,(anonymous_13)
FN:135,(anonymous_14)
FN:152,(anonymous_15)
FN:196,(anonymous_16)
FN:203,(anonymous_17)
FN:218,(anonymous_18)
FN:237,(anonymous_19)
FN:264,(anonymous_20)
FN:269,(anonymous_21)
FN:273,(anonymous_22)
FN:281,(anonymous_23)
FN:291,(anonymous_24)
FN:310,(anonymous_25)
FN:341,(anonymous_26)
FN:361,(anonymous_27)
FN:378,(anonymous_28)
FN:385,(anonymous_29)
FN:403,(anonymous_30)
FN:425,(anonymous_31)
FN:451,(anonymous_32)
FN:481,(anonymous_33)
FN:487,(anonymous_34)
FN:510,(anonymous_35)
FN:515,(anonymous_36)
FN:520,(anonymous_37)
FN:525,(anonymous_38)
FN:542,(anonymous_39)
FN:557,(anonymous_40)
FN:560,(anonymous_41)
FNF:42
FNH:0
FNDA:0,(anonymous_0)
FNDA:0,(anonymous_1)
FNDA:0,(anonymous_2)
FNDA:0,(anonymous_3)
FNDA:0,(anonymous_4)
FNDA:0,(anonymous_5)
FNDA:0,(anonymous_6)
FNDA:0,(anonymous_7)
FNDA:0,(anonymous_8)
FNDA:0,(anonymous_9)
FNDA:0,(anonymous_10)
FNDA:0,(anonymous_11)
FNDA:0,(anonymous_12)
FNDA:0,(anonymous_13)
FNDA:0,(anonymous_14)
FNDA:0,(anonymous_15)
FNDA:0,(anonymous_16)
FNDA:0,(anonymous_17)
FNDA:0,(anonymous_18)
FNDA:0,(anonymous_19)
FNDA:0,(anonymous_20)
FNDA:0,(anonymous_21)
FNDA:0,(anonymous_22)
FNDA:0,(anonymous_23)
FNDA:0,(anonymous_24)
FNDA:0,(anonymous_25)
FNDA:0,(anonymous_26)
FNDA:0,(anonymous_27)
FNDA:0,(anonymous_28)
FNDA:0,(anonymous_29)
FNDA:0,(anonymous_30)
FNDA:0,(anonymous_31)
FNDA:0,(anonymous_32)
FNDA:0,(anonymous_33)
FNDA:0,(anonymous_34)
FNDA:0,(anonymous_35)
FNDA:0,(anonymous_36)
FNDA:0,(anonymous_37)
FNDA:0,(anonymous_38)
FNDA:0,(anonymous_39)
FNDA:0,(anonymous_40)
FNDA:0,(anonymous_41)
DA:9,0
DA:12,0
DA:13,0
DA:22,0
DA:23,0
DA:24,0
DA:25,0
DA:26,0
DA:29,0
DA:30,0
DA:36,0
DA:37,0
DA:46,0
DA:47,0
DA:52,0
DA:56,0
DA:58,0
DA:60,0
DA:61,0
DA:62,0
DA:63,0
DA:64,0
DA:72,0
DA:73,0
DA:74,0
DA:76,0
DA:77,0
DA:83,0
DA:84,0
DA:86,0
DA:92,0
DA:93,0
DA:94,0
DA:97,0
DA:98,0
DA:104,0
DA:105,0
DA:107,0
DA:108,0
DA:109,0
DA:112,0
DA:115,0
DA:116,0
DA:123,0
DA:124,0
DA:126,0
DA:129,0
DA:134,0
DA:135,0
DA:137,0
DA:138,0
DA:139,0
DA:141,0
DA:143,0
DA:146,0
DA:153,0
DA:154,0
DA:157,0
DA:160,0
DA:161,0
DA:162,0
DA:163,0
DA:166,0
DA:169,0
DA:185,0
DA:188,0
DA:189,0
DA:191,0
DA:197,0
DA:199,0
DA:202,0
DA:203,0
DA:207,0
DA:208,0
DA:211,0
DA:213,0
DA:219,0
DA:220,0
DA:229,0
DA:230,0
DA:233,0
DA:239,0
DA:240,0
DA:241,0
DA:244,0
DA:245,0
DA:246,0
DA:255,0
DA:256,0
DA:259,0
DA:263,0
DA:264,0
DA:265,0
DA:269,0
DA:273,0
DA:274,0
DA:276,0
DA:277,0
DA:280,0
DA:281,0
DA:283,0
DA:285,0
DA:291,0
DA:292,0
DA:293,0
DA:295,0
DA:296,0
DA:298,0
DA:299,0
DA:301,0
DA:304,0
DA:311,0
DA:313,0
DA:316,0
DA:319,0
DA:320,0
DA:323,0
DA:326,0
DA:329,0
DA:332,0
DA:334,0
DA:336,0
DA:342,0
DA:344,0
DA:353,0
DA:354,0
DA:356,0
DA:362,0
DA:363,0
DA:373,0
DA:380,0
DA:381,0
DA:385,0
DA:386,0
DA:387,0
DA:388,0
DA:391,0
DA:392,0
DA:393,0
DA:396,0
DA:404,0
DA:406,0
DA:409,0
DA:412,0
DA:413,0
DA:416,0
DA:418,0
DA:420,0
DA:426,0
DA:427,0
DA:428,0
DA:430,0
DA:432,0
DA:433,0
DA:434,0
DA:438,0
DA:440,0
DA:444,0
DA:446,0
DA:452,0
DA:454,0
DA:455,0
DA:456,0
DA:457,0
DA:461,0
DA:464,0
DA:465,0
DA:466,0
DA:470,0
DA:472,0
DA:474,0
DA:476,0
DA:483,0
DA:486,0
DA:487,0
DA:489,0
DA:491,0
DA:492,0
DA:494,0
DA:511,0
DA:516,0
DA:521,0
DA:523,0
DA:524,0
DA:525,0
DA:529,0
DA:530,0
DA:533,0
DA:534,0
DA:537,0
DA:544,0
DA:545,0
DA:546,0
DA:550,0
DA:551,0
DA:552,0
DA:556,0
DA:557,0
DA:558,0
DA:559,0
DA:561,0
DA:565,0
DA:570,0
LF:203
LH:0
BRDA:58,0,0,0
BRDA:58,0,1,0
BRDA:58,1,0,0
BRDA:58,1,1,0
BRDA:60,2,0,0
BRDA:60,2,1,0
BRDA:62,3,0,0
BRDA:62,3,1,0
BRDA:62,4,0,0
BRDA:62,4,1,0
BRDA:74,5,0,0
BRDA:74,5,1,0
BRDA:97,6,0,0
BRDA:97,6,1,0
BRDA:107,7,0,0
BRDA:107,7,1,0
BRDA:115,8,0,0
BRDA:115,8,1,0
BRDA:137,9,0,0
BRDA:137,9,1,0
BRDA:141,10,0,0
BRDA:141,10,1,0
BRDA:161,11,0,0
BRDA:161,11,1,0
BRDA:171,12,0,0
BRDA:171,12,1,0
BRDA:229,13,0,0
BRDA:229,13,1,0
BRDA:244,14,0,0
BRDA:244,14,1,0
BRDA:244,15,0,0
BRDA:244,15,1,0
BRDA:255,16,0,0
BRDA:255,16,1,0
BRDA:276,17,0,0
BRDA:276,17,1,0
BRDA:283,18,0,0
BRDA:283,18,1,0
BRDA:283,19,0,0
BRDA:283,19,1,0
BRDA:295,20,0,0
BRDA:295,20,1,0
BRDA:296,21,0,0
BRDA:296,21,1,0
BRDA:299,22,0,0
BRDA:299,22,1,0
BRDA:310,23,0,0
BRDA:380,24,0,0
BRDA:380,24,1,0
BRDA:386,25,0,0
BRDA:386,25,1,0
BRDA:386,26,0,0
BRDA:386,26,1,0
BRDA:391,27,0,0
BRDA:391,27,1,0
BRDA:391,28,0,0
BRDA:391,28,1,0
BRDA:403,29,0,0
BRDA:427,30,0,0
BRDA:427,30,1,0
BRDA:432,31,0,0
BRDA:432,31,1,0
BRDA:454,32,0,0
BRDA:454,32,1,0
BRDA:464,33,0,0
BRDA:464,33,1,0
BRDA:489,34,0,0
BRDA:489,34,1,0
BRDA:489,35,0,0
BRDA:489,35,1,0
BRDA:529,36,0,0
BRDA:529,36,1,0
BRDA:529,37,0,0
BRDA:529,37,1,0
BRDA:533,38,0,0
BRDA:533,38,1,0
BRDA:533,39,0,0
BRDA:533,39,1,0
BRDA:544,40,0,0
BRDA:544,40,1,0
BRDA:550,41,0,0
BRDA:550,41,1,0
BRDA:556,42,0,0
BRDA:556,42,1,0
BRF:84
BRH:0
end_of_record
TN:
SF:src/modules/ErrorManager.ts
FN:14,(anonymous_0)
FN:39,(anonymous_1)
FN:43,(anonymous_2)
FNF:3
FNH:0
FNDA:0,(anonymous_0)
FNDA:0,(anonymous_1)
FNDA:0,(anonymous_2)
DA:11,0
DA:12,0
DA:15,0
DA:22,0
DA:25,0
DA:26,0
DA:30,0
DA:31,0
DA:32,0
DA:33,0
DA:35,0
DA:40,0
DA:44,0
DA:48,0
LF:14
LH:0
BRDA:14,0,0,0
BRDA:25,1,0,0
BRDA:25,1,1,0
BRDA:30,2,0,0
BRDA:30,2,1,0
BRDA:30,3,0,0
BRDA:30,3,1,0
BRDA:32,4,0,0
BRDA:32,4,1,0
BRF:9
BRH:0
end_of_record
TN:
SF:src/modules/SettingsManager.ts
FN:16,(anonymous_0)
FN:29,(anonymous_1)
FN:38,(anonymous_2)
FN:42,(anonymous_3)
FN:46,(anonymous_4)
FN:52,(anonymous_5)
FNF:6
FNH:0
FNDA:0,(anonymous_0)
FNDA:0,(anonymous_1)
FNDA:0,(anonymous_2)
FNDA:0,(anonymous_3)
FNDA:0,(anonymous_4)
FNDA:0,(anonymous_5)
DA:5,0
DA:7,0
DA:14,0
DA:17,0
DA:18,0
DA:19,0
DA:20,0
DA:22,0
DA:24,0
DA:25,0
DA:30,0
DA:31,0
DA:32,0
DA:34,0
DA:39,0
DA:43,0
DA:47,0
DA:48,0
DA:49,0
DA:53,0
DA:57,0
LF:21
LH:0
BRDA:19,0,0,0
BRDA:19,0,1,0
BRDA:47,1,0,0
BRDA:47,1,1,0
BRDA:48,2,0,0
BRDA:48,2,1,0
BRF:6
BRH:0
end_of_record
TN:
SF:src/modules/ThemeManager.ts
FN:10,(anonymous_0)
FN:23,(anonymous_1)
FN:32,(anonymous_2)
FNF:3
FNH:0
FNDA:0,(anonymous_0)
FNDA:0,(anonymous_1)
FNDA:0,(anonymous_2)
DA:5,0
DA:8,0
DA:11,0
DA:12,0
DA:13,0
DA:14,0
DA:16,0
DA:18,0
DA:19,0
DA:24,0
DA:25,0
DA:26,0
DA:28,0
DA:33,0
DA:34,0
DA:36,0
DA:40,0
LF:17
LH:0
BRDA:13,0,0,0
BRDA:13,0,1,0
BRDA:33,1,0,0
BRDA:33,1,1,0
BRF:4
BRH:0
end_of_record
TN:
SF:src/modules/TrackPlayerService.ts
FN:3,(anonymous_0)
FN:4,(anonymous_1)
FN:5,(anonymous_2)
FN:6,(anonymous_3)
FN:9,(anonymous_4)
FN:12,(anonymous_5)
FN:16,(anonymous_6)
FN:19,(anonymous_7)
FNF:8
FNH:0
FNDA:0,(anonymous_0)
FNDA:0,(anonymous_1)
FNDA:0,(anonymous_2)
FNDA:0,(anonymous_3)
FNDA:0,(anonymous_4)
FNDA:0,(anonymous_5)
FNDA:0,(anonymous_6)
FNDA:0,(anonymous_7)
DA:3,0
DA:4,0
DA:5,0
DA:6,0
DA:9,0
DA:10,0
DA:12,0
DA:16,0
DA:17,0
DA:19,0
LF:10
LH:0
BRF:0
BRH:0
end_of_record
TN:
SF:src/navigation/AppNavigator.tsx
FN:19,(anonymous_0)
FNF:1
FNH:0
FNDA:0,(anonymous_0)
DA:17,0
DA:19,0
DA:20,0
DA:22,0
LF:4
LH:0
BRF:0
BRH:0
end_of_record
TN:
SF:src/screens/AddAlarmScreen.tsx
FN:37,(anonymous_0)
FN:52,(anonymous_1)
FN:60,(anonymous_2)
FN:66,(anonymous_3)
FN:71,(anonymous_4)
FN:78,(anonymous_5)
FN:122,(anonymous_6)
FN:218,(anonymous_7)
FN:225,(anonymous_8)
FNF:9
FNH:0
FNDA:0,(anonymous_0)
FNDA:0,(anonymous_1)
FNDA:0,(anonymous_2)
FNDA:0,(anonymous_3)
FNDA:0,(anonymous_4)
FNDA:0,(anonymous_5)
FNDA:0,(anonymous_6)
FNDA:0,(anonymous_7)
FNDA:0,(anonymous_8)
DA:37,0
DA:39,0
DA:40,0
DA:43,0
DA:44,0
DA:45,0
DA:46,0
DA:47,0
DA:48,0
DA:49,0
DA:52,0
DA:53,0
DA:60,0
DA:61,0
DA:62,0
DA:66,0
DA:67,0
DA:71,0
DA:72,0
DA:73,0
DA:74,0
DA:78,0
DA:79,0
DA:80,0
DA:81,0
DA:84,0
DA:85,0
DA:96,0
DA:98,0
DA:99,0
DA:101,0
DA:104,0
DA:106,0
DA:107,0
DA:111,0
DA:122,0
DA:219,0
DA:225,0
DA:247,0
LF:39
LH:0
BRDA:43,0,0,0
BRDA:43,0,1,0
BRDA:44,1,0,0
BRDA:44,1,1,0
BRDA:45,2,0,0
BRDA:45,2,1,0
BRDA:46,3,0,0
BRDA:46,3,1,0
BRDA:47,4,0,0
BRDA:47,4,1,0
BRDA:48,5,0,0
BRDA:48,5,1,0
BRDA:49,6,0,0
BRDA:49,6,1,0
BRDA:79,7,0,0
BRDA:79,7,1,0
BRDA:86,8,0,0
BRDA:86,8,1,0
BRDA:98,9,0,0
BRDA:98,9,1,0
BRDA:115,10,0,0
BRDA:115,10,1,0
BRDA:127,11,0,0
BRDA:127,11,1,0
BRDA:156,12,0,0
BRDA:156,12,1,0
BRDA:195,13,0,0
BRDA:195,13,1,0
BRDA:208,14,0,0
BRDA:208,14,1,0
BRDA:212,15,0,0
BRDA:212,15,1,0
BRDA:223,16,0,0
BRDA:223,16,1,0
BRDA:230,17,0,0
BRDA:230,17,1,0
BRF:36
BRH:0
end_of_record
TN:
SF:src/screens/AlarmListScreen.tsx
FN:22,(anonymous_0)
FN:30,(anonymous_1)
FN:32,(anonymous_2)
FN:39,(anonymous_3)
FN:42,(anonymous_4)
FN:48,(anonymous_5)
FN:58,(anonymous_6)
FN:70,(anonymous_7)
FN:84,(anonymous_8)
FN:89,(anonymous_9)
FN:94,(anonymous_10)
FN:112,(anonymous_11)
FN:113,(anonymous_12)
FN:117,(anonymous_13)
FN:131,(anonymous_14)
FNF:15
FNH:0
FNDA:0,(anonymous_0)
FNDA:0,(anonymous_1)
FNDA:0,(anonymous_2)
FNDA:0,(anonymous_3)
FNDA:0,(anonymous_4)
FNDA:0,(anonymous_5)
FNDA:0,(anonymous_6)
FNDA:0,(anonymous_7)
FNDA:0,(anonymous_8)
FNDA:0,(anonymous_9)
FNDA:0,(anonymous_10)
FNDA:0,(anonymous_11)
FNDA:0,(anonymous_12)
FNDA:0,(anonymous_13)
FNDA:0,(anonymous_14)
DA:22,0
DA:23,0
DA:24,0
DA:25,0
DA:26,0
DA:29,0
DA:32,0
DA:39,0
DA:40,0
DA:42,0
DA:43,0
DA:48,0
DA:49,0
DA:50,0
DA:52,0
DA:53,0
DA:58,0
DA:59,0
DA:71,0
DA:72,0
DA:74,0
DA:75,0
DA:84,0
DA:85,0
DA:89,0
DA:90,0
DA:94,0
DA:95,0
DA:104,0
DA:112,0
DA:114,0
DA:117,0
DA:131,0
DA:139,0
LF:34
LH:0
BRDA:122,0,0,0
BRDA:122,0,1,0
BRF:2
BRH:0
end_of_record
TN:
SF:src/screens/SearchRadioScreen.tsx
FN:24,(anonymous_0)
FN:32,(anonymous_1)
FNF:2
FNH:0
FNDA:0,(anonymous_0)
FNDA:0,(anonymous_1)
DA:24,0
DA:25,0
DA:27,0
DA:32,0
DA:48,0
LF:5
LH:0
BRF:0
BRH:0
end_of_record
TN:
SF:src/services/alarm/alarmPlayer.ts
FN:14,(anonymous_0)
FN:21,(anonymous_1)
FN:42,(anonymous_2)
FN:56,(anonymous_3)
FN:71,(anonymous_4)
FN:88,(anonymous_5)
FN:105,(anonymous_6)
FN:120,(anonymous_7)
FN:127,(anonymous_8)
FNF:9
FNH:0
FNDA:0,(anonymous_0)
FNDA:0,(anonymous_1)
FNDA:0,(anonymous_2)
FNDA:0,(anonymous_3)
FNDA:0,(anonymous_4)
FNDA:0,(anonymous_5)
FNDA:0,(anonymous_6)
FNDA:0,(anonymous_7)
FNDA:0,(anonymous_8)
DA:10,0
DA:11,0
DA:12,0
DA:15,0
DA:22,0
DA:23,0
DA:33,0
DA:43,0
DA:45,0
DA:47,0
DA:50,0
DA:51,0
DA:52,0
DA:53,0
DA:56,0
DA:57,0
DA:59,0
DA:60,0
DA:64,0
DA:72,0
DA:73,0
DA:74,0
DA:75,0
DA:76,0
DA:78,0
DA:80,0
DA:89,0
DA:91,0
DA:94,0
DA:95,0
DA:96,0
DA:98,0
DA:106,0
DA:107,0
DA:108,0
DA:109,0
DA:110,0
DA:113,0
DA:121,0
DA:128,0
DA:129,0
DA:134,0
LF:42
LH:0
BRDA:14,0,0,0
BRDA:26,1,0,0
BRDA:26,1,1,0
BRDA:28,2,0,0
BRDA:28,2,1,0
BRDA:29,3,0,0
BRDA:29,3,1,0
BRDA:30,4,0,0
BRDA:30,4,1,0
BRDA:57,5,0,0
BRDA:57,5,1,0
BRDA:73,6,0,0
BRDA:73,6,1,0
BRDA:107,7,0,0
BRDA:107,7,1,0
BRF:15
BRH:0
end_of_record
TN:
SF:src/services/alarm/alarmScheduler.ts
FN:14,(anonymous_0)
FN:33,(anonymous_1)
FN:46,(anonymous_2)
FN:59,(anonymous_3)
FN:69,(anonymous_4)
FN:85,(anonymous_5)
FN:110,(anonymous_6)
FN:139,(anonymous_7)
FN:165,(anonymous_8)
FN:180,(anonymous_9)
FN:191,(anonymous_10)
FN:214,(anonymous_11)
FN:235,(anonymous_12)
FN:257,(anonymous_13)
FN:294,(anonymous_14)
FN:315,(anonymous_15)
FN:322,(anonymous_16)
FNF:17
FNH:0
FNDA:0,(anonymous_0)
FNDA:0,(anonymous_1)
FNDA:0,(anonymous_2)
FNDA:0,(anonymous_3)
FNDA:0,(anonymous_4)
FNDA:0,(anonymous_5)
FNDA:0,(anonymous_6)
FNDA:0,(anonymous_7)
FNDA:0,(anonymous_8)
FNDA:0,(anonymous_9)
FNDA:0,(anonymous_10)
FNDA:0,(anonymous_11)
FNDA:0,(anonymous_12)
FNDA:0,(anonymous_13)
FNDA:0,(anonymous_14)
FNDA:0,(anonymous_15)
FNDA:0,(anonymous_16)
DA:11,0
DA:14,0
DA:15,0
DA:16,0
DA:17,0
DA:18,0
DA:20,0
DA:21,0
DA:29,0
DA:30,0
DA:34,0
DA:40,0
DA:48,0
DA:49,0
DA:53,0
DA:59,0
DA:60,0
DA:62,0
DA:70,0
DA:71,0
DA:76,0
DA:78,0
DA:86,0
DA:88,0
DA:89,0
DA:93,0
DA:96,0
DA:97,0
DA:98,0
DA:102,0
DA:111,0
DA:112,0
DA:113,0
DA:115,0
DA:116,0
DA:120,0
DA:121,0
DA:123,0
DA:125,0
DA:126,0
DA:128,0
DA:131,0
DA:140,0
DA:142,0
DA:145,0
DA:146,0
DA:153,0
DA:155,0
DA:157,0
DA:158,0
DA:166,0
DA:167,0
DA:168,0
DA:169,0
DA:172,0
DA:181,0
DA:182,0
DA:183,0
DA:187,0
DA:190,0
DA:191,0
DA:193,0
DA:195,0
DA:196,0
DA:199,0
DA:201,0
DA:204,0
DA:206,0
DA:215,0
DA:217,0
DA:219,0
DA:221,0
DA:224,0
DA:227,0
DA:236,0
DA:238,0
DA:241,0
DA:244,0
DA:245,0
DA:248,0
DA:258,0
DA:259,0
DA:260,0
DA:263,0
DA:264,0
DA:267,0
DA:268,0
DA:270,0
DA:271,0
DA:272,0
DA:274,0
DA:275,0
DA:276,0
DA:280,0
DA:282,0
DA:283,0
DA:295,0
DA:296,0
DA:305,0
DA:306,0
DA:309,0
DA:316,0
DA:323,0
DA:324,0
DA:325,0
DA:331,0
LF:106
LH:0
BRDA:33,0,0,0
BRDA:35,1,0,0
BRDA:35,1,1,0
BRDA:36,2,0,0
BRDA:36,2,1,0
BRDA:37,3,0,0
BRDA:37,3,1,0
BRDA:48,4,0,0
BRDA:48,4,1,0
BRDA:60,5,0,0
BRDA:60,5,1,0
BRDA:88,6,0,0
BRDA:88,6,1,0
BRDA:97,7,0,0
BRDA:97,7,1,0
BRDA:115,8,0,0
BRDA:115,8,1,0
BRDA:123,9,0,0
BRDA:123,9,1,0
BRDA:126,10,0,0
BRDA:126,10,1,0
BRDA:145,11,0,0
BRDA:145,11,1,0
BRDA:147,12,0,0
BRDA:147,12,1,0
BRDA:167,13,0,0
BRDA:167,13,1,0
BRDA:180,14,0,0
BRDA:182,15,0,0
BRDA:182,15,1,0
BRDA:193,16,0,0
BRDA:193,16,1,0
BRDA:219,17,0,0
BRDA:219,17,1,0
BRDA:244,18,0,0
BRDA:244,18,1,0
BRDA:259,19,0,0
BRDA:259,19,1,0
BRDA:259,20,0,0
BRDA:259,20,1,0
BRDA:274,21,0,0
BRDA:274,21,1,0
BRDA:274,22,0,0
BRDA:274,22,1,0
BRDA:305,23,0,0
BRDA:305,23,1,0
BRDA:323,24,0,0
BRDA:323,24,1,0
BRF:48
BRH:0
end_of_record
TN:
SF:src/services/alarm/alarmStorage.ts
FN:16,(anonymous_0)
FN:33,(anonymous_1)
FN:36,(anonymous_2)
FN:56,(anonymous_3)
FN:59,(anonymous_4)
FN:71,(anonymous_5)
FN:74,(anonymous_6)
FNF:7
FNH:0
FNDA:0,(anonymous_0)
FNDA:0,(anonymous_1)
FNDA:0,(anonymous_2)
FNDA:0,(anonymous_3)
FNDA:0,(anonymous_4)
FNDA:0,(anonymous_5)
FNDA:0,(anonymous_6)
DA:6,0
DA:17,0
DA:18,0
DA:19,0
DA:20,0
DA:22,0
DA:24,0
DA:25,0
DA:34,0
DA:35,0
DA:36,0
DA:38,0
DA:40,0
DA:43,0
DA:46,0
DA:48,0
DA:57,0
DA:58,0
DA:59,0
DA:60,0
DA:62,0
DA:72,0
DA:73,0
DA:74,0
DA:76,0
DA:77,0
DA:78,0
DA:81,0
DA:87,0
LF:29
LH:0
BRDA:19,0,0,0
BRDA:19,0,1,0
BRDA:38,1,0,0
BRDA:38,1,1,0
BRDA:76,2,0,0
BRDA:76,2,1,0
BRF:6
BRH:0
end_of_record
TN:
SF:src/services/alarm/index.ts
FN:15,(anonymous_0)
FN:35,(anonymous_1)
FN:42,(anonymous_2)
FN:49,(anonymous_3)
FN:56,(anonymous_4)
FN:63,(anonymous_5)
FN:70,(anonymous_6)
FN:77,(anonymous_7)
FN:84,(anonymous_8)
FN:91,(anonymous_9)
FN:98,(anonymous_10)
FNF:11
FNH:0
FNDA:0,(anonymous_0)
FNDA:0,(anonymous_1)
FNDA:0,(anonymous_2)
FNDA:0,(anonymous_3)
FNDA:0,(anonymous_4)
FNDA:0,(anonymous_5)
FNDA:0,(anonymous_6)
FNDA:0,(anonymous_7)
FNDA:0,(anonymous_8)
FNDA:0,(anonymous_9)
FNDA:0,(anonymous_10)
DA:16,0
DA:18,0
DA:21,0
DA:22,0
DA:23,0
DA:24,0
DA:28,0
DA:36,0
DA:43,0
DA:50,0
DA:57,0
DA:64,0
DA:71,0
DA:78,0
DA:85,0
DA:92,0
DA:99,0
DA:100,0
DA:105,0
LF:19
LH:0
BRDA:23,0,0,0
BRDA:23,0,1,0
BRDA:70,1,0,0
BRF:3
BRH:0
end_of_record
TN:
SF:src/services/notification/notificationService.ts
FN:8,(anonymous_0)
FN:22,(anonymous_1)
FN:29,(anonymous_2)
FN:42,(anonymous_3)
FN:50,(anonymous_4)
FN:66,(anonymous_5)
FN:100,(anonymous_6)
FN:120,(anonymous_7)
FN:141,(anonymous_8)
FN:143,(anonymous_9)
FNF:10
FNH:0
FNDA:0,(anonymous_0)
FNDA:0,(anonymous_1)
FNDA:0,(anonymous_2)
FNDA:0,(anonymous_3)
FNDA:0,(anonymous_4)
FNDA:0,(anonymous_5)
FNDA:0,(anonymous_6)
FNDA:0,(anonymous_7)
FNDA:0,(anonymous_8)
FNDA:0,(anonymous_9)
DA:7,0
DA:8,0
DA:20,0
DA:23,0
DA:31,0
DA:34,0
DA:42,0
DA:43,0
DA:50,0
DA:51,0
DA:52,0
DA:53,0
DA:55,0
DA:57,0
DA:67,0
DA:69,0
DA:72,0
DA:80,0
DA:83,0
DA:88,0
DA:89,0
DA:91,0
DA:92,0
DA:101,0
DA:103,0
DA:106,0
DA:107,0
DA:108,0
DA:109,0
DA:113,0
DA:121,0
DA:122,0
DA:131,0
DA:133,0
DA:134,0
DA:143,0
DA:144,0
DA:145,0
DA:148,0
DA:153,0
LF:40
LH:0
BRDA:55,0,0,0
BRDA:55,0,1,0
BRDA:73,1,0,0
BRDA:73,1,1,0
BRDA:74,2,0,0
BRDA:74,2,1,0
BRDA:107,3,0,0
BRDA:107,3,1,0
BRDA:144,4,0,0
BRDA:144,4,1,0
BRDA:144,5,0,0
BRDA:144,5,1,0
BRF:12
BRH:0
end_of_record
TN:
SF:src/services/radio/index.ts
FNF:0
FNH:0
DA:6,1
DA:7,1
DA:8,1
LF:3
LH:3
BRF:0
BRH:0
end_of_record
TN:
SF:src/services/radio/radioCache.ts
FN:18,(anonymous_0)
FN:29,(anonymous_1)
FN:41,(anonymous_2)
FN:63,(anonymous_3)
FN:76,(anonymous_4)
FN:98,(anonymous_5)
FN:110,(anonymous_6)
FNF:7
FNH:2
FNDA:2,(anonymous_0)
FNDA:0,(anonymous_1)
FNDA:0,(anonymous_2)
FNDA:1,(anonymous_3)
FNDA:0,(anonymous_4)
FNDA:0,(anonymous_5)
FNDA:0,(anonymous_6)
DA:6,1
DA:15,2
DA:19,2
DA:30,0
DA:31,0
DA:33,0
DA:34,0
DA:42,0
DA:43,0
DA:44,0
DA:47,0
DA:48,0
DA:49,0
DA:52,0
DA:54,0
DA:55,0
DA:64,1
DA:65,1
DA:66,1
DA:68,0
DA:77,0
DA:78,0
DA:79,0
DA:82,0
DA:83,0
DA:84,0
DA:87,0
DA:89,0
DA:90,0
DA:99,0
DA:100,0
DA:101,0
DA:103,0
DA:111,0
DA:112,0
DA:113,0
DA:115,0
DA:121,1
LF:38
LH:7
BRDA:18,0,0,2
BRDA:20,1,0,2
BRDA:20,1,1,2
BRDA:31,2,0,0
BRDA:31,2,1,0
BRDA:43,3,0,0
BRDA:43,3,1,0
BRDA:48,4,0,0
BRDA:48,4,1,0
BRDA:78,5,0,0
BRDA:78,5,1,0
BRDA:83,6,0,0
BRDA:83,6,1,0
BRF:13
BRH:3
end_of_record
TN:
SF:src/services/radio/radioFavorites.ts
FN:16,(anonymous_0)
FN:33,(anonymous_1)
FN:39,(anonymous_2)
FN:56,(anonymous_3)
FN:60,(anonymous_4)
FN:74,(anonymous_5)
FN:77,(anonymous_6)
FNF:7
FNH:0
FNDA:0,(anonymous_0)
FNDA:0,(anonymous_1)
FNDA:0,(anonymous_2)
FNDA:0,(anonymous_3)
FNDA:0,(anonymous_4)
FNDA:0,(anonymous_5)
FNDA:0,(anonymous_6)
DA:6,1
DA:17,0
DA:18,0
DA:19,0
DA:20,0
DA:22,0
DA:24,0
DA:25,0
DA:34,0
DA:35,0
DA:38,0
DA:39,0
DA:42,0
DA:44,0
DA:45,0
DA:48,0
DA:57,0
DA:58,0
DA:59,0
DA:60,0
DA:63,0
DA:65,0
DA:75,0
DA:76,0
DA:77,0
DA:79,0
DA:80,0
DA:86,1
LF:28
LH:2
BRDA:19,0,0,0
BRDA:19,0,1,0
BRDA:42,1,0,0
BRDA:42,1,1,0
BRF:4
BRH:0
end_of_record
TN:
SF:src/services/radio/radioService.ts
FN:17,(anonymous_0)
FN:31,(anonymous_1)
FN:61,(anonymous_2)
FN:90,(anonymous_3)
FN:98,(anonymous_4)
FN:106,(anonymous_5)
FN:115,(anonymous_6)
FN:122,(anonymous_7)
FNF:8
FNH:2
FNDA:2,(anonymous_0)
FNDA:1,(anonymous_1)
FNDA:0,(anonymous_2)
FNDA:0,(anonymous_3)
FNDA:0,(anonymous_4)
FNDA:0,(anonymous_5)
FNDA:0,(anonymous_6)
FNDA:0,(anonymous_7)
DA:18,2
DA:19,2
DA:21,1
DA:22,1
DA:32,1
DA:34,1
DA:35,0
DA:36,0
DA:37,0
DA:42,1
DA:45,1
DA:46,1
DA:49,1
DA:51,0
DA:52,0
DA:62,0
DA:64,0
DA:65,0
DA:66,0
DA:67,0
DA:72,0
DA:75,0
DA:76,0
DA:79,0
DA:81,0
DA:82,0
DA:91,0
DA:99,0
DA:107,0
DA:116,0
DA:123,0
DA:128,1
LF:32
LH:11
BRDA:31,0,0,0
BRDA:34,1,0,0
BRDA:34,1,1,1
BRDA:36,2,0,0
BRDA:36,2,1,0
BRDA:45,3,0,1
BRDA:45,3,1,0
BRDA:61,4,0,0
BRDA:64,5,0,0
BRDA:64,5,1,0
BRDA:66,6,0,0
BRDA:66,6,1,0
BRDA:75,7,0,0
BRDA:75,7,1,0
BRF:14
BRH:2
end_of_record
TN:
SF:src/styles/theme.ts
FNF:0
FNH:0
DA:3,0
DA:31,0
LF:2
LH:0
BRF:0
BRH:0
end_of_record
TN:
SF:src/types/alarm.ts
FNF:0
FNH:0
LF:0
LH:0
BRF:0
BRH:0
end_of_record
TN:
SF:src/types/index.ts
FNF:0
FNH:0
LF:0
LH:0
BRF:0
BRH:0
end_of_record
TN:
SF:src/types/radio.ts
FNF:0
FNH:0
LF:0
LH:0
BRF:0
BRH:0
end_of_record
TN:
SF:src/types/settings.ts
FNF:0
FNH:0
LF:0
LH:0
BRF:0
BRH:0
end_of_record
TN:
SF:src/utils/errorHandling.ts
FN:10,(anonymous_0)
FN:27,(anonymous_1)
FNF:2
FNH:0
FNDA:0,(anonymous_0)
FNDA:0,(anonymous_1)
DA:12,0
DA:32,0
DA:33,0
DA:35,0
DA:36,0
LF:5
LH:0
BRF:0
BRH:0
end_of_record
